[0.208s] DEBUG:colcon:Command line arguments: ['/usr/bin/colcon', 'build', '--packages-select', 'basic_description', 'conveyor_belt_system']
[0.208s] DEBUG:colcon:Parsed command line arguments: Namespace(log_base=None, log_level=None, verb_name='build', build_base='build', install_base='install', merge_install=False, symlink_install=False, test_result_base=None, continue_on_error=False, executor='parallel', parallel_workers=4, event_handlers=None, ignore_user_meta=False, metas=['./colcon.meta'], base_paths=['.'], packages_ignore=None, packages_ignore_regex=None, paths=None, packages_up_to=None, packages_up_to_regex=None, packages_above=None, packages_above_and_dependencies=None, packages_above_depth=None, packages_select_by_dep=None, packages_skip_by_dep=None, packages_skip_up_to=None, packages_select_build_failed=False, packages_skip_build_finished=False, packages_select_test_failures=False, packages_skip_test_passed=False, packages_select=['basic_description', 'conveyor_belt_system'], packages_skip=None, packages_select_regex=None, packages_skip_regex=None, packages_start=None, packages_end=None, allow_overriding=[], cmake_args=None, cmake_target=None, cmake_target_skip_unavailable=False, cmake_clean_cache=False, cmake_clean_first=False, cmake_force_configure=False, ament_cmake_args=None, catkin_cmake_args=None, catkin_skip_building_tests=False, mixin_files=None, mixin=None, verb_parser=<colcon_mixin.mixin.mixin_argument.MixinArgumentDecorator object at 0x7f707314dc60>, verb_extension=<colcon_core.verb.build.BuildVerb object at 0x7f707314d2a0>, main=<bound method BuildVerb.main of <colcon_core.verb.build.BuildVerb object at 0x7f707314d2a0>>, mixin_verb=('build',))
[0.527s] Level 1:colcon.colcon_core.package_discovery:discover_packages(colcon_meta) check parameters
[0.528s] Level 1:colcon.colcon_core.package_discovery:discover_packages(recursive) check parameters
[0.528s] Level 1:colcon.colcon_core.package_discovery:discover_packages(ignore) check parameters
[0.528s] Level 1:colcon.colcon_core.package_discovery:discover_packages(path) check parameters
[0.528s] Level 1:colcon.colcon_core.package_discovery:discover_packages(colcon_meta) discover
[0.528s] Level 1:colcon.colcon_core.package_discovery:discover_packages(recursive) discover
[0.528s] INFO:colcon.colcon_core.package_discovery:Crawling recursively for packages in '/home/ram/Documents/ROS---2'
[0.528s] Level 1:colcon.colcon_core.package_identification:_identify(.) by extensions ['ignore', 'ignore_ament_install']
[0.528s] Level 1:colcon.colcon_core.package_identification:_identify(.) by extension 'ignore'
[0.529s] Level 1:colcon.colcon_core.package_identification:_identify(.) by extension 'ignore_ament_install'
[0.529s] Level 1:colcon.colcon_core.package_identification:_identify(.) by extensions ['colcon_pkg']
[0.529s] Level 1:colcon.colcon_core.package_identification:_identify(.) by extension 'colcon_pkg'
[0.529s] Level 1:colcon.colcon_core.package_identification:_identify(.) by extensions ['colcon_meta']
[0.529s] Level 1:colcon.colcon_core.package_identification:_identify(.) by extension 'colcon_meta'
[0.529s] Level 1:colcon.colcon_core.package_identification:_identify(.) by extensions ['ros']
[0.529s] Level 1:colcon.colcon_core.package_identification:_identify(.) by extension 'ros'
[0.550s] Level 1:colcon.colcon_core.package_identification:_identify(.) by extensions ['cmake', 'python']
[0.550s] Level 1:colcon.colcon_core.package_identification:_identify(.) by extension 'cmake'
[0.550s] Level 1:colcon.colcon_core.package_identification:_identify(.) by extension 'python'
[0.550s] Level 1:colcon.colcon_core.package_identification:_identify(.) by extensions ['python_setup_py']
[0.550s] Level 1:colcon.colcon_core.package_identification:_identify(.) by extension 'python_setup_py'
[0.550s] Level 1:colcon.colcon_core.package_identification:_identify(build) by extensions ['ignore', 'ignore_ament_install']
[0.550s] Level 1:colcon.colcon_core.package_identification:_identify(build) by extension 'ignore'
[0.551s] Level 1:colcon.colcon_core.package_identification:_identify(build) ignored
[0.551s] Level 1:colcon.colcon_core.package_identification:_identify(install) by extensions ['ignore', 'ignore_ament_install']
[0.551s] Level 1:colcon.colcon_core.package_identification:_identify(install) by extension 'ignore'
[0.551s] Level 1:colcon.colcon_core.package_identification:_identify(install) ignored
[0.551s] Level 1:colcon.colcon_core.package_identification:_identify(log) by extensions ['ignore', 'ignore_ament_install']
[0.551s] Level 1:colcon.colcon_core.package_identification:_identify(log) by extension 'ignore'
[0.551s] Level 1:colcon.colcon_core.package_identification:_identify(log) ignored
[0.552s] Level 1:colcon.colcon_core.package_identification:_identify(src) by extensions ['ignore', 'ignore_ament_install']
[0.552s] Level 1:colcon.colcon_core.package_identification:_identify(src) by extension 'ignore'
[0.552s] Level 1:colcon.colcon_core.package_identification:_identify(src) by extension 'ignore_ament_install'
[0.552s] Level 1:colcon.colcon_core.package_identification:_identify(src) by extensions ['colcon_pkg']
[0.552s] Level 1:colcon.colcon_core.package_identification:_identify(src) by extension 'colcon_pkg'
[0.552s] Level 1:colcon.colcon_core.package_identification:_identify(src) by extensions ['colcon_meta']
[0.552s] Level 1:colcon.colcon_core.package_identification:_identify(src) by extension 'colcon_meta'
[0.552s] Level 1:colcon.colcon_core.package_identification:_identify(src) by extensions ['ros']
[0.552s] Level 1:colcon.colcon_core.package_identification:_identify(src) by extension 'ros'
[0.552s] Level 1:colcon.colcon_core.package_identification:_identify(src) by extensions ['cmake', 'python']
[0.553s] Level 1:colcon.colcon_core.package_identification:_identify(src) by extension 'cmake'
[0.553s] Level 1:colcon.colcon_core.package_identification:_identify(src) by extension 'python'
[0.553s] Level 1:colcon.colcon_core.package_identification:_identify(src) by extensions ['python_setup_py']
[0.553s] Level 1:colcon.colcon_core.package_identification:_identify(src) by extension 'python_setup_py'
[0.553s] Level 1:colcon.colcon_core.package_identification:_identify(src/basic_description) by extensions ['ignore', 'ignore_ament_install']
[0.553s] Level 1:colcon.colcon_core.package_identification:_identify(src/basic_description) by extension 'ignore'
[0.553s] Level 1:colcon.colcon_core.package_identification:_identify(src/basic_description) by extension 'ignore_ament_install'
[0.553s] Level 1:colcon.colcon_core.package_identification:_identify(src/basic_description) by extensions ['colcon_pkg']
[0.553s] Level 1:colcon.colcon_core.package_identification:_identify(src/basic_description) by extension 'colcon_pkg'
[0.553s] Level 1:colcon.colcon_core.package_identification:_identify(src/basic_description) by extensions ['colcon_meta']
[0.554s] Level 1:colcon.colcon_core.package_identification:_identify(src/basic_description) by extension 'colcon_meta'
[0.554s] Level 1:colcon.colcon_core.package_identification:_identify(src/basic_description) by extensions ['ros']
[0.554s] Level 1:colcon.colcon_core.package_identification:_identify(src/basic_description) by extension 'ros'
[0.558s] DEBUG:colcon.colcon_core.package_identification:Package 'src/basic_description' with type 'ros.ament_cmake' and name 'basic_description'
[0.558s] Level 1:colcon.colcon_core.package_identification:_identify(src/basic_py_examples) by extensions ['ignore', 'ignore_ament_install']
[0.558s] Level 1:colcon.colcon_core.package_identification:_identify(src/basic_py_examples) by extension 'ignore'
[0.558s] Level 1:colcon.colcon_core.package_identification:_identify(src/basic_py_examples) by extension 'ignore_ament_install'
[0.558s] Level 1:colcon.colcon_core.package_identification:_identify(src/basic_py_examples) by extensions ['colcon_pkg']
[0.558s] Level 1:colcon.colcon_core.package_identification:_identify(src/basic_py_examples) by extension 'colcon_pkg'
[0.559s] Level 1:colcon.colcon_core.package_identification:_identify(src/basic_py_examples) by extensions ['colcon_meta']
[0.559s] Level 1:colcon.colcon_core.package_identification:_identify(src/basic_py_examples) by extension 'colcon_meta'
[0.559s] Level 1:colcon.colcon_core.package_identification:_identify(src/basic_py_examples) by extensions ['ros']
[0.559s] Level 1:colcon.colcon_core.package_identification:_identify(src/basic_py_examples) by extension 'ros'
[0.560s] DEBUG:colcon.colcon_core.package_identification:Package 'src/basic_py_examples' with type 'ros.ament_python' and name 'basic_py_examples'
[0.560s] Level 1:colcon.colcon_core.package_identification:_identify(src/conveyor_belt_system) by extensions ['ignore', 'ignore_ament_install']
[0.560s] Level 1:colcon.colcon_core.package_identification:_identify(src/conveyor_belt_system) by extension 'ignore'
[0.561s] Level 1:colcon.colcon_core.package_identification:_identify(src/conveyor_belt_system) by extension 'ignore_ament_install'
[0.561s] Level 1:colcon.colcon_core.package_identification:_identify(src/conveyor_belt_system) by extensions ['colcon_pkg']
[0.561s] Level 1:colcon.colcon_core.package_identification:_identify(src/conveyor_belt_system) by extension 'colcon_pkg'
[0.561s] Level 1:colcon.colcon_core.package_identification:_identify(src/conveyor_belt_system) by extensions ['colcon_meta']
[0.561s] Level 1:colcon.colcon_core.package_identification:_identify(src/conveyor_belt_system) by extension 'colcon_meta'
[0.561s] Level 1:colcon.colcon_core.package_identification:_identify(src/conveyor_belt_system) by extensions ['ros']
[0.561s] Level 1:colcon.colcon_core.package_identification:_identify(src/conveyor_belt_system) by extension 'ros'
[0.563s] DEBUG:colcon.colcon_core.package_identification:Package 'src/conveyor_belt_system' with type 'ros.ament_cmake' and name 'conveyor_belt_system'
[0.563s] Level 1:colcon.colcon_core.package_identification:_identify(src/conveyor_manipulation) by extensions ['ignore', 'ignore_ament_install']
[0.563s] Level 1:colcon.colcon_core.package_identification:_identify(src/conveyor_manipulation) by extension 'ignore'
[0.564s] Level 1:colcon.colcon_core.package_identification:_identify(src/conveyor_manipulation) by extension 'ignore_ament_install'
[0.564s] Level 1:colcon.colcon_core.package_identification:_identify(src/conveyor_manipulation) by extensions ['colcon_pkg']
[0.564s] Level 1:colcon.colcon_core.package_identification:_identify(src/conveyor_manipulation) by extension 'colcon_pkg'
[0.564s] Level 1:colcon.colcon_core.package_identification:_identify(src/conveyor_manipulation) by extensions ['colcon_meta']
[0.564s] Level 1:colcon.colcon_core.package_identification:_identify(src/conveyor_manipulation) by extension 'colcon_meta'
[0.564s] Level 1:colcon.colcon_core.package_identification:_identify(src/conveyor_manipulation) by extensions ['ros']
[0.564s] Level 1:colcon.colcon_core.package_identification:_identify(src/conveyor_manipulation) by extension 'ros'
[0.566s] DEBUG:colcon.colcon_core.package_identification:Package 'src/conveyor_manipulation' with type 'ros.ament_python' and name 'conveyor_manipulation'
[0.566s] Level 1:colcon.colcon_core.package_discovery:discover_packages(recursive) using defaults
[0.566s] Level 1:colcon.colcon_core.package_discovery:discover_packages(ignore) discover
[0.566s] Level 1:colcon.colcon_core.package_discovery:discover_packages(ignore) using defaults
[0.566s] Level 1:colcon.colcon_core.package_discovery:discover_packages(path) discover
[0.566s] Level 1:colcon.colcon_core.package_discovery:discover_packages(path) using defaults
[0.618s] INFO:colcon.colcon_core.package_selection:Skipping not selected package 'basic_py_examples' in 'src/basic_py_examples'
[0.618s] INFO:colcon.colcon_core.package_selection:Skipping not selected package 'conveyor_manipulation' in 'src/conveyor_manipulation'
[0.619s] Level 1:colcon.colcon_core.package_discovery:discover_packages(prefix_path) check parameters
[0.619s] Level 1:colcon.colcon_core.package_discovery:discover_packages(prefix_path) discover
[0.621s] WARNING:colcon.colcon_ros.prefix_path.ament:The path '/home/ram/Documents/ROS---2/install/lego_manipulation' in the environment variable AMENT_PREFIX_PATH doesn't exist
[0.621s] WARNING:colcon.colcon_ros.prefix_path.catkin:The path '/home/ram/Documents/ROS---2/install/lego_description' in the environment variable CMAKE_PREFIX_PATH doesn't exist
[0.623s] DEBUG:colcon.colcon_installed_package_information.package_discovery:Found 4 installed packages in /home/ram/Documents/ROS---2/install
[0.625s] DEBUG:colcon.colcon_installed_package_information.package_discovery:Found 276 installed packages in /opt/ros/humble
[0.628s] Level 1:colcon.colcon_core.package_discovery:discover_packages(prefix_path) using defaults
[0.705s] Level 5:colcon.colcon_core.verb:set package 'basic_description' build argument 'cmake_args' from command line to 'None'
[0.705s] Level 5:colcon.colcon_core.verb:set package 'basic_description' build argument 'cmake_target' from command line to 'None'
[0.705s] Level 5:colcon.colcon_core.verb:set package 'basic_description' build argument 'cmake_target_skip_unavailable' from command line to 'False'
[0.706s] Level 5:colcon.colcon_core.verb:set package 'basic_description' build argument 'cmake_clean_cache' from command line to 'False'
[0.706s] Level 5:colcon.colcon_core.verb:set package 'basic_description' build argument 'cmake_clean_first' from command line to 'False'
[0.706s] Level 5:colcon.colcon_core.verb:set package 'basic_description' build argument 'cmake_force_configure' from command line to 'False'
[0.706s] Level 5:colcon.colcon_core.verb:set package 'basic_description' build argument 'ament_cmake_args' from command line to 'None'
[0.706s] Level 5:colcon.colcon_core.verb:set package 'basic_description' build argument 'catkin_cmake_args' from command line to 'None'
[0.706s] Level 5:colcon.colcon_core.verb:set package 'basic_description' build argument 'catkin_skip_building_tests' from command line to 'False'
[0.706s] DEBUG:colcon.colcon_core.verb:Building package 'basic_description' with the following arguments: {'ament_cmake_args': None, 'build_base': '/home/ram/Documents/ROS---2/build/basic_description', 'catkin_cmake_args': None, 'catkin_skip_building_tests': False, 'cmake_args': None, 'cmake_clean_cache': False, 'cmake_clean_first': False, 'cmake_force_configure': False, 'cmake_target': None, 'cmake_target_skip_unavailable': False, 'install_base': '/home/ram/Documents/ROS---2/install/basic_description', 'merge_install': False, 'path': '/home/ram/Documents/ROS---2/src/basic_description', 'symlink_install': False, 'test_result_base': None}
[0.707s] Level 5:colcon.colcon_core.verb:set package 'conveyor_belt_system' build argument 'cmake_args' from command line to 'None'
[0.707s] Level 5:colcon.colcon_core.verb:set package 'conveyor_belt_system' build argument 'cmake_target' from command line to 'None'
[0.707s] Level 5:colcon.colcon_core.verb:set package 'conveyor_belt_system' build argument 'cmake_target_skip_unavailable' from command line to 'False'
[0.707s] Level 5:colcon.colcon_core.verb:set package 'conveyor_belt_system' build argument 'cmake_clean_cache' from command line to 'False'
[0.707s] Level 5:colcon.colcon_core.verb:set package 'conveyor_belt_system' build argument 'cmake_clean_first' from command line to 'False'
[0.707s] Level 5:colcon.colcon_core.verb:set package 'conveyor_belt_system' build argument 'cmake_force_configure' from command line to 'False'
[0.707s] Level 5:colcon.colcon_core.verb:set package 'conveyor_belt_system' build argument 'ament_cmake_args' from command line to 'None'
[0.707s] Level 5:colcon.colcon_core.verb:set package 'conveyor_belt_system' build argument 'catkin_cmake_args' from command line to 'None'
[0.708s] Level 5:colcon.colcon_core.verb:set package 'conveyor_belt_system' build argument 'catkin_skip_building_tests' from command line to 'False'
[0.708s] DEBUG:colcon.colcon_core.verb:Building package 'conveyor_belt_system' with the following arguments: {'ament_cmake_args': None, 'build_base': '/home/ram/Documents/ROS---2/build/conveyor_belt_system', 'catkin_cmake_args': None, 'catkin_skip_building_tests': False, 'cmake_args': None, 'cmake_clean_cache': False, 'cmake_clean_first': False, 'cmake_force_configure': False, 'cmake_target': None, 'cmake_target_skip_unavailable': False, 'install_base': '/home/ram/Documents/ROS---2/install/conveyor_belt_system', 'merge_install': False, 'path': '/home/ram/Documents/ROS---2/src/conveyor_belt_system', 'symlink_install': False, 'test_result_base': None}
[0.708s] INFO:colcon.colcon_core.executor:Executing jobs using 'parallel' executor
[0.710s] DEBUG:colcon.colcon_parallel_executor.executor.parallel:run_until_complete
[0.710s] INFO:colcon.colcon_ros.task.ament_cmake.build:Building ROS package in '/home/ram/Documents/ROS---2/src/basic_description' with build type 'ament_cmake'
[0.711s] INFO:colcon.colcon_cmake.task.cmake.build:Building CMake package in '/home/ram/Documents/ROS---2/src/basic_description'
[0.715s] INFO:colcon.colcon_core.plugin_system:Skipping extension 'colcon_core.shell.bat': Not used on non-Windows systems
[0.715s] INFO:colcon.colcon_core.shell:Skip shell extension 'powershell' for command environment: Not usable outside of PowerShell
[0.715s] DEBUG:colcon.colcon_core.shell:Skip shell extension 'dsv' for command environment
[0.722s] INFO:colcon.colcon_ros.task.ament_cmake.build:Building ROS package in '/home/ram/Documents/ROS---2/src/conveyor_belt_system' with build type 'ament_cmake'
[0.722s] INFO:colcon.colcon_cmake.task.cmake.build:Building CMake package in '/home/ram/Documents/ROS---2/src/conveyor_belt_system'
[0.723s] INFO:colcon.colcon_core.shell:Skip shell extension 'powershell' for command environment: Not usable outside of PowerShell
[0.723s] DEBUG:colcon.colcon_core.shell:Skip shell extension 'dsv' for command environment
[0.736s] DEBUG:colcon.colcon_core.event_handler.log_command:Invoking command in '/home/ram/Documents/ROS---2/build/basic_description': CMAKE_PREFIX_PATH=${CMAKE_PREFIX_PATH}:/opt/ros/humble:/home/ram/Documents/ROS---2/install/lego_manipulation:/home/ram/Documents/ROS---2/install/basic_py_examples /usr/bin/cmake --build /home/ram/Documents/ROS---2/build/basic_description -- -j4 -l4
[0.746s] DEBUG:colcon.colcon_core.event_handler.log_command:Invoking command in '/home/ram/Documents/ROS---2/build/conveyor_belt_system': CMAKE_PREFIX_PATH=${CMAKE_PREFIX_PATH}:/opt/ros/humble:/home/ram/Documents/ROS---2/install/lego_manipulation:/home/ram/Documents/ROS---2/install/basic_py_examples /usr/bin/cmake --build /home/ram/Documents/ROS---2/build/conveyor_belt_system -- -j4 -l4
[0.803s] DEBUG:colcon.colcon_core.event_handler.log_command:Invoked command in '/home/ram/Documents/ROS---2/build/basic_description' returned '0': CMAKE_PREFIX_PATH=${CMAKE_PREFIX_PATH}:/opt/ros/humble:/home/ram/Documents/ROS---2/install/lego_manipulation:/home/ram/Documents/ROS---2/install/basic_py_examples /usr/bin/cmake --build /home/ram/Documents/ROS---2/build/basic_description -- -j4 -l4
[0.820s] DEBUG:colcon.colcon_core.event_handler.log_command:Invoking command in '/home/ram/Documents/ROS---2/build/basic_description': CMAKE_PREFIX_PATH=${CMAKE_PREFIX_PATH}:/opt/ros/humble:/home/ram/Documents/ROS---2/install/lego_manipulation:/home/ram/Documents/ROS---2/install/basic_py_examples /usr/bin/cmake --install /home/ram/Documents/ROS---2/build/basic_description
[0.822s] DEBUG:colcon.colcon_core.event_handler.log_command:Invoked command in '/home/ram/Documents/ROS---2/build/conveyor_belt_system' returned '0': CMAKE_PREFIX_PATH=${CMAKE_PREFIX_PATH}:/opt/ros/humble:/home/ram/Documents/ROS---2/install/lego_manipulation:/home/ram/Documents/ROS---2/install/basic_py_examples /usr/bin/cmake --build /home/ram/Documents/ROS---2/build/conveyor_belt_system -- -j4 -l4
[0.825s] DEBUG:colcon.colcon_core.event_handler.log_command:Invoking command in '/home/ram/Documents/ROS---2/build/conveyor_belt_system': CMAKE_PREFIX_PATH=${CMAKE_PREFIX_PATH}:/opt/ros/humble:/home/ram/Documents/ROS---2/install/lego_manipulation:/home/ram/Documents/ROS---2/install/basic_py_examples /usr/bin/cmake --install /home/ram/Documents/ROS---2/build/conveyor_belt_system
[0.841s] Level 1:colcon.colcon_core.environment:create_environment_scripts_only(basic_description)
[0.850s] DEBUG:colcon.colcon_core.event_handler.log_command:Invoked command in '/home/ram/Documents/ROS---2/build/basic_description' returned '0': CMAKE_PREFIX_PATH=${CMAKE_PREFIX_PATH}:/opt/ros/humble:/home/ram/Documents/ROS---2/install/lego_manipulation:/home/ram/Documents/ROS---2/install/basic_py_examples /usr/bin/cmake --install /home/ram/Documents/ROS---2/build/basic_description
[0.855s] Level 1:colcon.colcon_core.environment:checking '/home/ram/Documents/ROS---2/install/basic_description' for CMake module files
[0.856s] Level 1:colcon.colcon_core.environment:checking '/home/ram/Documents/ROS---2/install/basic_description' for CMake config files
[0.857s] Level 1:colcon.colcon_core.shell:create_environment_hook('basic_description', 'cmake_prefix_path')
[0.857s] INFO:colcon.colcon_core.shell:Creating environment hook '/home/ram/Documents/ROS---2/install/basic_description/share/basic_description/hook/cmake_prefix_path.ps1'
[0.858s] INFO:colcon.colcon_core.shell:Creating environment descriptor '/home/ram/Documents/ROS---2/install/basic_description/share/basic_description/hook/cmake_prefix_path.dsv'
[0.860s] INFO:colcon.colcon_core.shell:Creating environment hook '/home/ram/Documents/ROS---2/install/basic_description/share/basic_description/hook/cmake_prefix_path.sh'
[0.862s] Level 1:colcon.colcon_core.environment:checking '/home/ram/Documents/ROS---2/install/basic_description/bin'
[0.862s] Level 1:colcon.colcon_core.environment:checking '/home/ram/Documents/ROS---2/install/basic_description/lib/pkgconfig/basic_description.pc'
[0.863s] Level 1:colcon.colcon_core.environment:checking '/home/ram/Documents/ROS---2/install/basic_description/lib/python3.10/site-packages'
[0.863s] Level 1:colcon.colcon_core.environment:checking '/home/ram/Documents/ROS---2/install/basic_description/bin'
[0.864s] INFO:colcon.colcon_core.shell:Creating package script '/home/ram/Documents/ROS---2/install/basic_description/share/basic_description/package.ps1'
[0.865s] INFO:colcon.colcon_core.shell:Creating package descriptor '/home/ram/Documents/ROS---2/install/basic_description/share/basic_description/package.dsv'
[0.866s] INFO:colcon.colcon_core.shell:Creating package script '/home/ram/Documents/ROS---2/install/basic_description/share/basic_description/package.sh'
[0.868s] INFO:colcon.colcon_core.shell:Creating package script '/home/ram/Documents/ROS---2/install/basic_description/share/basic_description/package.bash'
[0.869s] INFO:colcon.colcon_core.shell:Creating package script '/home/ram/Documents/ROS---2/install/basic_description/share/basic_description/package.zsh'
[0.871s] Level 1:colcon.colcon_core.environment:create_file_with_runtime_dependencies(/home/ram/Documents/ROS---2/install/basic_description/share/colcon-core/packages/basic_description)
[0.872s] Level 1:colcon.colcon_core.environment:create_environment_scripts_only(basic_description)
[0.872s] Level 1:colcon.colcon_core.environment:checking '/home/ram/Documents/ROS---2/install/basic_description' for CMake module files
[0.873s] Level 1:colcon.colcon_core.environment:checking '/home/ram/Documents/ROS---2/install/basic_description' for CMake config files
[0.874s] Level 1:colcon.colcon_core.shell:create_environment_hook('basic_description', 'cmake_prefix_path')
[0.874s] INFO:colcon.colcon_core.shell:Creating environment hook '/home/ram/Documents/ROS---2/install/basic_description/share/basic_description/hook/cmake_prefix_path.ps1'
[0.875s] INFO:colcon.colcon_core.shell:Creating environment descriptor '/home/ram/Documents/ROS---2/install/basic_description/share/basic_description/hook/cmake_prefix_path.dsv'
[0.876s] INFO:colcon.colcon_core.shell:Creating environment hook '/home/ram/Documents/ROS---2/install/basic_description/share/basic_description/hook/cmake_prefix_path.sh'
[0.877s] Level 1:colcon.colcon_core.environment:checking '/home/ram/Documents/ROS---2/install/basic_description/bin'
[0.878s] Level 1:colcon.colcon_core.environment:checking '/home/ram/Documents/ROS---2/install/basic_description/lib/pkgconfig/basic_description.pc'
[0.878s] Level 1:colcon.colcon_core.environment:checking '/home/ram/Documents/ROS---2/install/basic_description/lib/python3.10/site-packages'
[0.879s] Level 1:colcon.colcon_core.environment:checking '/home/ram/Documents/ROS---2/install/basic_description/bin'
[0.879s] INFO:colcon.colcon_core.shell:Creating package script '/home/ram/Documents/ROS---2/install/basic_description/share/basic_description/package.ps1'
[0.880s] INFO:colcon.colcon_core.shell:Creating package descriptor '/home/ram/Documents/ROS---2/install/basic_description/share/basic_description/package.dsv'
[0.881s] INFO:colcon.colcon_core.shell:Creating package script '/home/ram/Documents/ROS---2/install/basic_description/share/basic_description/package.sh'
[0.882s] INFO:colcon.colcon_core.shell:Creating package script '/home/ram/Documents/ROS---2/install/basic_description/share/basic_description/package.bash'
[0.883s] INFO:colcon.colcon_core.shell:Creating package script '/home/ram/Documents/ROS---2/install/basic_description/share/basic_description/package.zsh'
[0.884s] Level 1:colcon.colcon_core.environment:create_file_with_runtime_dependencies(/home/ram/Documents/ROS---2/install/basic_description/share/colcon-core/packages/basic_description)
[0.887s] Level 1:colcon.colcon_core.environment:create_environment_scripts_only(conveyor_belt_system)
[0.887s] Level 1:colcon.colcon_core.environment:checking '/home/ram/Documents/ROS---2/install/conveyor_belt_system' for CMake module files
[0.889s] DEBUG:colcon.colcon_core.event_handler.log_command:Invoked command in '/home/ram/Documents/ROS---2/build/conveyor_belt_system' returned '0': CMAKE_PREFIX_PATH=${CMAKE_PREFIX_PATH}:/opt/ros/humble:/home/ram/Documents/ROS---2/install/lego_manipulation:/home/ram/Documents/ROS---2/install/basic_py_examples /usr/bin/cmake --install /home/ram/Documents/ROS---2/build/conveyor_belt_system
[0.890s] Level 1:colcon.colcon_core.environment:checking '/home/ram/Documents/ROS---2/install/conveyor_belt_system' for CMake config files
[0.891s] Level 1:colcon.colcon_core.shell:create_environment_hook('conveyor_belt_system', 'cmake_prefix_path')
[0.892s] INFO:colcon.colcon_core.shell:Creating environment hook '/home/ram/Documents/ROS---2/install/conveyor_belt_system/share/conveyor_belt_system/hook/cmake_prefix_path.ps1'
[0.893s] INFO:colcon.colcon_core.shell:Creating environment descriptor '/home/ram/Documents/ROS---2/install/conveyor_belt_system/share/conveyor_belt_system/hook/cmake_prefix_path.dsv'
[0.895s] INFO:colcon.colcon_core.shell:Creating environment hook '/home/ram/Documents/ROS---2/install/conveyor_belt_system/share/conveyor_belt_system/hook/cmake_prefix_path.sh'
[0.897s] Level 1:colcon.colcon_core.environment:checking '/home/ram/Documents/ROS---2/install/conveyor_belt_system/bin'
[0.897s] Level 1:colcon.colcon_core.environment:checking '/home/ram/Documents/ROS---2/install/conveyor_belt_system/lib/pkgconfig/conveyor_belt_system.pc'
[0.898s] Level 1:colcon.colcon_core.environment:checking '/home/ram/Documents/ROS---2/install/conveyor_belt_system/lib/python3.10/site-packages'
[0.899s] Level 1:colcon.colcon_core.environment:checking '/home/ram/Documents/ROS---2/install/conveyor_belt_system/bin'
[0.900s] INFO:colcon.colcon_core.shell:Creating package script '/home/ram/Documents/ROS---2/install/conveyor_belt_system/share/conveyor_belt_system/package.ps1'
[0.901s] INFO:colcon.colcon_core.shell:Creating package descriptor '/home/ram/Documents/ROS---2/install/conveyor_belt_system/share/conveyor_belt_system/package.dsv'
[0.903s] INFO:colcon.colcon_core.shell:Creating package script '/home/ram/Documents/ROS---2/install/conveyor_belt_system/share/conveyor_belt_system/package.sh'
[0.904s] INFO:colcon.colcon_core.shell:Creating package script '/home/ram/Documents/ROS---2/install/conveyor_belt_system/share/conveyor_belt_system/package.bash'
[0.905s] INFO:colcon.colcon_core.shell:Creating package script '/home/ram/Documents/ROS---2/install/conveyor_belt_system/share/conveyor_belt_system/package.zsh'
[0.907s] Level 1:colcon.colcon_core.environment:create_file_with_runtime_dependencies(/home/ram/Documents/ROS---2/install/conveyor_belt_system/share/colcon-core/packages/conveyor_belt_system)
[0.909s] Level 1:colcon.colcon_core.environment:create_environment_scripts_only(conveyor_belt_system)
[0.910s] Level 1:colcon.colcon_core.environment:checking '/home/ram/Documents/ROS---2/install/conveyor_belt_system' for CMake module files
[0.912s] Level 1:colcon.colcon_core.environment:checking '/home/ram/Documents/ROS---2/install/conveyor_belt_system' for CMake config files
[0.912s] Level 1:colcon.colcon_core.shell:create_environment_hook('conveyor_belt_system', 'cmake_prefix_path')
[0.913s] INFO:colcon.colcon_core.shell:Creating environment hook '/home/ram/Documents/ROS---2/install/conveyor_belt_system/share/conveyor_belt_system/hook/cmake_prefix_path.ps1'
[0.915s] INFO:colcon.colcon_core.shell:Creating environment descriptor '/home/ram/Documents/ROS---2/install/conveyor_belt_system/share/conveyor_belt_system/hook/cmake_prefix_path.dsv'
[0.916s] INFO:colcon.colcon_core.shell:Creating environment hook '/home/ram/Documents/ROS---2/install/conveyor_belt_system/share/conveyor_belt_system/hook/cmake_prefix_path.sh'
[0.918s] Level 1:colcon.colcon_core.environment:checking '/home/ram/Documents/ROS---2/install/conveyor_belt_system/bin'
[0.918s] Level 1:colcon.colcon_core.environment:checking '/home/ram/Documents/ROS---2/install/conveyor_belt_system/lib/pkgconfig/conveyor_belt_system.pc'
[0.919s] Level 1:colcon.colcon_core.environment:checking '/home/ram/Documents/ROS---2/install/conveyor_belt_system/lib/python3.10/site-packages'
[0.919s] Level 1:colcon.colcon_core.environment:checking '/home/ram/Documents/ROS---2/install/conveyor_belt_system/bin'
[0.920s] INFO:colcon.colcon_core.shell:Creating package script '/home/ram/Documents/ROS---2/install/conveyor_belt_system/share/conveyor_belt_system/package.ps1'
[0.921s] INFO:colcon.colcon_core.shell:Creating package descriptor '/home/ram/Documents/ROS---2/install/conveyor_belt_system/share/conveyor_belt_system/package.dsv'
[0.923s] INFO:colcon.colcon_core.shell:Creating package script '/home/ram/Documents/ROS---2/install/conveyor_belt_system/share/conveyor_belt_system/package.sh'
[0.924s] INFO:colcon.colcon_core.shell:Creating package script '/home/ram/Documents/ROS---2/install/conveyor_belt_system/share/conveyor_belt_system/package.bash'
[0.925s] INFO:colcon.colcon_core.shell:Creating package script '/home/ram/Documents/ROS---2/install/conveyor_belt_system/share/conveyor_belt_system/package.zsh'
[0.927s] Level 1:colcon.colcon_core.environment:create_file_with_runtime_dependencies(/home/ram/Documents/ROS---2/install/conveyor_belt_system/share/colcon-core/packages/conveyor_belt_system)
[0.928s] DEBUG:colcon.colcon_parallel_executor.executor.parallel:closing loop
[0.929s] DEBUG:colcon.colcon_parallel_executor.executor.parallel:loop closed
[0.929s] DEBUG:colcon.colcon_parallel_executor.executor.parallel:run_until_complete finished with '0'
[0.929s] DEBUG:colcon.colcon_core.event_reactor:joining thread
[0.948s] INFO:colcon.colcon_core.plugin_system:Skipping extension 'colcon_notification.desktop_notification.terminal_notifier': Not used on non-Darwin systems
[0.948s] INFO:colcon.colcon_core.plugin_system:Skipping extension 'colcon_notification.desktop_notification.win32': Not used on non-Windows systems
[0.948s] INFO:colcon.colcon_notification.desktop_notification:Sending desktop notification using 'notify2'
[0.963s] DEBUG:colcon.colcon_core.event_reactor:joined thread
[0.964s] INFO:colcon.colcon_core.shell:Creating prefix script '/home/ram/Documents/ROS---2/install/local_setup.ps1'
[0.965s] INFO:colcon.colcon_core.shell:Creating prefix util module '/home/ram/Documents/ROS---2/install/_local_setup_util_ps1.py'
[0.968s] INFO:colcon.colcon_core.shell:Creating prefix chain script '/home/ram/Documents/ROS---2/install/setup.ps1'
[0.970s] INFO:colcon.colcon_core.shell:Creating prefix script '/home/ram/Documents/ROS---2/install/local_setup.sh'
[0.971s] INFO:colcon.colcon_core.shell:Creating prefix util module '/home/ram/Documents/ROS---2/install/_local_setup_util_sh.py'
[0.972s] INFO:colcon.colcon_core.shell:Creating prefix chain script '/home/ram/Documents/ROS---2/install/setup.sh'
[0.974s] INFO:colcon.colcon_core.shell:Creating prefix script '/home/ram/Documents/ROS---2/install/local_setup.bash'
[0.975s] INFO:colcon.colcon_core.shell:Creating prefix chain script '/home/ram/Documents/ROS---2/install/setup.bash'
[0.977s] INFO:colcon.colcon_core.shell:Creating prefix script '/home/ram/Documents/ROS---2/install/local_setup.zsh'
[0.978s] INFO:colcon.colcon_core.shell:Creating prefix chain script '/home/ram/Documents/ROS---2/install/setup.zsh'
