[1.983s] Invoking command in '/home/ram/Documents/ros2/src/lego_manipulation': PYTHONPATH=/home/ram/Documents/ros2/build/lego_manipulation/prefix_override:/usr/lib/python3/dist-packages/colcon_core/task/python/colcon_distutils_commands:/home/ram/Documents/ros2/install/lego_manipulation/lib/python3.10/site-packages:${PYTHONPATH} /usr/bin/python3 -W ignore:setup.py install is deprecated -W ignore:easy_install command is deprecated setup.py egg_info --egg-base ../../build/lego_manipulation build --build-base /home/ram/Documents/ros2/build/lego_manipulation/build install --record /home/ram/Documents/ros2/build/lego_manipulation/install.log --single-version-externally-managed install_data
[2.652s] running egg_info
[2.652s] writing ../../build/lego_manipulation/lego_manipulation.egg-info/PKG-INFO
[2.716s] writing dependency_links to ../../build/lego_manipulation/lego_manipulation.egg-info/dependency_links.txt
[2.782s] writing entry points to ../../build/lego_manipulation/lego_manipulation.egg-info/entry_points.txt
[2.784s] writing requirements to ../../build/lego_manipulation/lego_manipulation.egg-info/requires.txt
[2.785s] writing top-level names to ../../build/lego_manipulation/lego_manipulation.egg-info/top_level.txt
[2.792s] reading manifest file '../../build/lego_manipulation/lego_manipulation.egg-info/SOURCES.txt'
[2.809s] writing manifest file '../../build/lego_manipulation/lego_manipulation.egg-info/SOURCES.txt'
[2.810s] running build
[2.810s] running build_py
[2.810s] running install
[2.813s] running install_lib
[2.819s] running install_data
[2.820s] running install_egg_info
[2.825s] removing '/home/ram/Documents/ros2/install/lego_manipulation/lib/python3.10/site-packages/lego_manipulation-0.0.0-py3.10.egg-info' (and everything under it)
[2.826s] Copying ../../build/lego_manipulation/lego_manipulation.egg-info to /home/ram/Documents/ros2/install/lego_manipulation/lib/python3.10/site-packages/lego_manipulation-0.0.0-py3.10.egg-info
[2.828s] running install_scripts
[2.903s] Installing joint_controller script to /home/ram/Documents/ros2/install/lego_manipulation/bin
[2.904s] Installing lego_pick_place script to /home/ram/Documents/ros2/install/lego_manipulation/bin
[2.906s] writing list of installed files to '/home/ram/Documents/ros2/build/lego_manipulation/install.log'
[2.996s] Invoked command in '/home/ram/Documents/ros2/src/lego_manipulation' returned '0': PYTHONPATH=/home/ram/Documents/ros2/build/lego_manipulation/prefix_override:/usr/lib/python3/dist-packages/colcon_core/task/python/colcon_distutils_commands:/home/ram/Documents/ros2/install/lego_manipulation/lib/python3.10/site-packages:${PYTHONPATH} /usr/bin/python3 -W ignore:setup.py install is deprecated -W ignore:easy_install command is deprecated setup.py egg_info --egg-base ../../build/lego_manipulation build --build-base /home/ram/Documents/ros2/build/lego_manipulation/build install --record /home/ram/Documents/ros2/build/lego_manipulation/install.log --single-version-externally-managed install_data
