[1.249s] Invoking command in '/home/ram/Documents/ros2/build/lego_manipulation': PYTHONPATH=/home/ram/Documents/ros2/build/lego_manipulation/prefix_override:/usr/lib/python3/dist-packages/colcon_core/task/python/colcon_distutils_commands:/home/ram/Documents/ros2/install/lego_manipulation/lib/python3.10/site-packages:${PYTHONPATH} /usr/bin/python3 -W ignore:setup.py install is deprecated -W ignore:easy_install command is deprecated setup.py develop --editable --build-directory /home/ram/Documents/ros2/build/lego_manipulation/build --no-deps symlink_data
[1.763s] running develop
[2.159s] running egg_info
[2.161s] writing lego_manipulation.egg-info/PKG-INFO
[2.161s] writing dependency_links to lego_manipulation.egg-info/dependency_links.txt
[2.161s] writing entry points to lego_manipulation.egg-info/entry_points.txt
[2.162s] writing requirements to lego_manipulation.egg-info/requires.txt
[2.162s] writing top-level names to lego_manipulation.egg-info/top_level.txt
[2.165s] reading manifest file 'lego_manipulation.egg-info/SOURCES.txt'
[2.167s] writing manifest file 'lego_manipulation.egg-info/SOURCES.txt'
[2.170s] running build_ext
[2.170s] Creating /home/ram/Documents/ros2/install/lego_manipulation/lib/python3.10/site-packages/lego-manipulation.egg-link (link to .)
[2.172s] Installing joint_controller script to /home/ram/Documents/ros2/install/lego_manipulation/bin
[2.174s] Installing lego_pick_place script to /home/ram/Documents/ros2/install/lego_manipulation/bin
[2.175s] Installing run_demo script to /home/ram/Documents/ros2/install/lego_manipulation/bin
[2.175s] 
[2.176s] Installed /home/ram/Documents/ros2/build/lego_manipulation
[2.176s] running symlink_data
[2.176s] creating /home/ram/Documents/ros2/install/lego_manipulation/share/lego_manipulation/rviz
[2.178s] symbolically linking /home/ram/Documents/ros2/build/lego_manipulation/rviz/lego_demo.rviz -> /home/ram/Documents/ros2/install/lego_manipulation/share/lego_manipulation/rviz
[2.241s] Invoked command in '/home/ram/Documents/ros2/build/lego_manipulation' returned '0': PYTHONPATH=/home/ram/Documents/ros2/build/lego_manipulation/prefix_override:/usr/lib/python3/dist-packages/colcon_core/task/python/colcon_distutils_commands:/home/ram/Documents/ros2/install/lego_manipulation/lib/python3.10/site-packages:${PYTHONPATH} /usr/bin/python3 -W ignore:setup.py install is deprecated -W ignore:easy_install command is deprecated setup.py develop --editable --build-directory /home/ram/Documents/ros2/build/lego_manipulation/build --no-deps symlink_data
