running egg_info
creating ../../build/lego_manipulation/lego_manipulation.egg-info
writing ../../build/lego_manipulation/lego_manipulation.egg-info/PKG-INFO
writing dependency_links to ../../build/lego_manipulation/lego_manipulation.egg-info/dependency_links.txt
writing entry points to ../../build/lego_manipulation/lego_manipulation.egg-info/entry_points.txt
writing requirements to ../../build/lego_manipulation/lego_manipulation.egg-info/requires.txt
writing top-level names to ../../build/lego_manipulation/lego_manipulation.egg-info/top_level.txt
writing manifest file '../../build/lego_manipulation/lego_manipulation.egg-info/SOURCES.txt'
reading manifest file '../../build/lego_manipulation/lego_manipulation.egg-info/SOURCES.txt'
writing manifest file '../../build/lego_manipulation/lego_manipulation.egg-info/SOURCES.txt'
running build
running build_py
creating /home/ram/Documents/ros2/build/lego_manipulation/build
creating /home/ram/Documents/ros2/build/lego_manipulation/build/lib
creating /home/ram/Documents/ros2/build/lego_manipulation/build/lib/lego_manipulation
copying lego_manipulation/__init__.py -> /home/ram/Documents/ros2/build/lego_manipulation/build/lib/lego_manipulation
copying lego_manipulation/lego_pick_place.py -> /home/ram/Documents/ros2/build/lego_manipulation/build/lib/lego_manipulation
copying lego_manipulation/joint_controller.py -> /home/ram/Documents/ros2/build/lego_manipulation/build/lib/lego_manipulation
running install
running install_lib
creating /home/ram/Documents/ros2/install/lego_manipulation/lib/python3.10/site-packages/lego_manipulation
copying /home/ram/Documents/ros2/build/lego_manipulation/build/lib/lego_manipulation/__init__.py -> /home/ram/Documents/ros2/install/lego_manipulation/lib/python3.10/site-packages/lego_manipulation
copying /home/ram/Documents/ros2/build/lego_manipulation/build/lib/lego_manipulation/lego_pick_place.py -> /home/ram/Documents/ros2/install/lego_manipulation/lib/python3.10/site-packages/lego_manipulation
copying /home/ram/Documents/ros2/build/lego_manipulation/build/lib/lego_manipulation/joint_controller.py -> /home/ram/Documents/ros2/install/lego_manipulation/lib/python3.10/site-packages/lego_manipulation
byte-compiling /home/ram/Documents/ros2/install/lego_manipulation/lib/python3.10/site-packages/lego_manipulation/__init__.py to __init__.cpython-310.pyc
byte-compiling /home/ram/Documents/ros2/install/lego_manipulation/lib/python3.10/site-packages/lego_manipulation/lego_pick_place.py to lego_pick_place.cpython-310.pyc
byte-compiling /home/ram/Documents/ros2/install/lego_manipulation/lib/python3.10/site-packages/lego_manipulation/joint_controller.py to joint_controller.cpython-310.pyc
running install_data
creating /home/ram/Documents/ros2/install/lego_manipulation/share/ament_index
creating /home/ram/Documents/ros2/install/lego_manipulation/share/ament_index/resource_index
creating /home/ram/Documents/ros2/install/lego_manipulation/share/ament_index/resource_index/packages
copying resource/lego_manipulation -> /home/ram/Documents/ros2/install/lego_manipulation/share/ament_index/resource_index/packages
copying package.xml -> /home/ram/Documents/ros2/install/lego_manipulation/share/lego_manipulation
creating /home/ram/Documents/ros2/install/lego_manipulation/share/lego_manipulation/launch
copying launch/lego_demo.launch.py -> /home/ram/Documents/ros2/install/lego_manipulation/share/lego_manipulation/launch
running install_egg_info
Copying ../../build/lego_manipulation/lego_manipulation.egg-info to /home/ram/Documents/ros2/install/lego_manipulation/lib/python3.10/site-packages/lego_manipulation-0.0.0-py3.10.egg-info
running install_scripts
Installing joint_controller script to /home/ram/Documents/ros2/install/lego_manipulation/bin
Installing lego_pick_place script to /home/ram/Documents/ros2/install/lego_manipulation/bin
writing list of installed files to '/home/ram/Documents/ros2/build/lego_manipulation/install.log'
