[5.845s] Invoking command in '/home/ram/Documents/ros2/src/lego_manipulation': PYTHONPATH=/home/ram/Documents/ros2/build/lego_manipulation/prefix_override:/usr/lib/python3/dist-packages/colcon_core/task/python/colcon_distutils_commands:/home/ram/Documents/ros2/install/lego_manipulation/lib/python3.10/site-packages: /usr/bin/python3 -W ignore:setup.py install is deprecated -W ignore:easy_install command is deprecated setup.py egg_info --egg-base ../../build/lego_manipulation build --build-base /home/ram/Documents/ros2/build/lego_manipulation/build install --record /home/ram/Documents/ros2/build/lego_manipulation/install.log --single-version-externally-managed install_data
[6.399s] running egg_info
[6.404s] creating ../../build/lego_manipulation/lego_manipulation.egg-info
[6.405s] writing ../../build/lego_manipulation/lego_manipulation.egg-info/PKG-INFO
[6.406s] writing dependency_links to ../../build/lego_manipulation/lego_manipulation.egg-info/dependency_links.txt
[6.409s] writing entry points to ../../build/lego_manipulation/lego_manipulation.egg-info/entry_points.txt
[6.410s] writing requirements to ../../build/lego_manipulation/lego_manipulation.egg-info/requires.txt
[6.410s] writing top-level names to ../../build/lego_manipulation/lego_manipulation.egg-info/top_level.txt
[6.410s] writing manifest file '../../build/lego_manipulation/lego_manipulation.egg-info/SOURCES.txt'
[6.422s] reading manifest file '../../build/lego_manipulation/lego_manipulation.egg-info/SOURCES.txt'
[6.427s] writing manifest file '../../build/lego_manipulation/lego_manipulation.egg-info/SOURCES.txt'
[6.428s] running build
[6.429s] running build_py
[6.429s] creating /home/ram/Documents/ros2/build/lego_manipulation/build
[6.429s] creating /home/ram/Documents/ros2/build/lego_manipulation/build/lib
[6.430s] creating /home/ram/Documents/ros2/build/lego_manipulation/build/lib/lego_manipulation
[6.431s] copying lego_manipulation/__init__.py -> /home/ram/Documents/ros2/build/lego_manipulation/build/lib/lego_manipulation
[6.431s] copying lego_manipulation/lego_pick_place.py -> /home/ram/Documents/ros2/build/lego_manipulation/build/lib/lego_manipulation
[6.433s] copying lego_manipulation/joint_controller.py -> /home/ram/Documents/ros2/build/lego_manipulation/build/lib/lego_manipulation
[6.433s] running install
[6.435s] running install_lib
[6.437s] creating /home/ram/Documents/ros2/install/lego_manipulation/lib/python3.10/site-packages/lego_manipulation
[6.438s] copying /home/ram/Documents/ros2/build/lego_manipulation/build/lib/lego_manipulation/__init__.py -> /home/ram/Documents/ros2/install/lego_manipulation/lib/python3.10/site-packages/lego_manipulation
[6.438s] copying /home/ram/Documents/ros2/build/lego_manipulation/build/lib/lego_manipulation/lego_pick_place.py -> /home/ram/Documents/ros2/install/lego_manipulation/lib/python3.10/site-packages/lego_manipulation
[6.439s] copying /home/ram/Documents/ros2/build/lego_manipulation/build/lib/lego_manipulation/joint_controller.py -> /home/ram/Documents/ros2/install/lego_manipulation/lib/python3.10/site-packages/lego_manipulation
[6.440s] byte-compiling /home/ram/Documents/ros2/install/lego_manipulation/lib/python3.10/site-packages/lego_manipulation/__init__.py to __init__.cpython-310.pyc
[6.441s] byte-compiling /home/ram/Documents/ros2/install/lego_manipulation/lib/python3.10/site-packages/lego_manipulation/lego_pick_place.py to lego_pick_place.cpython-310.pyc
[6.445s] byte-compiling /home/ram/Documents/ros2/install/lego_manipulation/lib/python3.10/site-packages/lego_manipulation/joint_controller.py to joint_controller.cpython-310.pyc
[6.447s] running install_data
[6.448s] creating /home/ram/Documents/ros2/install/lego_manipulation/share/ament_index
[6.449s] creating /home/ram/Documents/ros2/install/lego_manipulation/share/ament_index/resource_index
[6.460s] creating /home/ram/Documents/ros2/install/lego_manipulation/share/ament_index/resource_index/packages
[6.460s] copying resource/lego_manipulation -> /home/ram/Documents/ros2/install/lego_manipulation/share/ament_index/resource_index/packages
[6.464s] copying package.xml -> /home/ram/Documents/ros2/install/lego_manipulation/share/lego_manipulation
[6.466s] creating /home/ram/Documents/ros2/install/lego_manipulation/share/lego_manipulation/launch
[6.467s] copying launch/lego_demo.launch.py -> /home/ram/Documents/ros2/install/lego_manipulation/share/lego_manipulation/launch
[6.467s] running install_egg_info
[6.469s] Copying ../../build/lego_manipulation/lego_manipulation.egg-info to /home/ram/Documents/ros2/install/lego_manipulation/lib/python3.10/site-packages/lego_manipulation-0.0.0-py3.10.egg-info
[6.470s] running install_scripts
[6.524s] Installing joint_controller script to /home/ram/Documents/ros2/install/lego_manipulation/bin
[6.579s] Installing lego_pick_place script to /home/ram/Documents/ros2/install/lego_manipulation/bin
[6.579s] writing list of installed files to '/home/ram/Documents/ros2/build/lego_manipulation/install.log'
[6.636s] Invoked command in '/home/ram/Documents/ros2/src/lego_manipulation' returned '0': PYTHONPATH=/home/ram/Documents/ros2/build/lego_manipulation/prefix_override:/usr/lib/python3/dist-packages/colcon_core/task/python/colcon_distutils_commands:/home/ram/Documents/ros2/install/lego_manipulation/lib/python3.10/site-packages: /usr/bin/python3 -W ignore:setup.py install is deprecated -W ignore:easy_install command is deprecated setup.py egg_info --egg-base ../../build/lego_manipulation build --build-base /home/ram/Documents/ros2/build/lego_manipulation/build install --record /home/ram/Documents/ros2/build/lego_manipulation/install.log --single-version-externally-managed install_data
