[0.049s] Invoking command in '/home/ram/Documents/ros2/build/lego_description': CMAKE_PREFIX_PATH=/opt/ros/humble /usr/bin/cmake /home/ram/Documents/ros2/src/lego_description -DAMENT_CMAKE_SYMLINK_INSTALL=1 -DCMAKE_INSTALL_PREFIX=/home/ram/Documents/ros2/install/lego_description
[0.070s] -- Found ament_cmake: 1.3.11 (/opt/ros/humble/share/ament_cmake/cmake)
[0.370s] -- Override CMake install command with custom implementation using symlinks instead of copying resources
[0.695s] -- Configuring done
[0.704s] -- Generating done
[0.737s] -- Build files have been written to: /home/ram/Documents/ros2/build/lego_description
[0.742s] Invoked command in '/home/ram/Documents/ros2/build/lego_description' returned '0': CMAKE_PREFIX_PATH=/opt/ros/humble /usr/bin/cmake /home/ram/Documents/ros2/src/lego_description -DAMENT_CMAKE_SYMLINK_INSTALL=1 -DCMAKE_INSTALL_PREFIX=/home/ram/Documents/ros2/install/lego_description
[0.746s] Invoking command in '/home/ram/Documents/ros2/build/lego_description': CMAKE_PREFIX_PATH=/opt/ros/humble /usr/bin/cmake --build /home/ram/Documents/ros2/build/lego_description -- -j4 -l4
[0.828s] Invoked command in '/home/ram/Documents/ros2/build/lego_description' returned '0': CMAKE_PREFIX_PATH=/opt/ros/humble /usr/bin/cmake --build /home/ram/Documents/ros2/build/lego_description -- -j4 -l4
[0.852s] Invoking command in '/home/ram/Documents/ros2/build/lego_description': CMAKE_PREFIX_PATH=/opt/ros/humble /usr/bin/cmake --install /home/ram/Documents/ros2/build/lego_description
[0.865s] -- Install configuration: ""
[0.868s] -- Execute custom install script
[0.869s] -- Symlinking: /home/ram/Documents/ros2/install/lego_description/share/lego_description/urdf/lego_brick_macros.xacro
[0.885s] -- Symlinking: /home/ram/Documents/ros2/install/lego_description/share/lego_description/urdf/lego_scene.xacro
[0.903s] -- Symlinking: /home/ram/Documents/ros2/install/lego_description/share/lego_description/urdf/robot_with_lego.xacro
[0.930s] -- Symlinking: /home/ram/Documents/ros2/install/lego_description/share/ament_index/resource_index/package_run_dependencies/lego_description
[0.954s] -- Symlinking: /home/ram/Documents/ros2/install/lego_description/share/ament_index/resource_index/parent_prefix_path/lego_description
[0.978s] -- Symlinking: /home/ram/Documents/ros2/install/lego_description/share/lego_description/environment/ament_prefix_path.sh
[0.997s] -- Symlinking: /home/ram/Documents/ros2/install/lego_description/share/lego_description/environment/ament_prefix_path.dsv
[1.015s] -- Symlinking: /home/ram/Documents/ros2/install/lego_description/share/lego_description/environment/path.sh
[1.033s] -- Symlinking: /home/ram/Documents/ros2/install/lego_description/share/lego_description/environment/path.dsv
[1.050s] -- Symlinking: /home/ram/Documents/ros2/install/lego_description/share/lego_description/local_setup.bash
[1.073s] -- Symlinking: /home/ram/Documents/ros2/install/lego_description/share/lego_description/local_setup.sh
[1.092s] -- Symlinking: /home/ram/Documents/ros2/install/lego_description/share/lego_description/local_setup.zsh
[1.113s] -- Symlinking: /home/ram/Documents/ros2/install/lego_description/share/lego_description/local_setup.dsv
[1.133s] -- Symlinking: /home/ram/Documents/ros2/install/lego_description/share/lego_description/package.dsv
[1.160s] -- Symlinking: /home/ram/Documents/ros2/install/lego_description/share/ament_index/resource_index/packages/lego_description
[1.188s] -- Symlinking: /home/ram/Documents/ros2/install/lego_description/share/lego_description/cmake/lego_descriptionConfig.cmake
[1.226s] -- Symlinking: /home/ram/Documents/ros2/install/lego_description/share/lego_description/cmake/lego_descriptionConfig-version.cmake
[1.253s] -- Symlinking: /home/ram/Documents/ros2/install/lego_description/share/lego_description/package.xml
[1.284s] Invoked command in '/home/ram/Documents/ros2/build/lego_description' returned '0': CMAKE_PREFIX_PATH=/opt/ros/humble /usr/bin/cmake --install /home/ram/Documents/ros2/build/lego_description
