[1.318s] Invoking command in '/home/ram/Documents/ros2/src/basic_py_examples': PYTHONPATH=/home/ram/Documents/ros2/build/basic_py_examples/prefix_override:/usr/lib/python3/dist-packages/colcon_core/task/python/colcon_distutils_commands:/home/ram/Documents/ros2/install/basic_py_examples/lib/python3.10/site-packages:${PYTHONPATH} /usr/bin/python3 -W ignore:setup.py install is deprecated -W ignore:easy_install command is deprecated setup.py egg_info --egg-base ../../build/basic_py_examples build --build-base /home/ram/Documents/ros2/build/basic_py_examples/build install --record /home/ram/Documents/ros2/build/basic_py_examples/install.log --single-version-externally-managed install_data
[1.863s] running egg_info
[1.865s] writing ../../build/basic_py_examples/basic_py_examples.egg-info/PKG-INFO
[1.865s] writing dependency_links to ../../build/basic_py_examples/basic_py_examples.egg-info/dependency_links.txt
[1.866s] writing entry points to ../../build/basic_py_examples/basic_py_examples.egg-info/entry_points.txt
[1.866s] writing requirements to ../../build/basic_py_examples/basic_py_examples.egg-info/requires.txt
[1.866s] writing top-level names to ../../build/basic_py_examples/basic_py_examples.egg-info/top_level.txt
[1.871s] reading manifest file '../../build/basic_py_examples/basic_py_examples.egg-info/SOURCES.txt'
[1.888s] writing manifest file '../../build/basic_py_examples/basic_py_examples.egg-info/SOURCES.txt'
[1.888s] running build
[1.888s] running build_py
[1.888s] copying basic_py_examples/simple_subscriber.py -> /home/ram/Documents/ros2/build/basic_py_examples/build/lib/basic_py_examples
[1.889s] copying basic_py_examples/simple_publisher.py -> /home/ram/Documents/ros2/build/basic_py_examples/build/lib/basic_py_examples
[1.889s] running install
[1.890s] running install_lib
[1.893s] copying /home/ram/Documents/ros2/build/basic_py_examples/build/lib/basic_py_examples/simple_subscriber.py -> /home/ram/Documents/ros2/install/basic_py_examples/lib/python3.10/site-packages/basic_py_examples
[1.894s] copying /home/ram/Documents/ros2/build/basic_py_examples/build/lib/basic_py_examples/simple_publisher.py -> /home/ram/Documents/ros2/install/basic_py_examples/lib/python3.10/site-packages/basic_py_examples
[1.896s] byte-compiling /home/ram/Documents/ros2/install/basic_py_examples/lib/python3.10/site-packages/basic_py_examples/simple_subscriber.py to simple_subscriber.cpython-310.pyc
[1.897s] byte-compiling /home/ram/Documents/ros2/install/basic_py_examples/lib/python3.10/site-packages/basic_py_examples/simple_publisher.py to simple_publisher.cpython-310.pyc
[1.898s] running install_data
[1.898s] running install_egg_info
[1.902s] removing '/home/ram/Documents/ros2/install/basic_py_examples/lib/python3.10/site-packages/basic_py_examples-0.0.0-py3.10.egg-info' (and everything under it)
[1.903s] Copying ../../build/basic_py_examples/basic_py_examples.egg-info to /home/ram/Documents/ros2/install/basic_py_examples/lib/python3.10/site-packages/basic_py_examples-0.0.0-py3.10.egg-info
[1.904s] running install_scripts
[1.957s] Installing simple_publisher script to /home/ram/Documents/ros2/install/basic_py_examples/lib/basic_py_examples
[1.958s] Installing simple_subscriber script to /home/ram/Documents/ros2/install/basic_py_examples/lib/basic_py_examples
[1.961s] writing list of installed files to '/home/ram/Documents/ros2/build/basic_py_examples/install.log'
[2.017s] Invoked command in '/home/ram/Documents/ros2/src/basic_py_examples' returned '0': PYTHONPATH=/home/ram/Documents/ros2/build/basic_py_examples/prefix_override:/usr/lib/python3/dist-packages/colcon_core/task/python/colcon_distutils_commands:/home/ram/Documents/ros2/install/basic_py_examples/lib/python3.10/site-packages:${PYTHONPATH} /usr/bin/python3 -W ignore:setup.py install is deprecated -W ignore:easy_install command is deprecated setup.py egg_info --egg-base ../../build/basic_py_examples build --build-base /home/ram/Documents/ros2/build/basic_py_examples/build install --record /home/ram/Documents/ros2/build/basic_py_examples/install.log --single-version-externally-managed install_data
