[0.648s] Invoking command in '/home/ram/Documents/ros2/build/lego_description': CMAKE_PREFIX_PATH=/opt/ros/humble /usr/bin/cmake /home/ram/Documents/ros2/src/lego_description -DCMAKE_INSTALL_PREFIX=/home/ram/Documents/ros2/install/lego_description
[0.671s] -- Found ament_cmake: 1.3.11 (/opt/ros/humble/share/ament_cmake/cmake)
[1.003s] -- Override CMake install command with custom implementation using symlinks instead of copying resources
[1.186s] -- Configuring done
[1.231s] -- Generating done
[1.241s] -- Build files have been written to: /home/ram/Documents/ros2/build/lego_description
[1.392s] Invoked command in '/home/ram/Documents/ros2/build/lego_description' returned '0': CMAKE_PREFIX_PATH=/opt/ros/humble /usr/bin/cmake /home/ram/Documents/ros2/src/lego_description -DCMAKE_INSTALL_PREFIX=/home/ram/Documents/ros2/install/lego_description
[1.399s] Invoking command in '/home/ram/Documents/ros2/build/lego_description': CMAKE_PREFIX_PATH=/opt/ros/humble /usr/bin/cmake --build /home/ram/Documents/ros2/build/lego_description -- -j4 -l4
[1.593s] Invoked command in '/home/ram/Documents/ros2/build/lego_description' returned '0': CMAKE_PREFIX_PATH=/opt/ros/humble /usr/bin/cmake --build /home/ram/Documents/ros2/build/lego_description -- -j4 -l4
[1.598s] Invoking command in '/home/ram/Documents/ros2/build/lego_description': CMAKE_PREFIX_PATH=/opt/ros/humble /usr/bin/cmake --install /home/ram/Documents/ros2/build/lego_description
[1.613s] -- Install configuration: ""
[1.615s] -- Execute custom install script
[1.625s] -- Up-to-date symlink: /home/ram/Documents/ros2/install/lego_description/share/lego_description/urdf/lego_brick_macros.xacro
[1.626s] -- Up-to-date symlink: /home/ram/Documents/ros2/install/lego_description/share/lego_description/urdf/lego_scene.xacro
[1.626s] -- Up-to-date symlink: /home/ram/Documents/ros2/install/lego_description/share/lego_description/urdf/robot_with_lego.xacro
[1.627s] -- Up-to-date symlink: /home/ram/Documents/ros2/install/lego_description/share/ament_index/resource_index/package_run_dependencies/lego_description
[1.628s] -- Up-to-date symlink: /home/ram/Documents/ros2/install/lego_description/share/ament_index/resource_index/parent_prefix_path/lego_description
[1.630s] -- Up-to-date symlink: /home/ram/Documents/ros2/install/lego_description/share/lego_description/environment/ament_prefix_path.sh
[1.631s] -- Up-to-date symlink: /home/ram/Documents/ros2/install/lego_description/share/lego_description/environment/ament_prefix_path.dsv
[1.631s] -- Up-to-date symlink: /home/ram/Documents/ros2/install/lego_description/share/lego_description/environment/path.sh
[1.632s] -- Up-to-date symlink: /home/ram/Documents/ros2/install/lego_description/share/lego_description/environment/path.dsv
[1.632s] -- Up-to-date symlink: /home/ram/Documents/ros2/install/lego_description/share/lego_description/local_setup.bash
[1.635s] -- Up-to-date symlink: /home/ram/Documents/ros2/install/lego_description/share/lego_description/local_setup.sh
[1.635s] -- Up-to-date symlink: /home/ram/Documents/ros2/install/lego_description/share/lego_description/local_setup.zsh
[1.635s] -- Up-to-date symlink: /home/ram/Documents/ros2/install/lego_description/share/lego_description/local_setup.dsv
[1.636s] -- Symlinking: /home/ram/Documents/ros2/install/lego_description/share/lego_description/package.dsv
[1.690s] -- Up-to-date symlink: /home/ram/Documents/ros2/install/lego_description/share/ament_index/resource_index/packages/lego_description
[1.690s] -- Up-to-date symlink: /home/ram/Documents/ros2/install/lego_description/share/lego_description/cmake/lego_descriptionConfig.cmake
[1.694s] -- Up-to-date symlink: /home/ram/Documents/ros2/install/lego_description/share/lego_description/cmake/lego_descriptionConfig-version.cmake
[1.694s] -- Up-to-date symlink: /home/ram/Documents/ros2/install/lego_description/share/lego_description/package.xml
[1.702s] Invoked command in '/home/ram/Documents/ros2/build/lego_description' returned '0': CMAKE_PREFIX_PATH=/opt/ros/humble /usr/bin/cmake --install /home/ram/Documents/ros2/build/lego_description
