[2.922s] DEBUG:colcon:Command line arguments: ['/usr/bin/colcon', 'build', '--packages-select', 'lego_description', 'lego_manipulation']
[2.922s] DEBUG:colcon:Parsed command line arguments: Namespace(log_base=None, log_level=None, verb_name='build', build_base='build', install_base='install', merge_install=False, symlink_install=False, test_result_base=None, continue_on_error=False, executor='parallel', parallel_workers=4, event_handlers=None, ignore_user_meta=False, metas=['./colcon.meta'], base_paths=['.'], packages_ignore=None, packages_ignore_regex=None, paths=None, packages_up_to=None, packages_up_to_regex=None, packages_above=None, packages_above_and_dependencies=None, packages_above_depth=None, packages_select_by_dep=None, packages_skip_by_dep=None, packages_skip_up_to=None, packages_select_build_failed=False, packages_skip_build_finished=False, packages_select_test_failures=False, packages_skip_test_passed=False, packages_select=['lego_description', 'lego_manipulation'], packages_skip=None, packages_select_regex=None, packages_skip_regex=None, packages_start=None, packages_end=None, allow_overriding=[], cmake_args=None, cmake_target=None, cmake_target_skip_unavailable=False, cmake_clean_cache=False, cmake_clean_first=False, cmake_force_configure=False, ament_cmake_args=None, catkin_cmake_args=None, catkin_skip_building_tests=False, mixin_files=None, mixin=None, verb_parser=<colcon_mixin.mixin.mixin_argument.MixinArgumentDecorator object at 0x7bce7b6249a0>, verb_extension=<colcon_core.verb.build.BuildVerb object at 0x7bce7b6243a0>, main=<bound method BuildVerb.main of <colcon_core.verb.build.BuildVerb object at 0x7bce7b6243a0>>, mixin_verb=('build',))
[7.237s] Level 1:colcon.colcon_core.package_discovery:discover_packages(colcon_meta) check parameters
[7.238s] Level 1:colcon.colcon_core.package_discovery:discover_packages(recursive) check parameters
[7.239s] Level 1:colcon.colcon_core.package_discovery:discover_packages(ignore) check parameters
[7.239s] Level 1:colcon.colcon_core.package_discovery:discover_packages(path) check parameters
[7.239s] Level 1:colcon.colcon_core.package_discovery:discover_packages(colcon_meta) discover
[7.239s] Level 1:colcon.colcon_core.package_discovery:discover_packages(recursive) discover
[7.239s] INFO:colcon.colcon_core.package_discovery:Crawling recursively for packages in '/home/ram/Documents/ros2'
[7.239s] Level 1:colcon.colcon_core.package_identification:_identify(.) by extensions ['ignore', 'ignore_ament_install']
[7.240s] Level 1:colcon.colcon_core.package_identification:_identify(.) by extension 'ignore'
[7.240s] Level 1:colcon.colcon_core.package_identification:_identify(.) by extension 'ignore_ament_install'
[7.240s] Level 1:colcon.colcon_core.package_identification:_identify(.) by extensions ['colcon_pkg']
[7.240s] Level 1:colcon.colcon_core.package_identification:_identify(.) by extension 'colcon_pkg'
[7.240s] Level 1:colcon.colcon_core.package_identification:_identify(.) by extensions ['colcon_meta']
[7.240s] Level 1:colcon.colcon_core.package_identification:_identify(.) by extension 'colcon_meta'
[7.241s] Level 1:colcon.colcon_core.package_identification:_identify(.) by extensions ['ros']
[7.241s] Level 1:colcon.colcon_core.package_identification:_identify(.) by extension 'ros'
[7.386s] Level 1:colcon.colcon_core.package_identification:_identify(.) by extensions ['cmake', 'python']
[7.386s] Level 1:colcon.colcon_core.package_identification:_identify(.) by extension 'cmake'
[7.386s] Level 1:colcon.colcon_core.package_identification:_identify(.) by extension 'python'
[7.387s] Level 1:colcon.colcon_core.package_identification:_identify(.) by extensions ['python_setup_py']
[7.387s] Level 1:colcon.colcon_core.package_identification:_identify(.) by extension 'python_setup_py'
[7.387s] Level 1:colcon.colcon_core.package_identification:_identify(build) by extensions ['ignore', 'ignore_ament_install']
[7.388s] Level 1:colcon.colcon_core.package_identification:_identify(build) by extension 'ignore'
[7.388s] Level 1:colcon.colcon_core.package_identification:_identify(build) ignored
[7.388s] Level 1:colcon.colcon_core.package_identification:_identify(install) by extensions ['ignore', 'ignore_ament_install']
[7.388s] Level 1:colcon.colcon_core.package_identification:_identify(install) by extension 'ignore'
[7.388s] Level 1:colcon.colcon_core.package_identification:_identify(install) ignored
[7.389s] Level 1:colcon.colcon_core.package_identification:_identify(log) by extensions ['ignore', 'ignore_ament_install']
[7.389s] Level 1:colcon.colcon_core.package_identification:_identify(log) by extension 'ignore'
[7.389s] Level 1:colcon.colcon_core.package_identification:_identify(log) ignored
[7.389s] Level 1:colcon.colcon_core.package_identification:_identify(src) by extensions ['ignore', 'ignore_ament_install']
[7.389s] Level 1:colcon.colcon_core.package_identification:_identify(src) by extension 'ignore'
[7.389s] Level 1:colcon.colcon_core.package_identification:_identify(src) by extension 'ignore_ament_install'
[7.390s] Level 1:colcon.colcon_core.package_identification:_identify(src) by extensions ['colcon_pkg']
[7.390s] Level 1:colcon.colcon_core.package_identification:_identify(src) by extension 'colcon_pkg'
[7.390s] Level 1:colcon.colcon_core.package_identification:_identify(src) by extensions ['colcon_meta']
[7.390s] Level 1:colcon.colcon_core.package_identification:_identify(src) by extension 'colcon_meta'
[7.390s] Level 1:colcon.colcon_core.package_identification:_identify(src) by extensions ['ros']
[7.391s] Level 1:colcon.colcon_core.package_identification:_identify(src) by extension 'ros'
[7.391s] Level 1:colcon.colcon_core.package_identification:_identify(src) by extensions ['cmake', 'python']
[7.391s] Level 1:colcon.colcon_core.package_identification:_identify(src) by extension 'cmake'
[7.391s] Level 1:colcon.colcon_core.package_identification:_identify(src) by extension 'python'
[7.392s] Level 1:colcon.colcon_core.package_identification:_identify(src) by extensions ['python_setup_py']
[7.392s] Level 1:colcon.colcon_core.package_identification:_identify(src) by extension 'python_setup_py'
[7.392s] Level 1:colcon.colcon_core.package_identification:_identify(src/basic_description) by extensions ['ignore', 'ignore_ament_install']
[7.392s] Level 1:colcon.colcon_core.package_identification:_identify(src/basic_description) by extension 'ignore'
[7.392s] Level 1:colcon.colcon_core.package_identification:_identify(src/basic_description) by extension 'ignore_ament_install'
[7.393s] Level 1:colcon.colcon_core.package_identification:_identify(src/basic_description) by extensions ['colcon_pkg']
[7.393s] Level 1:colcon.colcon_core.package_identification:_identify(src/basic_description) by extension 'colcon_pkg'
[7.393s] Level 1:colcon.colcon_core.package_identification:_identify(src/basic_description) by extensions ['colcon_meta']
[7.393s] Level 1:colcon.colcon_core.package_identification:_identify(src/basic_description) by extension 'colcon_meta'
[7.393s] Level 1:colcon.colcon_core.package_identification:_identify(src/basic_description) by extensions ['ros']
[7.393s] Level 1:colcon.colcon_core.package_identification:_identify(src/basic_description) by extension 'ros'
[7.404s] DEBUG:colcon.colcon_core.package_identification:Package 'src/basic_description' with type 'ros.ament_cmake' and name 'basic_description'
[7.405s] Level 1:colcon.colcon_core.package_identification:_identify(src/basic_py_examples) by extensions ['ignore', 'ignore_ament_install']
[7.405s] Level 1:colcon.colcon_core.package_identification:_identify(src/basic_py_examples) by extension 'ignore'
[7.405s] Level 1:colcon.colcon_core.package_identification:_identify(src/basic_py_examples) by extension 'ignore_ament_install'
[7.406s] Level 1:colcon.colcon_core.package_identification:_identify(src/basic_py_examples) by extensions ['colcon_pkg']
[7.406s] Level 1:colcon.colcon_core.package_identification:_identify(src/basic_py_examples) by extension 'colcon_pkg'
[7.406s] Level 1:colcon.colcon_core.package_identification:_identify(src/basic_py_examples) by extensions ['colcon_meta']
[7.406s] Level 1:colcon.colcon_core.package_identification:_identify(src/basic_py_examples) by extension 'colcon_meta'
[7.406s] Level 1:colcon.colcon_core.package_identification:_identify(src/basic_py_examples) by extensions ['ros']
[7.406s] Level 1:colcon.colcon_core.package_identification:_identify(src/basic_py_examples) by extension 'ros'
[7.408s] DEBUG:colcon.colcon_core.package_identification:Package 'src/basic_py_examples' with type 'ros.ament_python' and name 'basic_py_examples'
[7.408s] Level 1:colcon.colcon_core.package_identification:_identify(src/lego_description) by extensions ['ignore', 'ignore_ament_install']
[7.409s] Level 1:colcon.colcon_core.package_identification:_identify(src/lego_description) by extension 'ignore'
[7.409s] Level 1:colcon.colcon_core.package_identification:_identify(src/lego_description) by extension 'ignore_ament_install'
[7.409s] Level 1:colcon.colcon_core.package_identification:_identify(src/lego_description) by extensions ['colcon_pkg']
[7.409s] Level 1:colcon.colcon_core.package_identification:_identify(src/lego_description) by extension 'colcon_pkg'
[7.409s] Level 1:colcon.colcon_core.package_identification:_identify(src/lego_description) by extensions ['colcon_meta']
[7.409s] Level 1:colcon.colcon_core.package_identification:_identify(src/lego_description) by extension 'colcon_meta'
[7.409s] Level 1:colcon.colcon_core.package_identification:_identify(src/lego_description) by extensions ['ros']
[7.409s] Level 1:colcon.colcon_core.package_identification:_identify(src/lego_description) by extension 'ros'
[7.413s] DEBUG:colcon.colcon_core.package_identification:Package 'src/lego_description' with type 'ros.ament_cmake' and name 'lego_description'
[7.414s] Level 1:colcon.colcon_core.package_identification:_identify(src/lego_manipulation) by extensions ['ignore', 'ignore_ament_install']
[7.414s] Level 1:colcon.colcon_core.package_identification:_identify(src/lego_manipulation) by extension 'ignore'
[7.414s] Level 1:colcon.colcon_core.package_identification:_identify(src/lego_manipulation) by extension 'ignore_ament_install'
[7.415s] Level 1:colcon.colcon_core.package_identification:_identify(src/lego_manipulation) by extensions ['colcon_pkg']
[7.415s] Level 1:colcon.colcon_core.package_identification:_identify(src/lego_manipulation) by extension 'colcon_pkg'
[7.415s] Level 1:colcon.colcon_core.package_identification:_identify(src/lego_manipulation) by extensions ['colcon_meta']
[7.415s] Level 1:colcon.colcon_core.package_identification:_identify(src/lego_manipulation) by extension 'colcon_meta'
[7.415s] Level 1:colcon.colcon_core.package_identification:_identify(src/lego_manipulation) by extensions ['ros']
[7.415s] Level 1:colcon.colcon_core.package_identification:_identify(src/lego_manipulation) by extension 'ros'
[7.417s] DEBUG:colcon.colcon_core.package_identification:Package 'src/lego_manipulation' with type 'ros.ament_python' and name 'lego_manipulation'
[7.418s] Level 1:colcon.colcon_core.package_discovery:discover_packages(recursive) using defaults
[7.418s] Level 1:colcon.colcon_core.package_discovery:discover_packages(ignore) discover
[7.418s] Level 1:colcon.colcon_core.package_discovery:discover_packages(ignore) using defaults
[7.418s] Level 1:colcon.colcon_core.package_discovery:discover_packages(path) discover
[7.418s] Level 1:colcon.colcon_core.package_discovery:discover_packages(path) using defaults
[7.764s] INFO:colcon.colcon_core.package_selection:Skipping not selected package 'basic_description' in 'src/basic_description'
[7.764s] INFO:colcon.colcon_core.package_selection:Skipping not selected package 'basic_py_examples' in 'src/basic_py_examples'
[7.782s] Level 1:colcon.colcon_core.package_discovery:discover_packages(prefix_path) check parameters
[7.782s] Level 1:colcon.colcon_core.package_discovery:discover_packages(prefix_path) discover
[7.796s] Level 1:colcon.colcon_core.package_discovery:discover_packages(prefix_path) using defaults
[7.800s] Level 5:colcon.colcon_core.verb:set package 'lego_description' build argument 'cmake_args' from command line to 'None'
[7.800s] Level 5:colcon.colcon_core.verb:set package 'lego_description' build argument 'cmake_target' from command line to 'None'
[7.800s] Level 5:colcon.colcon_core.verb:set package 'lego_description' build argument 'cmake_target_skip_unavailable' from command line to 'False'
[7.801s] Level 5:colcon.colcon_core.verb:set package 'lego_description' build argument 'cmake_clean_cache' from command line to 'False'
[7.801s] Level 5:colcon.colcon_core.verb:set package 'lego_description' build argument 'cmake_clean_first' from command line to 'False'
[7.801s] Level 5:colcon.colcon_core.verb:set package 'lego_description' build argument 'cmake_force_configure' from command line to 'False'
[7.801s] Level 5:colcon.colcon_core.verb:set package 'lego_description' build argument 'ament_cmake_args' from command line to 'None'
[7.801s] Level 5:colcon.colcon_core.verb:set package 'lego_description' build argument 'catkin_cmake_args' from command line to 'None'
[7.801s] Level 5:colcon.colcon_core.verb:set package 'lego_description' build argument 'catkin_skip_building_tests' from command line to 'False'
[7.802s] DEBUG:colcon.colcon_core.verb:Building package 'lego_description' with the following arguments: {'ament_cmake_args': None, 'build_base': '/home/ram/Documents/ros2/build/lego_description', 'catkin_cmake_args': None, 'catkin_skip_building_tests': False, 'cmake_args': None, 'cmake_clean_cache': False, 'cmake_clean_first': False, 'cmake_force_configure': False, 'cmake_target': None, 'cmake_target_skip_unavailable': False, 'install_base': '/home/ram/Documents/ros2/install/lego_description', 'merge_install': False, 'path': '/home/ram/Documents/ros2/src/lego_description', 'symlink_install': False, 'test_result_base': None}
[7.803s] Level 5:colcon.colcon_core.verb:set package 'lego_manipulation' build argument 'cmake_args' from command line to 'None'
[7.804s] Level 5:colcon.colcon_core.verb:set package 'lego_manipulation' build argument 'cmake_target' from command line to 'None'
[7.804s] Level 5:colcon.colcon_core.verb:set package 'lego_manipulation' build argument 'cmake_target_skip_unavailable' from command line to 'False'
[7.804s] Level 5:colcon.colcon_core.verb:set package 'lego_manipulation' build argument 'cmake_clean_cache' from command line to 'False'
[7.804s] Level 5:colcon.colcon_core.verb:set package 'lego_manipulation' build argument 'cmake_clean_first' from command line to 'False'
[7.804s] Level 5:colcon.colcon_core.verb:set package 'lego_manipulation' build argument 'cmake_force_configure' from command line to 'False'
[7.804s] Level 5:colcon.colcon_core.verb:set package 'lego_manipulation' build argument 'ament_cmake_args' from command line to 'None'
[7.805s] Level 5:colcon.colcon_core.verb:set package 'lego_manipulation' build argument 'catkin_cmake_args' from command line to 'None'
[7.805s] Level 5:colcon.colcon_core.verb:set package 'lego_manipulation' build argument 'catkin_skip_building_tests' from command line to 'False'
[7.805s] DEBUG:colcon.colcon_core.verb:Building package 'lego_manipulation' with the following arguments: {'ament_cmake_args': None, 'build_base': '/home/ram/Documents/ros2/build/lego_manipulation', 'catkin_cmake_args': None, 'catkin_skip_building_tests': False, 'cmake_args': None, 'cmake_clean_cache': False, 'cmake_clean_first': False, 'cmake_force_configure': False, 'cmake_target': None, 'cmake_target_skip_unavailable': False, 'install_base': '/home/ram/Documents/ros2/install/lego_manipulation', 'merge_install': False, 'path': '/home/ram/Documents/ros2/src/lego_manipulation', 'symlink_install': False, 'test_result_base': None}
[7.805s] INFO:colcon.colcon_core.executor:Executing jobs using 'parallel' executor
[7.809s] DEBUG:colcon.colcon_parallel_executor.executor.parallel:run_until_complete
[7.809s] INFO:colcon.colcon_ros.task.ament_cmake.build:Building ROS package in '/home/ram/Documents/ros2/src/lego_description' with build type 'ament_cmake'
[7.810s] INFO:colcon.colcon_cmake.task.cmake.build:Building CMake package in '/home/ram/Documents/ros2/src/lego_description'
[7.886s] INFO:colcon.colcon_core.plugin_system:Skipping extension 'colcon_core.shell.bat': Not used on non-Windows systems
[7.887s] INFO:colcon.colcon_core.shell:Skip shell extension 'powershell' for command environment: Not usable outside of PowerShell
[7.887s] DEBUG:colcon.colcon_core.shell:Skip shell extension 'dsv' for command environment
[7.920s] INFO:colcon.colcon_ros.task.ament_python.build:Building ROS package in '/home/ram/Documents/ros2/src/lego_manipulation' with build type 'ament_python'
[7.921s] Level 1:colcon.colcon_core.shell:create_environment_hook('lego_manipulation', 'ament_prefix_path')
[7.922s] INFO:colcon.colcon_core.shell:Creating environment hook '/home/ram/Documents/ros2/install/lego_manipulation/share/lego_manipulation/hook/ament_prefix_path.ps1'
[7.959s] INFO:colcon.colcon_core.shell:Creating environment descriptor '/home/ram/Documents/ros2/install/lego_manipulation/share/lego_manipulation/hook/ament_prefix_path.dsv'
[7.960s] INFO:colcon.colcon_core.shell:Creating environment hook '/home/ram/Documents/ros2/install/lego_manipulation/share/lego_manipulation/hook/ament_prefix_path.sh'
[7.963s] INFO:colcon.colcon_core.shell:Skip shell extension 'powershell' for command environment: Not usable outside of PowerShell
[7.963s] DEBUG:colcon.colcon_core.shell:Skip shell extension 'dsv' for command environment
[8.001s] DEBUG:colcon.colcon_core.event_handler.log_command:Invoking command in '/home/ram/Documents/ros2/build/lego_description': /usr/bin/cmake /home/ram/Documents/ros2/src/lego_description -DCMAKE_INSTALL_PREFIX=/home/ram/Documents/ros2/install/lego_description
[8.885s] INFO:colcon.colcon_core.task.python.build:Building Python package in '/home/ram/Documents/ros2/src/lego_manipulation'
[8.886s] INFO:colcon.colcon_core.shell:Skip shell extension 'powershell' for command environment: Not usable outside of PowerShell
[8.886s] DEBUG:colcon.colcon_core.shell:Skip shell extension 'dsv' for command environment
[13.766s] DEBUG:colcon.colcon_core.event_handler.log_command:Invoking command in '/home/ram/Documents/ros2/src/lego_manipulation': PYTHONPATH=/home/ram/Documents/ros2/build/lego_manipulation/prefix_override:/usr/lib/python3/dist-packages/colcon_core/task/python/colcon_distutils_commands:/home/ram/Documents/ros2/install/lego_manipulation/lib/python3.10/site-packages: /usr/bin/python3 -W ignore:setup.py install is deprecated -W ignore:easy_install command is deprecated setup.py egg_info --egg-base ../../build/lego_manipulation build --build-base /home/ram/Documents/ros2/build/lego_manipulation/build install --record /home/ram/Documents/ros2/build/lego_manipulation/install.log --single-version-externally-managed install_data
[14.557s] DEBUG:colcon.colcon_core.event_handler.log_command:Invoked command in '/home/ram/Documents/ros2/src/lego_manipulation' returned '0': PYTHONPATH=/home/ram/Documents/ros2/build/lego_manipulation/prefix_override:/usr/lib/python3/dist-packages/colcon_core/task/python/colcon_distutils_commands:/home/ram/Documents/ros2/install/lego_manipulation/lib/python3.10/site-packages: /usr/bin/python3 -W ignore:setup.py install is deprecated -W ignore:easy_install command is deprecated setup.py egg_info --egg-base ../../build/lego_manipulation build --build-base /home/ram/Documents/ros2/build/lego_manipulation/build install --record /home/ram/Documents/ros2/build/lego_manipulation/install.log --single-version-externally-managed install_data
[14.840s] Level 1:colcon.colcon_core.environment:checking '/home/ram/Documents/ros2/install/lego_manipulation' for CMake module files
[14.841s] Level 1:colcon.colcon_core.environment:checking '/home/ram/Documents/ros2/install/lego_manipulation' for CMake config files
[14.843s] Level 1:colcon.colcon_core.environment:checking '/home/ram/Documents/ros2/install/lego_manipulation/lib'
[14.844s] Level 1:colcon.colcon_core.environment:checking '/home/ram/Documents/ros2/install/lego_manipulation/bin'
[14.844s] Level 1:colcon.colcon_core.shell:create_environment_hook('lego_manipulation', 'path')
[14.844s] INFO:colcon.colcon_core.shell:Creating environment hook '/home/ram/Documents/ros2/install/lego_manipulation/share/lego_manipulation/hook/path.ps1'
[14.846s] INFO:colcon.colcon_core.shell:Creating environment descriptor '/home/ram/Documents/ros2/install/lego_manipulation/share/lego_manipulation/hook/path.dsv'
[14.848s] INFO:colcon.colcon_core.shell:Creating environment hook '/home/ram/Documents/ros2/install/lego_manipulation/share/lego_manipulation/hook/path.sh'
[14.849s] Level 1:colcon.colcon_core.environment:checking '/home/ram/Documents/ros2/install/lego_manipulation/lib/pkgconfig/lego_manipulation.pc'
[14.850s] Level 1:colcon.colcon_core.environment:checking '/home/ram/Documents/ros2/install/lego_manipulation/lib/python3.10/site-packages'
[14.850s] Level 1:colcon.colcon_core.shell:create_environment_hook('lego_manipulation', 'pythonpath')
[14.853s] INFO:colcon.colcon_core.shell:Creating environment hook '/home/ram/Documents/ros2/install/lego_manipulation/share/lego_manipulation/hook/pythonpath.ps1'
[14.856s] INFO:colcon.colcon_core.shell:Creating environment descriptor '/home/ram/Documents/ros2/install/lego_manipulation/share/lego_manipulation/hook/pythonpath.dsv'
[14.858s] INFO:colcon.colcon_core.shell:Creating environment hook '/home/ram/Documents/ros2/install/lego_manipulation/share/lego_manipulation/hook/pythonpath.sh'
[14.859s] Level 1:colcon.colcon_core.environment:checking '/home/ram/Documents/ros2/install/lego_manipulation/bin'
[14.860s] Level 1:colcon.colcon_core.shell:create_environment_hook('lego_manipulation', 'pythonscriptspath')
[14.860s] INFO:colcon.colcon_core.shell:Creating environment hook '/home/ram/Documents/ros2/install/lego_manipulation/share/lego_manipulation/hook/pythonscriptspath.ps1'
[14.862s] INFO:colcon.colcon_core.shell:Creating environment descriptor '/home/ram/Documents/ros2/install/lego_manipulation/share/lego_manipulation/hook/pythonscriptspath.dsv'
[14.862s] INFO:colcon.colcon_core.shell:Creating environment hook '/home/ram/Documents/ros2/install/lego_manipulation/share/lego_manipulation/hook/pythonscriptspath.sh'
[14.864s] Level 1:colcon.colcon_core.environment:create_environment_scripts_only(lego_manipulation)
[14.864s] INFO:colcon.colcon_core.shell:Creating package script '/home/ram/Documents/ros2/install/lego_manipulation/share/lego_manipulation/package.ps1'
[14.890s] INFO:colcon.colcon_core.shell:Creating package descriptor '/home/ram/Documents/ros2/install/lego_manipulation/share/lego_manipulation/package.dsv'
[14.925s] INFO:colcon.colcon_core.shell:Creating package script '/home/ram/Documents/ros2/install/lego_manipulation/share/lego_manipulation/package.sh'
[14.927s] INFO:colcon.colcon_core.shell:Creating package script '/home/ram/Documents/ros2/install/lego_manipulation/share/lego_manipulation/package.bash'
[14.975s] INFO:colcon.colcon_core.shell:Creating package script '/home/ram/Documents/ros2/install/lego_manipulation/share/lego_manipulation/package.zsh'
[15.003s] Level 1:colcon.colcon_core.environment:create_file_with_runtime_dependencies(/home/ram/Documents/ros2/install/lego_manipulation/share/colcon-core/packages/lego_manipulation)
[18.217s] DEBUG:colcon.colcon_core.event_handler.log_command:Invoked command in '/home/ram/Documents/ros2/build/lego_description' returned '1': /usr/bin/cmake /home/ram/Documents/ros2/src/lego_description -DCMAKE_INSTALL_PREFIX=/home/ram/Documents/ros2/install/lego_description
[18.239s] Level 1:colcon.colcon_core.environment:create_environment_scripts_only(lego_description)
[18.240s] Level 1:colcon.colcon_core.environment:checking '/home/ram/Documents/ros2/install/lego_description' for CMake module files
[18.241s] Level 1:colcon.colcon_core.environment:checking '/home/ram/Documents/ros2/install/lego_description' for CMake config files
[18.242s] Level 1:colcon.colcon_core.environment:checking '/home/ram/Documents/ros2/install/lego_description/bin'
[18.242s] Level 1:colcon.colcon_core.environment:checking '/home/ram/Documents/ros2/install/lego_description/lib/pkgconfig/lego_description.pc'
[18.243s] Level 1:colcon.colcon_core.environment:checking '/home/ram/Documents/ros2/install/lego_description/lib/python3.10/site-packages'
[18.246s] Level 1:colcon.colcon_core.environment:checking '/home/ram/Documents/ros2/install/lego_description/bin'
[18.248s] INFO:colcon.colcon_core.shell:Creating package script '/home/ram/Documents/ros2/install/lego_description/share/lego_description/package.ps1'
[18.250s] INFO:colcon.colcon_core.shell:Creating package descriptor '/home/ram/Documents/ros2/install/lego_description/share/lego_description/package.dsv'
[18.250s] INFO:colcon.colcon_core.shell:Creating package script '/home/ram/Documents/ros2/install/lego_description/share/lego_description/package.sh'
[18.251s] INFO:colcon.colcon_core.shell:Creating package script '/home/ram/Documents/ros2/install/lego_description/share/lego_description/package.bash'
[18.252s] INFO:colcon.colcon_core.shell:Creating package script '/home/ram/Documents/ros2/install/lego_description/share/lego_description/package.zsh'
[18.253s] Level 1:colcon.colcon_core.environment:create_file_with_runtime_dependencies(/home/ram/Documents/ros2/install/lego_description/share/colcon-core/packages/lego_description)
[18.263s] DEBUG:colcon.colcon_parallel_executor.executor.parallel:closing loop
[18.264s] DEBUG:colcon.colcon_parallel_executor.executor.parallel:loop closed
[18.264s] DEBUG:colcon.colcon_parallel_executor.executor.parallel:run_until_complete finished with '1'
[18.264s] DEBUG:colcon.colcon_core.event_reactor:joining thread
[18.836s] INFO:colcon.colcon_core.plugin_system:Skipping extension 'colcon_notification.desktop_notification.terminal_notifier': Not used on non-Darwin systems
[18.837s] INFO:colcon.colcon_core.plugin_system:Skipping extension 'colcon_notification.desktop_notification.win32': Not used on non-Windows systems
[18.837s] INFO:colcon.colcon_notification.desktop_notification:Sending desktop notification using 'notify2'
[21.545s] DEBUG:colcon.colcon_core.event_reactor:joined thread
[21.546s] INFO:colcon.colcon_core.shell:Creating prefix script '/home/ram/Documents/ros2/install/local_setup.ps1'
[21.576s] INFO:colcon.colcon_core.shell:Creating prefix util module '/home/ram/Documents/ros2/install/_local_setup_util_ps1.py'
[21.614s] INFO:colcon.colcon_core.shell:Creating prefix chain script '/home/ram/Documents/ros2/install/setup.ps1'
[21.618s] INFO:colcon.colcon_core.shell:Creating prefix script '/home/ram/Documents/ros2/install/local_setup.sh'
[21.656s] INFO:colcon.colcon_core.shell:Creating prefix util module '/home/ram/Documents/ros2/install/_local_setup_util_sh.py'
[21.658s] INFO:colcon.colcon_core.shell:Creating prefix chain script '/home/ram/Documents/ros2/install/setup.sh'
[21.680s] INFO:colcon.colcon_core.shell:Creating prefix script '/home/ram/Documents/ros2/install/local_setup.bash'
[21.704s] INFO:colcon.colcon_core.shell:Creating prefix chain script '/home/ram/Documents/ros2/install/setup.bash'
[21.708s] INFO:colcon.colcon_core.shell:Creating prefix script '/home/ram/Documents/ros2/install/local_setup.zsh'
[21.736s] INFO:colcon.colcon_core.shell:Creating prefix chain script '/home/ram/Documents/ros2/install/setup.zsh'
