[0.978s] Invoking command in '/home/ram/Documents/ros2/build/basic_description': CMAKE_PREFIX_PATH=/opt/ros/humble /usr/bin/cmake --build /home/ram/Documents/ros2/build/basic_description -- -j4 -l4
[1.545s] Invoked command in '/home/ram/Documents/ros2/build/basic_description' returned '0': CMAKE_PREFIX_PATH=/opt/ros/humble /usr/bin/cmake --build /home/ram/Documents/ros2/build/basic_description -- -j4 -l4
[1.577s] Invoking command in '/home/ram/Documents/ros2/build/basic_description': CMAKE_PREFIX_PATH=/opt/ros/humble /usr/bin/cmake --install /home/ram/Documents/ros2/build/basic_description
[1.616s] -- Install configuration: ""
[1.621s] -- Up-to-date: /home/ram/Documents/ros2/install/basic_description/share/basic_description/urdf
[1.621s] -- Installing: /home/ram/Documents/ros2/install/basic_description/share/basic_description/urdf/basic_urdf.xacro
[1.622s] -- Up-to-date: /home/ram/Documents/ros2/install/basic_description/share/basic_description/meshes
[1.622s] -- Up-to-date: /home/ram/Documents/ros2/install/basic_description/share/basic_description/meshes/left_finger.STL
[1.622s] -- Up-to-date: /home/ram/Documents/ros2/install/basic_description/share/basic_description/meshes/triangular_link.STL
[1.624s] -- Up-to-date: /home/ram/Documents/ros2/install/basic_description/share/basic_description/meshes/basement.STL
[1.625s] -- Up-to-date: /home/ram/Documents/ros2/install/basic_description/share/basic_description/meshes/claw_support.STL
[1.626s] -- Up-to-date: /home/ram/Documents/ros2/install/basic_description/share/basic_description/meshes/forward_drive_arm.STL
[1.626s] -- Up-to-date: /home/ram/Documents/ros2/install/basic_description/share/basic_description/meshes/round_plate.STL
[1.626s] -- Up-to-date: /home/ram/Documents/ros2/install/basic_description/share/basic_description/meshes/base_plate.STL
[1.634s] -- Up-to-date: /home/ram/Documents/ros2/install/basic_description/share/basic_description/meshes/plate.STL
[1.635s] -- Up-to-date: /home/ram/Documents/ros2/install/basic_description/share/basic_description/meshes/vertical_drive_arm.STL
[1.635s] -- Up-to-date: /home/ram/Documents/ros2/install/basic_description/share/basic_description/meshes/servo_plate.STL
[1.635s] -- Up-to-date: /home/ram/Documents/ros2/install/basic_description/share/basic_description/meshes/right_finger.STL
[1.637s] -- Up-to-date: /home/ram/Documents/ros2/install/basic_description/share/basic_description/meshes/horizontal_arm.STL
[1.639s] -- Up-to-date: /home/ram/Documents/ros2/install/basic_description/share/basic_description/meshes/link.STL
[1.639s] -- Up-to-date: /home/ram/Documents/ros2/install/basic_description/share/ament_index/resource_index/package_run_dependencies/basic_description
[1.639s] -- Up-to-date: /home/ram/Documents/ros2/install/basic_description/share/ament_index/resource_index/parent_prefix_path/basic_description
[1.639s] -- Up-to-date: /home/ram/Documents/ros2/install/basic_description/share/basic_description/environment/ament_prefix_path.sh
[1.640s] -- Up-to-date: /home/ram/Documents/ros2/install/basic_description/share/basic_description/environment/ament_prefix_path.dsv
[1.640s] -- Up-to-date: /home/ram/Documents/ros2/install/basic_description/share/basic_description/environment/path.sh
[1.640s] -- Up-to-date: /home/ram/Documents/ros2/install/basic_description/share/basic_description/environment/path.dsv
[1.640s] -- Up-to-date: /home/ram/Documents/ros2/install/basic_description/share/basic_description/local_setup.bash
[1.644s] -- Up-to-date: /home/ram/Documents/ros2/install/basic_description/share/basic_description/local_setup.sh
[1.647s] -- Up-to-date: /home/ram/Documents/ros2/install/basic_description/share/basic_description/local_setup.zsh
[1.650s] -- Up-to-date: /home/ram/Documents/ros2/install/basic_description/share/basic_description/local_setup.dsv
[1.650s] -- Up-to-date: /home/ram/Documents/ros2/install/basic_description/share/basic_description/package.dsv
[1.651s] -- Up-to-date: /home/ram/Documents/ros2/install/basic_description/share/ament_index/resource_index/packages/basic_description
[1.651s] -- Up-to-date: /home/ram/Documents/ros2/install/basic_description/share/basic_description/cmake/basic_descriptionConfig.cmake
[1.651s] -- Up-to-date: /home/ram/Documents/ros2/install/basic_description/share/basic_description/cmake/basic_descriptionConfig-version.cmake
[1.651s] -- Up-to-date: /home/ram/Documents/ros2/install/basic_description/share/basic_description/package.xml
[1.652s] Invoked command in '/home/ram/Documents/ros2/build/basic_description' returned '0': CMAKE_PREFIX_PATH=/opt/ros/humble /usr/bin/cmake --install /home/ram/Documents/ros2/build/basic_description
