[4.624s] Invoking command in '/home/ram/Documents/ros2/src/basic_py_examples': PYTHONPATH=/home/ram/Documents/ros2/build/basic_py_examples/prefix_override:/usr/lib/python3/dist-packages/colcon_core/task/python/colcon_distutils_commands:/home/ram/Documents/ros2/install/basic_py_examples/lib/python3.10/site-packages: /usr/bin/python3 -W ignore:setup.py install is deprecated -W ignore:easy_install command is deprecated setup.py egg_info --egg-base ../../build/basic_py_examples build --build-base /home/ram/Documents/ros2/build/basic_py_examples/build install --record /home/ram/Documents/ros2/build/basic_py_examples/install.log --single-version-externally-managed install_data
[5.249s] running egg_info
[5.254s] writing ../../build/basic_py_examples/basic_py_examples.egg-info/PKG-INFO
[5.256s] writing dependency_links to ../../build/basic_py_examples/basic_py_examples.egg-info/dependency_links.txt
[5.257s] writing entry points to ../../build/basic_py_examples/basic_py_examples.egg-info/entry_points.txt
[5.257s] writing requirements to ../../build/basic_py_examples/basic_py_examples.egg-info/requires.txt
[5.257s] writing top-level names to ../../build/basic_py_examples/basic_py_examples.egg-info/top_level.txt
[5.263s] reading manifest file '../../build/basic_py_examples/basic_py_examples.egg-info/SOURCES.txt'
[5.265s] writing manifest file '../../build/basic_py_examples/basic_py_examples.egg-info/SOURCES.txt'
[5.266s] running build
[5.266s] running build_py
[5.267s] running install
[5.267s] running install_lib
[5.270s] running install_data
[5.271s] running install_egg_info
[5.275s] removing '/home/ram/Documents/ros2/install/basic_py_examples/lib/python3.10/site-packages/basic_py_examples-0.0.0-py3.10.egg-info' (and everything under it)
[5.278s] Copying ../../build/basic_py_examples/basic_py_examples.egg-info to /home/ram/Documents/ros2/install/basic_py_examples/lib/python3.10/site-packages/basic_py_examples-0.0.0-py3.10.egg-info
[5.279s] running install_scripts
[5.340s] Installing simple_publisher script to /home/ram/Documents/ros2/install/basic_py_examples/lib/basic_py_examples
[5.380s] Installing simple_subscriber script to /home/ram/Documents/ros2/install/basic_py_examples/lib/basic_py_examples
[5.384s] writing list of installed files to '/home/ram/Documents/ros2/build/basic_py_examples/install.log'
[5.461s] Invoked command in '/home/ram/Documents/ros2/src/basic_py_examples' returned '0': PYTHONPATH=/home/ram/Documents/ros2/build/basic_py_examples/prefix_override:/usr/lib/python3/dist-packages/colcon_core/task/python/colcon_distutils_commands:/home/ram/Documents/ros2/install/basic_py_examples/lib/python3.10/site-packages: /usr/bin/python3 -W ignore:setup.py install is deprecated -W ignore:easy_install command is deprecated setup.py egg_info --egg-base ../../build/basic_py_examples build --build-base /home/ram/Documents/ros2/build/basic_py_examples/build install --record /home/ram/Documents/ros2/build/basic_py_examples/install.log --single-version-externally-managed install_data
