[0.049s] Invoking command in '/home/ram/Documents/ros2/build/basic_description': /usr/bin/cmake --build /home/ram/Documents/ros2/build/basic_description -- -j4 -l4
[0.604s] Invoked command in '/home/ram/Documents/ros2/build/basic_description' returned '0': /usr/bin/cmake --build /home/ram/Documents/ros2/build/basic_description -- -j4 -l4
[0.624s] Invoking command in '/home/ram/Documents/ros2/build/basic_description': /usr/bin/cmake --install /home/ram/Documents/ros2/build/basic_description
[0.653s] -- Install configuration: ""
[0.653s] -- Up-to-date: /home/ram/Documents/ros2/install/basic_description/share/basic_description/urdf
[0.653s] -- Installing: /home/ram/Documents/ros2/install/basic_description/share/basic_description/urdf/basic_urdf.xacro
[0.653s] -- Up-to-date: /home/ram/Documents/ros2/install/basic_description/share/basic_description/meshes
[0.654s] -- Up-to-date: /home/ram/Documents/ros2/install/basic_description/share/basic_description/meshes/left_finger.STL
[0.657s] -- Up-to-date: /home/ram/Documents/ros2/install/basic_description/share/basic_description/meshes/triangular_link.STL
[0.658s] -- Up-to-date: /home/ram/Documents/ros2/install/basic_description/share/basic_description/meshes/basement.STL
[0.662s] -- Up-to-date: /home/ram/Documents/ros2/install/basic_description/share/basic_description/meshes/claw_support.STL
[0.663s] -- Up-to-date: /home/ram/Documents/ros2/install/basic_description/share/basic_description/meshes/forward_drive_arm.STL
[0.663s] -- Up-to-date: /home/ram/Documents/ros2/install/basic_description/share/basic_description/meshes/round_plate.STL
[0.664s] -- Up-to-date: /home/ram/Documents/ros2/install/basic_description/share/basic_description/meshes/base_plate.STL
[0.664s] -- Up-to-date: /home/ram/Documents/ros2/install/basic_description/share/basic_description/meshes/plate.STL
[0.664s] -- Up-to-date: /home/ram/Documents/ros2/install/basic_description/share/basic_description/meshes/vertical_drive_arm.STL
[0.664s] -- Up-to-date: /home/ram/Documents/ros2/install/basic_description/share/basic_description/meshes/servo_plate.STL
[0.665s] -- Up-to-date: /home/ram/Documents/ros2/install/basic_description/share/basic_description/meshes/right_finger.STL
[0.665s] -- Up-to-date: /home/ram/Documents/ros2/install/basic_description/share/basic_description/meshes/horizontal_arm.STL
[0.665s] -- Up-to-date: /home/ram/Documents/ros2/install/basic_description/share/basic_description/meshes/link.STL
[0.665s] -- Up-to-date: /home/ram/Documents/ros2/install/basic_description/share/ament_index/resource_index/package_run_dependencies/basic_description
[0.665s] -- Up-to-date: /home/ram/Documents/ros2/install/basic_description/share/ament_index/resource_index/parent_prefix_path/basic_description
[0.666s] -- Up-to-date: /home/ram/Documents/ros2/install/basic_description/share/basic_description/environment/ament_prefix_path.sh
[0.666s] -- Up-to-date: /home/ram/Documents/ros2/install/basic_description/share/basic_description/environment/ament_prefix_path.dsv
[0.670s] -- Up-to-date: /home/ram/Documents/ros2/install/basic_description/share/basic_description/environment/path.sh
[0.670s] -- Up-to-date: /home/ram/Documents/ros2/install/basic_description/share/basic_description/environment/path.dsv
[0.670s] -- Up-to-date: /home/ram/Documents/ros2/install/basic_description/share/basic_description/local_setup.bash
[0.671s] -- Up-to-date: /home/ram/Documents/ros2/install/basic_description/share/basic_description/local_setup.sh
[0.671s] -- Up-to-date: /home/ram/Documents/ros2/install/basic_description/share/basic_description/local_setup.zsh
[0.671s] -- Up-to-date: /home/ram/Documents/ros2/install/basic_description/share/basic_description/local_setup.dsv
[0.671s] -- Installing: /home/ram/Documents/ros2/install/basic_description/share/basic_description/package.dsv
[0.671s] -- Up-to-date: /home/ram/Documents/ros2/install/basic_description/share/ament_index/resource_index/packages/basic_description
[0.672s] -- Up-to-date: /home/ram/Documents/ros2/install/basic_description/share/basic_description/cmake/basic_descriptionConfig.cmake
[0.672s] -- Up-to-date: /home/ram/Documents/ros2/install/basic_description/share/basic_description/cmake/basic_descriptionConfig-version.cmake
[0.673s] -- Up-to-date: /home/ram/Documents/ros2/install/basic_description/share/basic_description/package.xml
[0.673s] Invoked command in '/home/ram/Documents/ros2/build/basic_description' returned '0': /usr/bin/cmake --install /home/ram/Documents/ros2/build/basic_description
