[1.559s] Invoking command in '/home/ram/Documents/ros2/build/lego_manipulation': PYTHONPATH=/home/ram/Documents/ros2/build/lego_manipulation/prefix_override:/usr/lib/python3/dist-packages/colcon_core/task/python/colcon_distutils_commands:/home/ram/Documents/ros2/install/lego_manipulation/lib/python3.10/site-packages:${PYTHONPATH} /usr/bin/python3 -W ignore:setup.py install is deprecated -W ignore:easy_install command is deprecated setup.py develop --editable --build-directory /home/ram/Documents/ros2/build/lego_manipulation/build --no-deps symlink_data --force
[2.158s] running develop
[2.512s] running egg_info
[2.513s] writing lego_manipulation.egg-info/PKG-INFO
[2.516s] writing dependency_links to lego_manipulation.egg-info/dependency_links.txt
[2.516s] writing entry points to lego_manipulation.egg-info/entry_points.txt
[2.516s] writing requirements to lego_manipulation.egg-info/requires.txt
[2.516s] writing top-level names to lego_manipulation.egg-info/top_level.txt
[2.521s] reading manifest file 'lego_manipulation.egg-info/SOURCES.txt'
[2.544s] writing manifest file 'lego_manipulation.egg-info/SOURCES.txt'
[2.548s] running build_ext
[2.549s] Creating /home/ram/Documents/ros2/install/lego_manipulation/lib/python3.10/site-packages/lego-manipulation.egg-link (link to .)
[2.551s] Installing joint_controller script to /home/ram/Documents/ros2/install/lego_manipulation/bin
[2.552s] Installing lego_pick_place script to /home/ram/Documents/ros2/install/lego_manipulation/bin
[2.553s] 
[2.553s] Installed /home/ram/Documents/ros2/build/lego_manipulation
[2.554s] running symlink_data
[2.554s] symbolically linking /home/ram/Documents/ros2/build/lego_manipulation/resource/lego_manipulation -> /home/ram/Documents/ros2/install/lego_manipulation/share/ament_index/resource_index/packages
[2.554s] symbolically linking /home/ram/Documents/ros2/build/lego_manipulation/package.xml -> /home/ram/Documents/ros2/install/lego_manipulation/share/lego_manipulation
[2.554s] symbolically linking /home/ram/Documents/ros2/build/lego_manipulation/launch/lego_demo.launch.py -> /home/ram/Documents/ros2/install/lego_manipulation/share/lego_manipulation/launch
[2.619s] Invoked command in '/home/ram/Documents/ros2/build/lego_manipulation' returned '0': PYTHONPATH=/home/ram/Documents/ros2/build/lego_manipulation/prefix_override:/usr/lib/python3/dist-packages/colcon_core/task/python/colcon_distutils_commands:/home/ram/Documents/ros2/install/lego_manipulation/lib/python3.10/site-packages:${PYTHONPATH} /usr/bin/python3 -W ignore:setup.py install is deprecated -W ignore:easy_install command is deprecated setup.py develop --editable --build-directory /home/ram/Documents/ros2/build/lego_manipulation/build --no-deps symlink_data --force
