[2.172s] Invoking command in '/home/ram/Documents/ROS---2/src/conveyor_manipulation': PYTHONPATH=/home/ram/Documents/ROS---2/build/conveyor_manipulation/prefix_override:/usr/lib/python3/dist-packages/colcon_core/task/python/colcon_distutils_commands:/home/ram/Documents/ROS---2/install/conveyor_manipulation/lib/python3.10/site-packages:${PYTHONPATH} /usr/bin/python3 -W ignore:setup.py install is deprecated -W ignore:easy_install command is deprecated setup.py egg_info --egg-base ../../build/conveyor_manipulation build --build-base /home/ram/Documents/ROS---2/build/conveyor_manipulation/build install --record /home/ram/Documents/ROS---2/build/conveyor_manipulation/install.log --single-version-externally-managed install_data
[2.809s] running egg_info
[2.810s] creating ../../build/conveyor_manipulation/conveyor_manipulation.egg-info
[2.811s] writing ../../build/conveyor_manipulation/conveyor_manipulation.egg-info/PKG-INFO
[2.811s] writing dependency_links to ../../build/conveyor_manipulation/conveyor_manipulation.egg-info/dependency_links.txt
[2.812s] writing entry points to ../../build/conveyor_manipulation/conveyor_manipulation.egg-info/entry_points.txt
[2.813s] writing requirements to ../../build/conveyor_manipulation/conveyor_manipulation.egg-info/requires.txt
[2.813s] writing top-level names to ../../build/conveyor_manipulation/conveyor_manipulation.egg-info/top_level.txt
[2.814s] writing manifest file '../../build/conveyor_manipulation/conveyor_manipulation.egg-info/SOURCES.txt'
[2.817s] reading manifest file '../../build/conveyor_manipulation/conveyor_manipulation.egg-info/SOURCES.txt'
[2.819s] writing manifest file '../../build/conveyor_manipulation/conveyor_manipulation.egg-info/SOURCES.txt'
[2.820s] running build
[2.820s] running build_py
[2.820s] creating /home/ram/Documents/ROS---2/build/conveyor_manipulation/build
[2.821s] creating /home/ram/Documents/ROS---2/build/conveyor_manipulation/build/lib
[2.821s] creating /home/ram/Documents/ROS---2/build/conveyor_manipulation/build/lib/conveyor_manipulation
[2.821s] copying conveyor_manipulation/__init__.py -> /home/ram/Documents/ROS---2/build/conveyor_manipulation/build/lib/conveyor_manipulation
[2.821s] copying conveyor_manipulation/robot_controller.py -> /home/ram/Documents/ROS---2/build/conveyor_manipulation/build/lib/conveyor_manipulation
[2.822s] running install
[2.822s] running install_lib
[2.824s] creating /home/ram/Documents/ROS---2/install/conveyor_manipulation/lib/python3.10/site-packages/conveyor_manipulation
[2.824s] copying /home/ram/Documents/ROS---2/build/conveyor_manipulation/build/lib/conveyor_manipulation/__init__.py -> /home/ram/Documents/ROS---2/install/conveyor_manipulation/lib/python3.10/site-packages/conveyor_manipulation
[2.824s] copying /home/ram/Documents/ROS---2/build/conveyor_manipulation/build/lib/conveyor_manipulation/robot_controller.py -> /home/ram/Documents/ROS---2/install/conveyor_manipulation/lib/python3.10/site-packages/conveyor_manipulation
[2.825s] byte-compiling /home/ram/Documents/ROS---2/install/conveyor_manipulation/lib/python3.10/site-packages/conveyor_manipulation/__init__.py to __init__.cpython-310.pyc
[2.826s] byte-compiling /home/ram/Documents/ROS---2/install/conveyor_manipulation/lib/python3.10/site-packages/conveyor_manipulation/robot_controller.py to robot_controller.cpython-310.pyc
[2.829s] running install_data
[2.829s] creating /home/ram/Documents/ROS---2/install/conveyor_manipulation/share/ament_index
[2.830s] creating /home/ram/Documents/ROS---2/install/conveyor_manipulation/share/ament_index/resource_index
[2.830s] creating /home/ram/Documents/ROS---2/install/conveyor_manipulation/share/ament_index/resource_index/packages
[2.831s] copying resource/conveyor_manipulation -> /home/ram/Documents/ROS---2/install/conveyor_manipulation/share/ament_index/resource_index/packages
[2.832s] copying package.xml -> /home/ram/Documents/ROS---2/install/conveyor_manipulation/share/conveyor_manipulation
[2.832s] running install_egg_info
[2.834s] Copying ../../build/conveyor_manipulation/conveyor_manipulation.egg-info to /home/ram/Documents/ROS---2/install/conveyor_manipulation/lib/python3.10/site-packages/conveyor_manipulation-0.0.0-py3.10.egg-info
[2.836s] running install_scripts
[2.882s] Installing robot_controller script to /home/ram/Documents/ROS---2/install/conveyor_manipulation/lib/conveyor_manipulation
[2.883s] writing list of installed files to '/home/ram/Documents/ROS---2/build/conveyor_manipulation/install.log'
[2.941s] Invoked command in '/home/ram/Documents/ROS---2/src/conveyor_manipulation' returned '0': PYTHONPATH=/home/ram/Documents/ROS---2/build/conveyor_manipulation/prefix_override:/usr/lib/python3/dist-packages/colcon_core/task/python/colcon_distutils_commands:/home/ram/Documents/ROS---2/install/conveyor_manipulation/lib/python3.10/site-packages:${PYTHONPATH} /usr/bin/python3 -W ignore:setup.py install is deprecated -W ignore:easy_install command is deprecated setup.py egg_info --egg-base ../../build/conveyor_manipulation build --build-base /home/ram/Documents/ROS---2/build/conveyor_manipulation/build install --record /home/ram/Documents/ROS---2/build/conveyor_manipulation/install.log --single-version-externally-managed install_data
