-- Install configuration: ""
-- Up-to-date: /home/ram/Documents/ROS---2/install/basic_description/share/basic_description/urdf
-- Up-to-date: /home/ram/Documents/ROS---2/install/basic_description/share/basic_description/urdf/basic_urdf.xacro
-- Up-to-date: /home/ram/Documents/ROS---2/install/basic_description/share/basic_description/urdf/robot_clean.xacro
-- Up-to-date: /home/ram/Documents/ROS---2/install/basic_description/share/basic_description/meshes
-- Up-to-date: /home/ram/Documents/ROS---2/install/basic_description/share/basic_description/meshes/left_finger.STL
-- Up-to-date: /home/ram/Documents/ROS---2/install/basic_description/share/basic_description/meshes/triangular_link.STL
-- Up-to-date: /home/ram/Documents/ROS---2/install/basic_description/share/basic_description/meshes/basement.STL
-- Up-to-date: /home/ram/Documents/ROS---2/install/basic_description/share/basic_description/meshes/claw_support.STL
-- Up-to-date: /home/ram/Documents/ROS---2/install/basic_description/share/basic_description/meshes/forward_drive_arm.STL
-- Up-to-date: /home/ram/Documents/ROS---2/install/basic_description/share/basic_description/meshes/round_plate.STL
-- Up-to-date: /home/ram/Documents/ROS---2/install/basic_description/share/basic_description/meshes/base_plate.STL
-- Up-to-date: /home/ram/Documents/ROS---2/install/basic_description/share/basic_description/meshes/plate.STL
-- Up-to-date: /home/ram/Documents/ROS---2/install/basic_description/share/basic_description/meshes/vertical_drive_arm.STL
-- Up-to-date: /home/ram/Documents/ROS---2/install/basic_description/share/basic_description/meshes/servo_plate.STL
-- Up-to-date: /home/ram/Documents/ROS---2/install/basic_description/share/basic_description/meshes/right_finger.STL
-- Up-to-date: /home/ram/Documents/ROS---2/install/basic_description/share/basic_description/meshes/horizontal_arm.STL
-- Up-to-date: /home/ram/Documents/ROS---2/install/basic_description/share/basic_description/meshes/link.STL
-- Up-to-date: /home/ram/Documents/ROS---2/install/basic_description/share/ament_index/resource_index/package_run_dependencies/basic_description
-- Up-to-date: /home/ram/Documents/ROS---2/install/basic_description/share/ament_index/resource_index/parent_prefix_path/basic_description
-- Up-to-date: /home/ram/Documents/ROS---2/install/basic_description/share/basic_description/environment/ament_prefix_path.sh
-- Up-to-date: /home/ram/Documents/ROS---2/install/basic_description/share/basic_description/environment/ament_prefix_path.dsv
-- Up-to-date: /home/ram/Documents/ROS---2/install/basic_description/share/basic_description/environment/path.sh
-- Up-to-date: /home/ram/Documents/ROS---2/install/basic_description/share/basic_description/environment/path.dsv
-- Up-to-date: /home/ram/Documents/ROS---2/install/basic_description/share/basic_description/local_setup.bash
-- Up-to-date: /home/ram/Documents/ROS---2/install/basic_description/share/basic_description/local_setup.sh
-- Up-to-date: /home/ram/Documents/ROS---2/install/basic_description/share/basic_description/local_setup.zsh
-- Up-to-date: /home/ram/Documents/ROS---2/install/basic_description/share/basic_description/local_setup.dsv
-- Installing: /home/ram/Documents/ROS---2/install/basic_description/share/basic_description/package.dsv
-- Up-to-date: /home/ram/Documents/ROS---2/install/basic_description/share/ament_index/resource_index/packages/basic_description
-- Up-to-date: /home/ram/Documents/ROS---2/install/basic_description/share/basic_description/cmake/basic_descriptionConfig.cmake
-- Up-to-date: /home/ram/Documents/ROS---2/install/basic_description/share/basic_description/cmake/basic_descriptionConfig-version.cmake
-- Up-to-date: /home/ram/Documents/ROS---2/install/basic_description/share/basic_description/package.xml
