[0.191s] DEBUG:colcon:Command line arguments: ['/usr/bin/colcon', 'build']
[0.192s] DEBUG:colcon:Parsed command line arguments: Namespace(log_base=None, log_level=None, verb_name='build', build_base='build', install_base='install', merge_install=False, symlink_install=False, test_result_base=None, continue_on_error=False, executor='parallel', parallel_workers=4, event_handlers=None, ignore_user_meta=False, metas=['./colcon.meta'], base_paths=['.'], packages_ignore=None, packages_ignore_regex=None, paths=None, packages_up_to=None, packages_up_to_regex=None, packages_above=None, packages_above_and_dependencies=None, packages_above_depth=None, packages_select_by_dep=None, packages_skip_by_dep=None, packages_skip_up_to=None, packages_select_build_failed=False, packages_skip_build_finished=False, packages_select_test_failures=False, packages_skip_test_passed=False, packages_select=None, packages_skip=None, packages_select_regex=None, packages_skip_regex=None, packages_start=None, packages_end=None, allow_overriding=[], cmake_args=None, cmake_target=None, cmake_target_skip_unavailable=False, cmake_clean_cache=False, cmake_clean_first=False, cmake_force_configure=False, ament_cmake_args=None, catkin_cmake_args=None, catkin_skip_building_tests=False, mixin_files=None, mixin=None, verb_parser=<colcon_mixin.mixin.mixin_argument.MixinArgumentDecorator object at 0x72b91cc247c0>, verb_extension=<colcon_core.verb.build.BuildVerb object at 0x72b91cc241c0>, main=<bound method BuildVerb.main of <colcon_core.verb.build.BuildVerb object at 0x72b91cc241c0>>, mixin_verb=('build',))
[0.436s] Level 1:colcon.colcon_core.package_discovery:discover_packages(colcon_meta) check parameters
[0.436s] Level 1:colcon.colcon_core.package_discovery:discover_packages(recursive) check parameters
[0.436s] Level 1:colcon.colcon_core.package_discovery:discover_packages(ignore) check parameters
[0.436s] Level 1:colcon.colcon_core.package_discovery:discover_packages(path) check parameters
[0.437s] Level 1:colcon.colcon_core.package_discovery:discover_packages(colcon_meta) discover
[0.437s] Level 1:colcon.colcon_core.package_discovery:discover_packages(recursive) discover
[0.437s] INFO:colcon.colcon_core.package_discovery:Crawling recursively for packages in '/home/ram/Documents/ros2'
[0.437s] Level 1:colcon.colcon_core.package_identification:_identify(.) by extensions ['ignore', 'ignore_ament_install']
[0.437s] Level 1:colcon.colcon_core.package_identification:_identify(.) by extension 'ignore'
[0.437s] Level 1:colcon.colcon_core.package_identification:_identify(.) by extension 'ignore_ament_install'
[0.437s] Level 1:colcon.colcon_core.package_identification:_identify(.) by extensions ['colcon_pkg']
[0.437s] Level 1:colcon.colcon_core.package_identification:_identify(.) by extension 'colcon_pkg'
[0.438s] Level 1:colcon.colcon_core.package_identification:_identify(.) by extensions ['colcon_meta']
[0.438s] Level 1:colcon.colcon_core.package_identification:_identify(.) by extension 'colcon_meta'
[0.438s] Level 1:colcon.colcon_core.package_identification:_identify(.) by extensions ['ros']
[0.438s] Level 1:colcon.colcon_core.package_identification:_identify(.) by extension 'ros'
[0.457s] Level 1:colcon.colcon_core.package_identification:_identify(.) by extensions ['cmake', 'python']
[0.458s] Level 1:colcon.colcon_core.package_identification:_identify(.) by extension 'cmake'
[0.458s] Level 1:colcon.colcon_core.package_identification:_identify(.) by extension 'python'
[0.458s] Level 1:colcon.colcon_core.package_identification:_identify(.) by extensions ['python_setup_py']
[0.458s] Level 1:colcon.colcon_core.package_identification:_identify(.) by extension 'python_setup_py'
[0.458s] Level 1:colcon.colcon_core.package_identification:_identify(build) by extensions ['ignore', 'ignore_ament_install']
[0.458s] Level 1:colcon.colcon_core.package_identification:_identify(build) by extension 'ignore'
[0.458s] Level 1:colcon.colcon_core.package_identification:_identify(build) ignored
[0.459s] Level 1:colcon.colcon_core.package_identification:_identify(install) by extensions ['ignore', 'ignore_ament_install']
[0.459s] Level 1:colcon.colcon_core.package_identification:_identify(install) by extension 'ignore'
[0.459s] Level 1:colcon.colcon_core.package_identification:_identify(install) ignored
[0.459s] Level 1:colcon.colcon_core.package_identification:_identify(log) by extensions ['ignore', 'ignore_ament_install']
[0.459s] Level 1:colcon.colcon_core.package_identification:_identify(log) by extension 'ignore'
[0.459s] Level 1:colcon.colcon_core.package_identification:_identify(log) ignored
[0.460s] Level 1:colcon.colcon_core.package_identification:_identify(src) by extensions ['ignore', 'ignore_ament_install']
[0.460s] Level 1:colcon.colcon_core.package_identification:_identify(src) by extension 'ignore'
[0.460s] Level 1:colcon.colcon_core.package_identification:_identify(src) by extension 'ignore_ament_install'
[0.460s] Level 1:colcon.colcon_core.package_identification:_identify(src) by extensions ['colcon_pkg']
[0.460s] Level 1:colcon.colcon_core.package_identification:_identify(src) by extension 'colcon_pkg'
[0.460s] Level 1:colcon.colcon_core.package_identification:_identify(src) by extensions ['colcon_meta']
[0.460s] Level 1:colcon.colcon_core.package_identification:_identify(src) by extension 'colcon_meta'
[0.460s] Level 1:colcon.colcon_core.package_identification:_identify(src) by extensions ['ros']
[0.460s] Level 1:colcon.colcon_core.package_identification:_identify(src) by extension 'ros'
[0.460s] Level 1:colcon.colcon_core.package_identification:_identify(src) by extensions ['cmake', 'python']
[0.461s] Level 1:colcon.colcon_core.package_identification:_identify(src) by extension 'cmake'
[0.461s] Level 1:colcon.colcon_core.package_identification:_identify(src) by extension 'python'
[0.461s] Level 1:colcon.colcon_core.package_identification:_identify(src) by extensions ['python_setup_py']
[0.461s] Level 1:colcon.colcon_core.package_identification:_identify(src) by extension 'python_setup_py'
[0.461s] Level 1:colcon.colcon_core.package_identification:_identify(src/basic_description) by extensions ['ignore', 'ignore_ament_install']
[0.461s] Level 1:colcon.colcon_core.package_identification:_identify(src/basic_description) by extension 'ignore'
[0.461s] Level 1:colcon.colcon_core.package_identification:_identify(src/basic_description) by extension 'ignore_ament_install'
[0.461s] Level 1:colcon.colcon_core.package_identification:_identify(src/basic_description) by extensions ['colcon_pkg']
[0.461s] Level 1:colcon.colcon_core.package_identification:_identify(src/basic_description) by extension 'colcon_pkg'
[0.461s] Level 1:colcon.colcon_core.package_identification:_identify(src/basic_description) by extensions ['colcon_meta']
[0.462s] Level 1:colcon.colcon_core.package_identification:_identify(src/basic_description) by extension 'colcon_meta'
[0.462s] Level 1:colcon.colcon_core.package_identification:_identify(src/basic_description) by extensions ['ros']
[0.462s] Level 1:colcon.colcon_core.package_identification:_identify(src/basic_description) by extension 'ros'
[0.466s] DEBUG:colcon.colcon_core.package_identification:Package 'src/basic_description' with type 'ros.ament_cmake' and name 'basic_description'
[0.466s] Level 1:colcon.colcon_core.package_identification:_identify(src/basic_py_examples) by extensions ['ignore', 'ignore_ament_install']
[0.466s] Level 1:colcon.colcon_core.package_identification:_identify(src/basic_py_examples) by extension 'ignore'
[0.466s] Level 1:colcon.colcon_core.package_identification:_identify(src/basic_py_examples) by extension 'ignore_ament_install'
[0.467s] Level 1:colcon.colcon_core.package_identification:_identify(src/basic_py_examples) by extensions ['colcon_pkg']
[0.467s] Level 1:colcon.colcon_core.package_identification:_identify(src/basic_py_examples) by extension 'colcon_pkg'
[0.467s] Level 1:colcon.colcon_core.package_identification:_identify(src/basic_py_examples) by extensions ['colcon_meta']
[0.467s] Level 1:colcon.colcon_core.package_identification:_identify(src/basic_py_examples) by extension 'colcon_meta'
[0.467s] Level 1:colcon.colcon_core.package_identification:_identify(src/basic_py_examples) by extensions ['ros']
[0.467s] Level 1:colcon.colcon_core.package_identification:_identify(src/basic_py_examples) by extension 'ros'
[0.468s] DEBUG:colcon.colcon_core.package_identification:Package 'src/basic_py_examples' with type 'ros.ament_python' and name 'basic_py_examples'
[0.468s] Level 1:colcon.colcon_core.package_discovery:discover_packages(recursive) using defaults
[0.468s] Level 1:colcon.colcon_core.package_discovery:discover_packages(ignore) discover
[0.468s] Level 1:colcon.colcon_core.package_discovery:discover_packages(ignore) using defaults
[0.468s] Level 1:colcon.colcon_core.package_discovery:discover_packages(path) discover
[0.468s] Level 1:colcon.colcon_core.package_discovery:discover_packages(path) using defaults
[0.505s] Level 1:colcon.colcon_core.package_discovery:discover_packages(prefix_path) check parameters
[0.505s] Level 1:colcon.colcon_core.package_discovery:discover_packages(prefix_path) discover
[0.509s] Level 1:colcon.colcon_core.package_discovery:discover_packages(prefix_path) using defaults
[0.511s] Level 5:colcon.colcon_core.verb:set package 'basic_description' build argument 'cmake_args' from command line to 'None'
[0.511s] Level 5:colcon.colcon_core.verb:set package 'basic_description' build argument 'cmake_target' from command line to 'None'
[0.511s] Level 5:colcon.colcon_core.verb:set package 'basic_description' build argument 'cmake_target_skip_unavailable' from command line to 'False'
[0.511s] Level 5:colcon.colcon_core.verb:set package 'basic_description' build argument 'cmake_clean_cache' from command line to 'False'
[0.511s] Level 5:colcon.colcon_core.verb:set package 'basic_description' build argument 'cmake_clean_first' from command line to 'False'
[0.511s] Level 5:colcon.colcon_core.verb:set package 'basic_description' build argument 'cmake_force_configure' from command line to 'False'
[0.511s] Level 5:colcon.colcon_core.verb:set package 'basic_description' build argument 'ament_cmake_args' from command line to 'None'
[0.511s] Level 5:colcon.colcon_core.verb:set package 'basic_description' build argument 'catkin_cmake_args' from command line to 'None'
[0.511s] Level 5:colcon.colcon_core.verb:set package 'basic_description' build argument 'catkin_skip_building_tests' from command line to 'False'
[0.511s] DEBUG:colcon.colcon_core.verb:Building package 'basic_description' with the following arguments: {'ament_cmake_args': None, 'build_base': '/home/ram/Documents/ros2/build/basic_description', 'catkin_cmake_args': None, 'catkin_skip_building_tests': False, 'cmake_args': None, 'cmake_clean_cache': False, 'cmake_clean_first': False, 'cmake_force_configure': False, 'cmake_target': None, 'cmake_target_skip_unavailable': False, 'install_base': '/home/ram/Documents/ros2/install/basic_description', 'merge_install': False, 'path': '/home/ram/Documents/ros2/src/basic_description', 'symlink_install': False, 'test_result_base': None}
[0.512s] Level 5:colcon.colcon_core.verb:set package 'basic_py_examples' build argument 'cmake_args' from command line to 'None'
[0.512s] Level 5:colcon.colcon_core.verb:set package 'basic_py_examples' build argument 'cmake_target' from command line to 'None'
[0.512s] Level 5:colcon.colcon_core.verb:set package 'basic_py_examples' build argument 'cmake_target_skip_unavailable' from command line to 'False'
[0.512s] Level 5:colcon.colcon_core.verb:set package 'basic_py_examples' build argument 'cmake_clean_cache' from command line to 'False'
[0.512s] Level 5:colcon.colcon_core.verb:set package 'basic_py_examples' build argument 'cmake_clean_first' from command line to 'False'
[0.512s] Level 5:colcon.colcon_core.verb:set package 'basic_py_examples' build argument 'cmake_force_configure' from command line to 'False'
[0.512s] Level 5:colcon.colcon_core.verb:set package 'basic_py_examples' build argument 'ament_cmake_args' from command line to 'None'
[0.513s] Level 5:colcon.colcon_core.verb:set package 'basic_py_examples' build argument 'catkin_cmake_args' from command line to 'None'
[0.513s] Level 5:colcon.colcon_core.verb:set package 'basic_py_examples' build argument 'catkin_skip_building_tests' from command line to 'False'
[0.513s] DEBUG:colcon.colcon_core.verb:Building package 'basic_py_examples' with the following arguments: {'ament_cmake_args': None, 'build_base': '/home/ram/Documents/ros2/build/basic_py_examples', 'catkin_cmake_args': None, 'catkin_skip_building_tests': False, 'cmake_args': None, 'cmake_clean_cache': False, 'cmake_clean_first': False, 'cmake_force_configure': False, 'cmake_target': None, 'cmake_target_skip_unavailable': False, 'install_base': '/home/ram/Documents/ros2/install/basic_py_examples', 'merge_install': False, 'path': '/home/ram/Documents/ros2/src/basic_py_examples', 'symlink_install': False, 'test_result_base': None}
[0.513s] INFO:colcon.colcon_core.executor:Executing jobs using 'parallel' executor
[0.514s] DEBUG:colcon.colcon_parallel_executor.executor.parallel:run_until_complete
[0.515s] INFO:colcon.colcon_ros.task.ament_cmake.build:Building ROS package in '/home/ram/Documents/ros2/src/basic_description' with build type 'ament_cmake'
[0.515s] INFO:colcon.colcon_cmake.task.cmake.build:Building CMake package in '/home/ram/Documents/ros2/src/basic_description'
[0.519s] INFO:colcon.colcon_core.plugin_system:Skipping extension 'colcon_core.shell.bat': Not used on non-Windows systems
[0.520s] INFO:colcon.colcon_core.shell:Skip shell extension 'powershell' for command environment: Not usable outside of PowerShell
[0.520s] DEBUG:colcon.colcon_core.shell:Skip shell extension 'dsv' for command environment
[0.523s] INFO:colcon.colcon_ros.task.ament_python.build:Building ROS package in '/home/ram/Documents/ros2/src/basic_py_examples' with build type 'ament_python'
[0.523s] Level 1:colcon.colcon_core.shell:create_environment_hook('basic_py_examples', 'ament_prefix_path')
[0.524s] INFO:colcon.colcon_core.shell:Creating environment hook '/home/ram/Documents/ros2/install/basic_py_examples/share/basic_py_examples/hook/ament_prefix_path.ps1'
[0.526s] INFO:colcon.colcon_core.shell:Creating environment descriptor '/home/ram/Documents/ros2/install/basic_py_examples/share/basic_py_examples/hook/ament_prefix_path.dsv'
[0.527s] INFO:colcon.colcon_core.shell:Creating environment hook '/home/ram/Documents/ros2/install/basic_py_examples/share/basic_py_examples/hook/ament_prefix_path.sh'
[0.529s] INFO:colcon.colcon_core.shell:Skip shell extension 'powershell' for command environment: Not usable outside of PowerShell
[0.529s] DEBUG:colcon.colcon_core.shell:Skip shell extension 'dsv' for command environment
[0.558s] DEBUG:colcon.colcon_core.event_handler.log_command:Invoking command in '/home/ram/Documents/ros2/build/basic_description': /usr/bin/cmake --build /home/ram/Documents/ros2/build/basic_description -- -j4 -l4
[0.980s] INFO:colcon.colcon_core.task.python.build:Building Python package in '/home/ram/Documents/ros2/src/basic_py_examples'
[0.980s] INFO:colcon.colcon_core.shell:Skip shell extension 'powershell' for command environment: Not usable outside of PowerShell
[0.981s] DEBUG:colcon.colcon_core.shell:Skip shell extension 'dsv' for command environment
[0.985s] DEBUG:colcon.colcon_core.event_handler.log_command:Invoked command in '/home/ram/Documents/ros2/build/basic_description' returned '0': /usr/bin/cmake --build /home/ram/Documents/ros2/build/basic_description -- -j4 -l4
[1.001s] DEBUG:colcon.colcon_core.event_handler.log_command:Invoking command in '/home/ram/Documents/ros2/build/basic_description': /usr/bin/cmake --install /home/ram/Documents/ros2/build/basic_description
[1.029s] Level 1:colcon.colcon_core.environment:create_environment_scripts_only(basic_description)
[1.036s] Level 1:colcon.colcon_core.environment:checking '/home/ram/Documents/ros2/install/basic_description' for CMake module files
[1.038s] Level 1:colcon.colcon_core.environment:checking '/home/ram/Documents/ros2/install/basic_description' for CMake config files
[1.043s] DEBUG:colcon.colcon_core.event_handler.log_command:Invoked command in '/home/ram/Documents/ros2/build/basic_description' returned '0': /usr/bin/cmake --install /home/ram/Documents/ros2/build/basic_description
[1.044s] Level 1:colcon.colcon_core.shell:create_environment_hook('basic_description', 'cmake_prefix_path')
[1.045s] INFO:colcon.colcon_core.shell:Creating environment hook '/home/ram/Documents/ros2/install/basic_description/share/basic_description/hook/cmake_prefix_path.ps1'
[1.046s] INFO:colcon.colcon_core.shell:Creating environment descriptor '/home/ram/Documents/ros2/install/basic_description/share/basic_description/hook/cmake_prefix_path.dsv'
[1.048s] INFO:colcon.colcon_core.shell:Creating environment hook '/home/ram/Documents/ros2/install/basic_description/share/basic_description/hook/cmake_prefix_path.sh'
[1.050s] Level 1:colcon.colcon_core.environment:checking '/home/ram/Documents/ros2/install/basic_description/bin'
[1.050s] Level 1:colcon.colcon_core.environment:checking '/home/ram/Documents/ros2/install/basic_description/lib/pkgconfig/basic_description.pc'
[1.051s] Level 1:colcon.colcon_core.environment:checking '/home/ram/Documents/ros2/install/basic_description/lib/python3.10/site-packages'
[1.052s] Level 1:colcon.colcon_core.environment:checking '/home/ram/Documents/ros2/install/basic_description/bin'
[1.053s] INFO:colcon.colcon_core.shell:Creating package script '/home/ram/Documents/ros2/install/basic_description/share/basic_description/package.ps1'
[1.056s] INFO:colcon.colcon_core.shell:Creating package descriptor '/home/ram/Documents/ros2/install/basic_description/share/basic_description/package.dsv'
[1.058s] INFO:colcon.colcon_core.shell:Creating package script '/home/ram/Documents/ros2/install/basic_description/share/basic_description/package.sh'
[1.060s] INFO:colcon.colcon_core.shell:Creating package script '/home/ram/Documents/ros2/install/basic_description/share/basic_description/package.bash'
[1.062s] INFO:colcon.colcon_core.shell:Creating package script '/home/ram/Documents/ros2/install/basic_description/share/basic_description/package.zsh'
[1.064s] Level 1:colcon.colcon_core.environment:create_file_with_runtime_dependencies(/home/ram/Documents/ros2/install/basic_description/share/colcon-core/packages/basic_description)
[1.066s] Level 1:colcon.colcon_core.environment:create_environment_scripts_only(basic_description)
[1.067s] Level 1:colcon.colcon_core.environment:checking '/home/ram/Documents/ros2/install/basic_description' for CMake module files
[1.068s] Level 1:colcon.colcon_core.environment:checking '/home/ram/Documents/ros2/install/basic_description' for CMake config files
[1.068s] Level 1:colcon.colcon_core.shell:create_environment_hook('basic_description', 'cmake_prefix_path')
[1.069s] INFO:colcon.colcon_core.shell:Creating environment hook '/home/ram/Documents/ros2/install/basic_description/share/basic_description/hook/cmake_prefix_path.ps1'
[1.070s] INFO:colcon.colcon_core.shell:Creating environment descriptor '/home/ram/Documents/ros2/install/basic_description/share/basic_description/hook/cmake_prefix_path.dsv'
[1.071s] INFO:colcon.colcon_core.shell:Creating environment hook '/home/ram/Documents/ros2/install/basic_description/share/basic_description/hook/cmake_prefix_path.sh'
[1.073s] Level 1:colcon.colcon_core.environment:checking '/home/ram/Documents/ros2/install/basic_description/bin'
[1.073s] Level 1:colcon.colcon_core.environment:checking '/home/ram/Documents/ros2/install/basic_description/lib/pkgconfig/basic_description.pc'
[1.074s] Level 1:colcon.colcon_core.environment:checking '/home/ram/Documents/ros2/install/basic_description/lib/python3.10/site-packages'
[1.075s] Level 1:colcon.colcon_core.environment:checking '/home/ram/Documents/ros2/install/basic_description/bin'
[1.075s] INFO:colcon.colcon_core.shell:Creating package script '/home/ram/Documents/ros2/install/basic_description/share/basic_description/package.ps1'
[1.077s] INFO:colcon.colcon_core.shell:Creating package descriptor '/home/ram/Documents/ros2/install/basic_description/share/basic_description/package.dsv'
[1.078s] INFO:colcon.colcon_core.shell:Creating package script '/home/ram/Documents/ros2/install/basic_description/share/basic_description/package.sh'
[1.080s] INFO:colcon.colcon_core.shell:Creating package script '/home/ram/Documents/ros2/install/basic_description/share/basic_description/package.bash'
[1.082s] INFO:colcon.colcon_core.shell:Creating package script '/home/ram/Documents/ros2/install/basic_description/share/basic_description/package.zsh'
[1.083s] Level 1:colcon.colcon_core.environment:create_file_with_runtime_dependencies(/home/ram/Documents/ros2/install/basic_description/share/colcon-core/packages/basic_description)
[1.609s] DEBUG:colcon.colcon_core.event_handler.log_command:Invoking command in '/home/ram/Documents/ros2/src/basic_py_examples': PYTHONPATH=/home/ram/Documents/ros2/build/basic_py_examples/prefix_override:/usr/lib/python3/dist-packages/colcon_core/task/python/colcon_distutils_commands:/home/ram/Documents/ros2/install/basic_py_examples/lib/python3.10/site-packages: /usr/bin/python3 -W ignore:setup.py install is deprecated -W ignore:easy_install command is deprecated setup.py egg_info --egg-base ../../build/basic_py_examples build --build-base /home/ram/Documents/ros2/build/basic_py_examples/build install --record /home/ram/Documents/ros2/build/basic_py_examples/install.log --single-version-externally-managed install_data
[2.095s] Level 1:colcon.colcon_core.environment:checking '/home/ram/Documents/ros2/install/basic_py_examples' for CMake module files
[2.097s] DEBUG:colcon.colcon_core.event_handler.log_command:Invoked command in '/home/ram/Documents/ros2/src/basic_py_examples' returned '0': PYTHONPATH=/home/ram/Documents/ros2/build/basic_py_examples/prefix_override:/usr/lib/python3/dist-packages/colcon_core/task/python/colcon_distutils_commands:/home/ram/Documents/ros2/install/basic_py_examples/lib/python3.10/site-packages: /usr/bin/python3 -W ignore:setup.py install is deprecated -W ignore:easy_install command is deprecated setup.py egg_info --egg-base ../../build/basic_py_examples build --build-base /home/ram/Documents/ros2/build/basic_py_examples/build install --record /home/ram/Documents/ros2/build/basic_py_examples/install.log --single-version-externally-managed install_data
[2.097s] Level 1:colcon.colcon_core.environment:checking '/home/ram/Documents/ros2/install/basic_py_examples' for CMake config files
[2.098s] Level 1:colcon.colcon_core.environment:checking '/home/ram/Documents/ros2/install/basic_py_examples/lib'
[2.099s] Level 1:colcon.colcon_core.environment:checking '/home/ram/Documents/ros2/install/basic_py_examples/bin'
[2.099s] Level 1:colcon.colcon_core.environment:checking '/home/ram/Documents/ros2/install/basic_py_examples/lib/pkgconfig/basic_py_examples.pc'
[2.099s] Level 1:colcon.colcon_core.environment:checking '/home/ram/Documents/ros2/install/basic_py_examples/lib/python3.10/site-packages'
[2.099s] Level 1:colcon.colcon_core.shell:create_environment_hook('basic_py_examples', 'pythonpath')
[2.100s] INFO:colcon.colcon_core.shell:Creating environment hook '/home/ram/Documents/ros2/install/basic_py_examples/share/basic_py_examples/hook/pythonpath.ps1'
[2.101s] INFO:colcon.colcon_core.shell:Creating environment descriptor '/home/ram/Documents/ros2/install/basic_py_examples/share/basic_py_examples/hook/pythonpath.dsv'
[2.102s] INFO:colcon.colcon_core.shell:Creating environment hook '/home/ram/Documents/ros2/install/basic_py_examples/share/basic_py_examples/hook/pythonpath.sh'
[2.103s] Level 1:colcon.colcon_core.environment:checking '/home/ram/Documents/ros2/install/basic_py_examples/bin'
[2.104s] Level 1:colcon.colcon_core.environment:create_environment_scripts_only(basic_py_examples)
[2.104s] INFO:colcon.colcon_core.shell:Creating package script '/home/ram/Documents/ros2/install/basic_py_examples/share/basic_py_examples/package.ps1'
[2.105s] INFO:colcon.colcon_core.shell:Creating package descriptor '/home/ram/Documents/ros2/install/basic_py_examples/share/basic_py_examples/package.dsv'
[2.107s] INFO:colcon.colcon_core.shell:Creating package script '/home/ram/Documents/ros2/install/basic_py_examples/share/basic_py_examples/package.sh'
[2.108s] INFO:colcon.colcon_core.shell:Creating package script '/home/ram/Documents/ros2/install/basic_py_examples/share/basic_py_examples/package.bash'
[2.109s] INFO:colcon.colcon_core.shell:Creating package script '/home/ram/Documents/ros2/install/basic_py_examples/share/basic_py_examples/package.zsh'
[2.111s] Level 1:colcon.colcon_core.environment:create_file_with_runtime_dependencies(/home/ram/Documents/ros2/install/basic_py_examples/share/colcon-core/packages/basic_py_examples)
[2.113s] DEBUG:colcon.colcon_parallel_executor.executor.parallel:closing loop
[2.113s] DEBUG:colcon.colcon_parallel_executor.executor.parallel:loop closed
[2.113s] DEBUG:colcon.colcon_parallel_executor.executor.parallel:run_until_complete finished with '0'
[2.114s] DEBUG:colcon.colcon_core.event_reactor:joining thread
[2.125s] INFO:colcon.colcon_core.plugin_system:Skipping extension 'colcon_notification.desktop_notification.terminal_notifier': Not used on non-Darwin systems
[2.125s] INFO:colcon.colcon_core.plugin_system:Skipping extension 'colcon_notification.desktop_notification.win32': Not used on non-Windows systems
[2.125s] INFO:colcon.colcon_notification.desktop_notification:Sending desktop notification using 'notify2'
[2.171s] DEBUG:colcon.colcon_core.event_reactor:joined thread
[2.172s] INFO:colcon.colcon_core.shell:Creating prefix script '/home/ram/Documents/ros2/install/local_setup.ps1'
[2.174s] INFO:colcon.colcon_core.shell:Creating prefix util module '/home/ram/Documents/ros2/install/_local_setup_util_ps1.py'
[2.178s] INFO:colcon.colcon_core.shell:Creating prefix chain script '/home/ram/Documents/ros2/install/setup.ps1'
[2.180s] INFO:colcon.colcon_core.shell:Creating prefix script '/home/ram/Documents/ros2/install/local_setup.sh'
[2.182s] INFO:colcon.colcon_core.shell:Creating prefix util module '/home/ram/Documents/ros2/install/_local_setup_util_sh.py'
[2.183s] INFO:colcon.colcon_core.shell:Creating prefix chain script '/home/ram/Documents/ros2/install/setup.sh'
[2.185s] INFO:colcon.colcon_core.shell:Creating prefix script '/home/ram/Documents/ros2/install/local_setup.bash'
[2.186s] INFO:colcon.colcon_core.shell:Creating prefix chain script '/home/ram/Documents/ros2/install/setup.bash'
[2.187s] INFO:colcon.colcon_core.shell:Creating prefix script '/home/ram/Documents/ros2/install/local_setup.zsh'
[2.188s] INFO:colcon.colcon_core.shell:Creating prefix chain script '/home/ram/Documents/ros2/install/setup.zsh'
