[0.190s] Invoking command in '/home/ram/Documents/ros2/build/lego_description': /usr/bin/cmake /home/ram/Documents/ros2/src/lego_description -DCMAKE_INSTALL_PREFIX=/home/ram/Documents/ros2/install/lego_description
[6.503s] -- The C compiler identification is GNU 11.4.0
[8.171s] -- The CXX compiler identification is GNU 11.4.0
[8.572s] -- Detecting C compiler ABI info
[9.074s] -- Detecting C compiler ABI info - done
[9.096s] -- Check for working C compiler: /usr/bin/cc - skipped
[9.131s] -- Detecting C compile features
[9.190s] -- Detecting C compile features - done
[9.357s] -- Detecting CXX compiler ABI info
[9.795s] -- Detecting CXX compiler ABI info - done
[9.841s] -- Check for working CXX compiler: /usr/bin/c++ - skipped
[9.842s] -- Detecting CXX compile features
[9.843s] -- Detecting CXX compile features - done
[10.391s] [31mCMake Error at CMakeLists.txt:5 (find_package):
[10.392s]   By not providing "Findament_cmake.cmake" in CMAKE_MODULE_PATH this project
[10.392s]   has asked CMake to find a package configuration file provided by
[10.392s]   "ament_cmake", but CMake did not find one.
[10.393s] 
[10.393s]   Could not find a package configuration file provided by "ament_cmake" with
[10.393s]   any of the following names:
[10.393s] 
[10.394s]     ament_cmakeConfig.cmake
[10.394s]     ament_cmake-config.cmake
[10.394s] 
[10.395s]   Add the installation prefix of "ament_cmake" to CMAKE_PREFIX_PATH or set
[10.395s]   "ament_cmake_DIR" to a directory containing one of the above files.  If
[10.395s]   "ament_cmake" provides a separate development package or SDK, be sure it
[10.396s]   has been installed.
[10.396s] 
[10.396s] [0m
[10.396s] -- Configuring incomplete, errors occurred!
[10.397s] See also "/home/ram/Documents/ros2/build/lego_description/CMakeFiles/CMakeOutput.log".
[10.405s] Invoked command in '/home/ram/Documents/ros2/build/lego_description' returned '1': /usr/bin/cmake /home/ram/Documents/ros2/src/lego_description -DCMAKE_INSTALL_PREFIX=/home/ram/Documents/ros2/install/lego_description
