[1.199s] Invoking command in '/home/ram/Documents/ros2/build/lego_manipulation': PYTHONPATH=/home/ram/Documents/ros2/build/lego_manipulation/prefix_override:/usr/lib/python3/dist-packages/colcon_core/task/python/colcon_distutils_commands:/home/ram/Documents/ros2/install/lego_manipulation/lib/python3.10/site-packages:${PYTHONPATH} /usr/bin/python3 -W ignore:setup.py install is deprecated -W ignore:easy_install command is deprecated setup.py develop --editable --build-directory /home/ram/Documents/ros2/build/lego_manipulation/build --no-deps symlink_data
[1.932s] running develop
[2.306s] running egg_info
[2.306s] writing lego_manipulation.egg-info/PKG-INFO
[2.307s] writing dependency_links to lego_manipulation.egg-info/dependency_links.txt
[2.307s] writing entry points to lego_manipulation.egg-info/entry_points.txt
[2.308s] writing requirements to lego_manipulation.egg-info/requires.txt
[2.308s] writing top-level names to lego_manipulation.egg-info/top_level.txt
[2.312s] reading manifest file 'lego_manipulation.egg-info/SOURCES.txt'
[2.314s] writing manifest file 'lego_manipulation.egg-info/SOURCES.txt'
[2.318s] running build_ext
[2.319s] Creating /home/ram/Documents/ros2/install/lego_manipulation/lib/python3.10/site-packages/lego-manipulation.egg-link (link to .)
[2.324s] Installing joint_controller script to /home/ram/Documents/ros2/install/lego_manipulation/bin
[2.326s] Installing lego_pick_place script to /home/ram/Documents/ros2/install/lego_manipulation/bin
[2.326s] Installing run_demo script to /home/ram/Documents/ros2/install/lego_manipulation/bin
[2.327s] 
[2.327s] Installed /home/ram/Documents/ros2/build/lego_manipulation
[2.327s] running symlink_data
[2.328s] symbolically linking /home/ram/Documents/ros2/build/lego_manipulation/launch/visualize_lego.launch.py -> /home/ram/Documents/ros2/install/lego_manipulation/share/lego_manipulation/launch
[2.384s] Invoked command in '/home/ram/Documents/ros2/build/lego_manipulation' returned '0': PYTHONPATH=/home/ram/Documents/ros2/build/lego_manipulation/prefix_override:/usr/lib/python3/dist-packages/colcon_core/task/python/colcon_distutils_commands:/home/ram/Documents/ros2/install/lego_manipulation/lib/python3.10/site-packages:${PYTHONPATH} /usr/bin/python3 -W ignore:setup.py install is deprecated -W ignore:easy_install command is deprecated setup.py develop --editable --build-directory /home/ram/Documents/ros2/build/lego_manipulation/build --no-deps symlink_data
