[1.398s] DEBUG:colcon:Command line arguments: ['/usr/bin/colcon', 'build', '--packages-select', 'lego_description', 'lego_manipulation']
[1.398s] DEBUG:colcon:Parsed command line arguments: Namespace(log_base=None, log_level=None, verb_name='build', build_base='build', install_base='install', merge_install=False, symlink_install=False, test_result_base=None, continue_on_error=False, executor='parallel', parallel_workers=4, event_handlers=None, ignore_user_meta=False, metas=['./colcon.meta'], base_paths=['.'], packages_ignore=None, packages_ignore_regex=None, paths=None, packages_up_to=None, packages_up_to_regex=None, packages_above=None, packages_above_and_dependencies=None, packages_above_depth=None, packages_select_by_dep=None, packages_skip_by_dep=None, packages_skip_up_to=None, packages_select_build_failed=False, packages_skip_build_finished=False, packages_select_test_failures=False, packages_skip_test_passed=False, packages_select=['lego_description', 'lego_manipulation'], packages_skip=None, packages_select_regex=None, packages_skip_regex=None, packages_start=None, packages_end=None, allow_overriding=[], cmake_args=None, cmake_target=None, cmake_target_skip_unavailable=False, cmake_clean_cache=False, cmake_clean_first=False, cmake_force_configure=False, ament_cmake_args=None, catkin_cmake_args=None, catkin_skip_building_tests=False, mixin_files=None, mixin=None, verb_parser=<colcon_mixin.mixin.mixin_argument.MixinArgumentDecorator object at 0x7929c535d390>, verb_extension=<colcon_core.verb.build.BuildVerb object at 0x7929c535c9d0>, main=<bound method BuildVerb.main of <colcon_core.verb.build.BuildVerb object at 0x7929c535c9d0>>, mixin_verb=('build',))
[3.663s] Level 1:colcon.colcon_core.package_discovery:discover_packages(colcon_meta) check parameters
[3.664s] Level 1:colcon.colcon_core.package_discovery:discover_packages(recursive) check parameters
[3.664s] Level 1:colcon.colcon_core.package_discovery:discover_packages(ignore) check parameters
[3.664s] Level 1:colcon.colcon_core.package_discovery:discover_packages(path) check parameters
[3.664s] Level 1:colcon.colcon_core.package_discovery:discover_packages(colcon_meta) discover
[3.664s] Level 1:colcon.colcon_core.package_discovery:discover_packages(recursive) discover
[3.664s] INFO:colcon.colcon_core.package_discovery:Crawling recursively for packages in '/home/ram/Documents/ros2'
[3.664s] Level 1:colcon.colcon_core.package_identification:_identify(.) by extensions ['ignore', 'ignore_ament_install']
[3.665s] Level 1:colcon.colcon_core.package_identification:_identify(.) by extension 'ignore'
[3.665s] Level 1:colcon.colcon_core.package_identification:_identify(.) by extension 'ignore_ament_install'
[3.665s] Level 1:colcon.colcon_core.package_identification:_identify(.) by extensions ['colcon_pkg']
[3.665s] Level 1:colcon.colcon_core.package_identification:_identify(.) by extension 'colcon_pkg'
[3.665s] Level 1:colcon.colcon_core.package_identification:_identify(.) by extensions ['colcon_meta']
[3.665s] Level 1:colcon.colcon_core.package_identification:_identify(.) by extension 'colcon_meta'
[3.665s] Level 1:colcon.colcon_core.package_identification:_identify(.) by extensions ['ros']
[3.666s] Level 1:colcon.colcon_core.package_identification:_identify(.) by extension 'ros'
[3.694s] Level 1:colcon.colcon_core.package_identification:_identify(.) by extensions ['cmake', 'python']
[3.695s] Level 1:colcon.colcon_core.package_identification:_identify(.) by extension 'cmake'
[3.695s] Level 1:colcon.colcon_core.package_identification:_identify(.) by extension 'python'
[3.695s] Level 1:colcon.colcon_core.package_identification:_identify(.) by extensions ['python_setup_py']
[3.695s] Level 1:colcon.colcon_core.package_identification:_identify(.) by extension 'python_setup_py'
[3.695s] Level 1:colcon.colcon_core.package_identification:_identify(build) by extensions ['ignore', 'ignore_ament_install']
[3.695s] Level 1:colcon.colcon_core.package_identification:_identify(build) by extension 'ignore'
[3.696s] Level 1:colcon.colcon_core.package_identification:_identify(build) ignored
[3.696s] Level 1:colcon.colcon_core.package_identification:_identify(install) by extensions ['ignore', 'ignore_ament_install']
[3.696s] Level 1:colcon.colcon_core.package_identification:_identify(install) by extension 'ignore'
[3.696s] Level 1:colcon.colcon_core.package_identification:_identify(install) ignored
[3.696s] Level 1:colcon.colcon_core.package_identification:_identify(log) by extensions ['ignore', 'ignore_ament_install']
[3.697s] Level 1:colcon.colcon_core.package_identification:_identify(log) by extension 'ignore'
[3.697s] Level 1:colcon.colcon_core.package_identification:_identify(log) ignored
[3.697s] Level 1:colcon.colcon_core.package_identification:_identify(src) by extensions ['ignore', 'ignore_ament_install']
[3.697s] Level 1:colcon.colcon_core.package_identification:_identify(src) by extension 'ignore'
[3.697s] Level 1:colcon.colcon_core.package_identification:_identify(src) by extension 'ignore_ament_install'
[3.697s] Level 1:colcon.colcon_core.package_identification:_identify(src) by extensions ['colcon_pkg']
[3.697s] Level 1:colcon.colcon_core.package_identification:_identify(src) by extension 'colcon_pkg'
[3.697s] Level 1:colcon.colcon_core.package_identification:_identify(src) by extensions ['colcon_meta']
[3.697s] Level 1:colcon.colcon_core.package_identification:_identify(src) by extension 'colcon_meta'
[3.698s] Level 1:colcon.colcon_core.package_identification:_identify(src) by extensions ['ros']
[3.698s] Level 1:colcon.colcon_core.package_identification:_identify(src) by extension 'ros'
[3.698s] Level 1:colcon.colcon_core.package_identification:_identify(src) by extensions ['cmake', 'python']
[3.698s] Level 1:colcon.colcon_core.package_identification:_identify(src) by extension 'cmake'
[3.698s] Level 1:colcon.colcon_core.package_identification:_identify(src) by extension 'python'
[3.698s] Level 1:colcon.colcon_core.package_identification:_identify(src) by extensions ['python_setup_py']
[3.698s] Level 1:colcon.colcon_core.package_identification:_identify(src) by extension 'python_setup_py'
[3.698s] Level 1:colcon.colcon_core.package_identification:_identify(src/basic_description) by extensions ['ignore', 'ignore_ament_install']
[3.698s] Level 1:colcon.colcon_core.package_identification:_identify(src/basic_description) by extension 'ignore'
[3.699s] Level 1:colcon.colcon_core.package_identification:_identify(src/basic_description) by extension 'ignore_ament_install'
[3.699s] Level 1:colcon.colcon_core.package_identification:_identify(src/basic_description) by extensions ['colcon_pkg']
[3.699s] Level 1:colcon.colcon_core.package_identification:_identify(src/basic_description) by extension 'colcon_pkg'
[3.699s] Level 1:colcon.colcon_core.package_identification:_identify(src/basic_description) by extensions ['colcon_meta']
[3.699s] Level 1:colcon.colcon_core.package_identification:_identify(src/basic_description) by extension 'colcon_meta'
[3.699s] Level 1:colcon.colcon_core.package_identification:_identify(src/basic_description) by extensions ['ros']
[3.699s] Level 1:colcon.colcon_core.package_identification:_identify(src/basic_description) by extension 'ros'
[3.704s] DEBUG:colcon.colcon_core.package_identification:Package 'src/basic_description' with type 'ros.ament_cmake' and name 'basic_description'
[3.705s] Level 1:colcon.colcon_core.package_identification:_identify(src/basic_py_examples) by extensions ['ignore', 'ignore_ament_install']
[3.706s] Level 1:colcon.colcon_core.package_identification:_identify(src/basic_py_examples) by extension 'ignore'
[3.706s] Level 1:colcon.colcon_core.package_identification:_identify(src/basic_py_examples) by extension 'ignore_ament_install'
[3.707s] Level 1:colcon.colcon_core.package_identification:_identify(src/basic_py_examples) by extensions ['colcon_pkg']
[3.707s] Level 1:colcon.colcon_core.package_identification:_identify(src/basic_py_examples) by extension 'colcon_pkg'
[3.707s] Level 1:colcon.colcon_core.package_identification:_identify(src/basic_py_examples) by extensions ['colcon_meta']
[3.707s] Level 1:colcon.colcon_core.package_identification:_identify(src/basic_py_examples) by extension 'colcon_meta'
[3.707s] Level 1:colcon.colcon_core.package_identification:_identify(src/basic_py_examples) by extensions ['ros']
[3.707s] Level 1:colcon.colcon_core.package_identification:_identify(src/basic_py_examples) by extension 'ros'
[3.709s] DEBUG:colcon.colcon_core.package_identification:Package 'src/basic_py_examples' with type 'ros.ament_python' and name 'basic_py_examples'
[3.709s] Level 1:colcon.colcon_core.package_identification:_identify(src/lego_description) by extensions ['ignore', 'ignore_ament_install']
[3.709s] Level 1:colcon.colcon_core.package_identification:_identify(src/lego_description) by extension 'ignore'
[3.709s] Level 1:colcon.colcon_core.package_identification:_identify(src/lego_description) by extension 'ignore_ament_install'
[3.710s] Level 1:colcon.colcon_core.package_identification:_identify(src/lego_description) by extensions ['colcon_pkg']
[3.710s] Level 1:colcon.colcon_core.package_identification:_identify(src/lego_description) by extension 'colcon_pkg'
[3.710s] Level 1:colcon.colcon_core.package_identification:_identify(src/lego_description) by extensions ['colcon_meta']
[3.710s] Level 1:colcon.colcon_core.package_identification:_identify(src/lego_description) by extension 'colcon_meta'
[3.710s] Level 1:colcon.colcon_core.package_identification:_identify(src/lego_description) by extensions ['ros']
[3.710s] Level 1:colcon.colcon_core.package_identification:_identify(src/lego_description) by extension 'ros'
[3.711s] DEBUG:colcon.colcon_core.package_identification:Package 'src/lego_description' with type 'ros.ament_cmake' and name 'lego_description'
[3.711s] Level 1:colcon.colcon_core.package_identification:_identify(src/lego_manipulation) by extensions ['ignore', 'ignore_ament_install']
[3.712s] Level 1:colcon.colcon_core.package_identification:_identify(src/lego_manipulation) by extension 'ignore'
[3.712s] Level 1:colcon.colcon_core.package_identification:_identify(src/lego_manipulation) by extension 'ignore_ament_install'
[3.712s] Level 1:colcon.colcon_core.package_identification:_identify(src/lego_manipulation) by extensions ['colcon_pkg']
[3.712s] Level 1:colcon.colcon_core.package_identification:_identify(src/lego_manipulation) by extension 'colcon_pkg'
[3.712s] Level 1:colcon.colcon_core.package_identification:_identify(src/lego_manipulation) by extensions ['colcon_meta']
[3.713s] Level 1:colcon.colcon_core.package_identification:_identify(src/lego_manipulation) by extension 'colcon_meta'
[3.713s] Level 1:colcon.colcon_core.package_identification:_identify(src/lego_manipulation) by extensions ['ros']
[3.713s] Level 1:colcon.colcon_core.package_identification:_identify(src/lego_manipulation) by extension 'ros'
[3.718s] DEBUG:colcon.colcon_core.package_identification:Package 'src/lego_manipulation' with type 'ros.ament_python' and name 'lego_manipulation'
[3.718s] Level 1:colcon.colcon_core.package_discovery:discover_packages(recursive) using defaults
[3.718s] Level 1:colcon.colcon_core.package_discovery:discover_packages(ignore) discover
[3.718s] Level 1:colcon.colcon_core.package_discovery:discover_packages(ignore) using defaults
[3.718s] Level 1:colcon.colcon_core.package_discovery:discover_packages(path) discover
[3.718s] Level 1:colcon.colcon_core.package_discovery:discover_packages(path) using defaults
[3.798s] INFO:colcon.colcon_core.package_selection:Skipping not selected package 'basic_description' in 'src/basic_description'
[3.799s] INFO:colcon.colcon_core.package_selection:Skipping not selected package 'basic_py_examples' in 'src/basic_py_examples'
[3.799s] Level 1:colcon.colcon_core.package_discovery:discover_packages(prefix_path) check parameters
[3.800s] Level 1:colcon.colcon_core.package_discovery:discover_packages(prefix_path) discover
[3.845s] DEBUG:colcon.colcon_installed_package_information.package_discovery:Found 276 installed packages in /opt/ros/humble
[3.849s] Level 1:colcon.colcon_core.package_discovery:discover_packages(prefix_path) using defaults
[3.959s] Level 5:colcon.colcon_core.verb:set package 'lego_description' build argument 'cmake_args' from command line to 'None'
[3.960s] Level 5:colcon.colcon_core.verb:set package 'lego_description' build argument 'cmake_target' from command line to 'None'
[3.960s] Level 5:colcon.colcon_core.verb:set package 'lego_description' build argument 'cmake_target_skip_unavailable' from command line to 'False'
[3.960s] Level 5:colcon.colcon_core.verb:set package 'lego_description' build argument 'cmake_clean_cache' from command line to 'False'
[3.960s] Level 5:colcon.colcon_core.verb:set package 'lego_description' build argument 'cmake_clean_first' from command line to 'False'
[3.960s] Level 5:colcon.colcon_core.verb:set package 'lego_description' build argument 'cmake_force_configure' from command line to 'False'
[3.960s] Level 5:colcon.colcon_core.verb:set package 'lego_description' build argument 'ament_cmake_args' from command line to 'None'
[3.960s] Level 5:colcon.colcon_core.verb:set package 'lego_description' build argument 'catkin_cmake_args' from command line to 'None'
[3.960s] Level 5:colcon.colcon_core.verb:set package 'lego_description' build argument 'catkin_skip_building_tests' from command line to 'False'
[3.960s] DEBUG:colcon.colcon_core.verb:Building package 'lego_description' with the following arguments: {'ament_cmake_args': None, 'build_base': '/home/ram/Documents/ros2/build/lego_description', 'catkin_cmake_args': None, 'catkin_skip_building_tests': False, 'cmake_args': None, 'cmake_clean_cache': False, 'cmake_clean_first': False, 'cmake_force_configure': False, 'cmake_target': None, 'cmake_target_skip_unavailable': False, 'install_base': '/home/ram/Documents/ros2/install/lego_description', 'merge_install': False, 'path': '/home/ram/Documents/ros2/src/lego_description', 'symlink_install': False, 'test_result_base': None}
[3.961s] Level 5:colcon.colcon_core.verb:set package 'lego_manipulation' build argument 'cmake_args' from command line to 'None'
[3.961s] Level 5:colcon.colcon_core.verb:set package 'lego_manipulation' build argument 'cmake_target' from command line to 'None'
[3.961s] Level 5:colcon.colcon_core.verb:set package 'lego_manipulation' build argument 'cmake_target_skip_unavailable' from command line to 'False'
[3.962s] Level 5:colcon.colcon_core.verb:set package 'lego_manipulation' build argument 'cmake_clean_cache' from command line to 'False'
[3.962s] Level 5:colcon.colcon_core.verb:set package 'lego_manipulation' build argument 'cmake_clean_first' from command line to 'False'
[3.962s] Level 5:colcon.colcon_core.verb:set package 'lego_manipulation' build argument 'cmake_force_configure' from command line to 'False'
[3.962s] Level 5:colcon.colcon_core.verb:set package 'lego_manipulation' build argument 'ament_cmake_args' from command line to 'None'
[3.962s] Level 5:colcon.colcon_core.verb:set package 'lego_manipulation' build argument 'catkin_cmake_args' from command line to 'None'
[3.962s] Level 5:colcon.colcon_core.verb:set package 'lego_manipulation' build argument 'catkin_skip_building_tests' from command line to 'False'
[3.962s] DEBUG:colcon.colcon_core.verb:Building package 'lego_manipulation' with the following arguments: {'ament_cmake_args': None, 'build_base': '/home/ram/Documents/ros2/build/lego_manipulation', 'catkin_cmake_args': None, 'catkin_skip_building_tests': False, 'cmake_args': None, 'cmake_clean_cache': False, 'cmake_clean_first': False, 'cmake_force_configure': False, 'cmake_target': None, 'cmake_target_skip_unavailable': False, 'install_base': '/home/ram/Documents/ros2/install/lego_manipulation', 'merge_install': False, 'path': '/home/ram/Documents/ros2/src/lego_manipulation', 'symlink_install': False, 'test_result_base': None}
[3.962s] INFO:colcon.colcon_core.executor:Executing jobs using 'parallel' executor
[3.965s] DEBUG:colcon.colcon_parallel_executor.executor.parallel:run_until_complete
[3.965s] INFO:colcon.colcon_ros.task.ament_cmake.build:Building ROS package in '/home/ram/Documents/ros2/src/lego_description' with build type 'ament_cmake'
[3.966s] INFO:colcon.colcon_cmake.task.cmake.build:Building CMake package in '/home/ram/Documents/ros2/src/lego_description'
[3.975s] INFO:colcon.colcon_core.plugin_system:Skipping extension 'colcon_core.shell.bat': Not used on non-Windows systems
[3.976s] INFO:colcon.colcon_core.shell:Skip shell extension 'powershell' for command environment: Not usable outside of PowerShell
[3.976s] DEBUG:colcon.colcon_core.shell:Skip shell extension 'dsv' for command environment
[3.985s] INFO:colcon.colcon_ros.task.ament_python.build:Building ROS package in '/home/ram/Documents/ros2/src/lego_manipulation' with build type 'ament_python'
[3.985s] Level 1:colcon.colcon_core.shell:create_environment_hook('lego_manipulation', 'ament_prefix_path')
[3.986s] INFO:colcon.colcon_core.shell:Creating environment hook '/home/ram/Documents/ros2/install/lego_manipulation/share/lego_manipulation/hook/ament_prefix_path.ps1'
[3.990s] INFO:colcon.colcon_core.shell:Creating environment descriptor '/home/ram/Documents/ros2/install/lego_manipulation/share/lego_manipulation/hook/ament_prefix_path.dsv'
[3.992s] INFO:colcon.colcon_core.shell:Creating environment hook '/home/ram/Documents/ros2/install/lego_manipulation/share/lego_manipulation/hook/ament_prefix_path.sh'
[3.995s] INFO:colcon.colcon_core.shell:Skip shell extension 'powershell' for command environment: Not usable outside of PowerShell
[3.995s] DEBUG:colcon.colcon_core.shell:Skip shell extension 'dsv' for command environment
[4.026s] DEBUG:colcon.colcon_core.event_handler.log_command:Invoking command in '/home/ram/Documents/ros2/build/lego_description': CMAKE_PREFIX_PATH=/opt/ros/humble /usr/bin/cmake /home/ram/Documents/ros2/src/lego_description -DCMAKE_INSTALL_PREFIX=/home/ram/Documents/ros2/install/lego_description
[4.874s] INFO:colcon.colcon_core.task.python.build:Building Python package in '/home/ram/Documents/ros2/src/lego_manipulation'
[4.874s] INFO:colcon.colcon_core.shell:Skip shell extension 'powershell' for command environment: Not usable outside of PowerShell
[4.875s] DEBUG:colcon.colcon_core.shell:Skip shell extension 'dsv' for command environment
[5.972s] DEBUG:colcon.colcon_core.event_handler.log_command:Invoking command in '/home/ram/Documents/ros2/src/lego_manipulation': PYTHONPATH=/home/ram/Documents/ros2/build/lego_manipulation/prefix_override:/usr/lib/python3/dist-packages/colcon_core/task/python/colcon_distutils_commands:/home/ram/Documents/ros2/install/lego_manipulation/lib/python3.10/site-packages:${PYTHONPATH} /usr/bin/python3 -W ignore:setup.py install is deprecated -W ignore:easy_install command is deprecated setup.py egg_info --egg-base ../../build/lego_manipulation build --build-base /home/ram/Documents/ros2/build/lego_manipulation/build install --record /home/ram/Documents/ros2/build/lego_manipulation/install.log --single-version-externally-managed install_data
[6.984s] DEBUG:colcon.colcon_core.event_handler.log_command:Invoked command in '/home/ram/Documents/ros2/src/lego_manipulation' returned '0': PYTHONPATH=/home/ram/Documents/ros2/build/lego_manipulation/prefix_override:/usr/lib/python3/dist-packages/colcon_core/task/python/colcon_distutils_commands:/home/ram/Documents/ros2/install/lego_manipulation/lib/python3.10/site-packages:${PYTHONPATH} /usr/bin/python3 -W ignore:setup.py install is deprecated -W ignore:easy_install command is deprecated setup.py egg_info --egg-base ../../build/lego_manipulation build --build-base /home/ram/Documents/ros2/build/lego_manipulation/build install --record /home/ram/Documents/ros2/build/lego_manipulation/install.log --single-version-externally-managed install_data
[6.991s] Level 1:colcon.colcon_core.environment:checking '/home/ram/Documents/ros2/install/lego_manipulation' for CMake module files
[6.992s] Level 1:colcon.colcon_core.environment:checking '/home/ram/Documents/ros2/install/lego_manipulation' for CMake config files
[6.995s] Level 1:colcon.colcon_core.environment:checking '/home/ram/Documents/ros2/install/lego_manipulation/lib'
[6.996s] Level 1:colcon.colcon_core.environment:checking '/home/ram/Documents/ros2/install/lego_manipulation/bin'
[6.996s] Level 1:colcon.colcon_core.shell:create_environment_hook('lego_manipulation', 'path')
[6.996s] INFO:colcon.colcon_core.shell:Creating environment hook '/home/ram/Documents/ros2/install/lego_manipulation/share/lego_manipulation/hook/path.ps1'
[6.998s] INFO:colcon.colcon_core.shell:Creating environment descriptor '/home/ram/Documents/ros2/install/lego_manipulation/share/lego_manipulation/hook/path.dsv'
[6.999s] INFO:colcon.colcon_core.shell:Creating environment hook '/home/ram/Documents/ros2/install/lego_manipulation/share/lego_manipulation/hook/path.sh'
[7.000s] Level 1:colcon.colcon_core.environment:checking '/home/ram/Documents/ros2/install/lego_manipulation/lib/pkgconfig/lego_manipulation.pc'
[7.001s] Level 1:colcon.colcon_core.environment:checking '/home/ram/Documents/ros2/install/lego_manipulation/lib/python3.10/site-packages'
[7.002s] Level 1:colcon.colcon_core.shell:create_environment_hook('lego_manipulation', 'pythonpath')
[7.003s] INFO:colcon.colcon_core.shell:Creating environment hook '/home/ram/Documents/ros2/install/lego_manipulation/share/lego_manipulation/hook/pythonpath.ps1'
[7.004s] INFO:colcon.colcon_core.shell:Creating environment descriptor '/home/ram/Documents/ros2/install/lego_manipulation/share/lego_manipulation/hook/pythonpath.dsv'
[7.005s] INFO:colcon.colcon_core.shell:Creating environment hook '/home/ram/Documents/ros2/install/lego_manipulation/share/lego_manipulation/hook/pythonpath.sh'
[7.008s] Level 1:colcon.colcon_core.environment:checking '/home/ram/Documents/ros2/install/lego_manipulation/bin'
[7.009s] Level 1:colcon.colcon_core.shell:create_environment_hook('lego_manipulation', 'pythonscriptspath')
[7.011s] INFO:colcon.colcon_core.shell:Creating environment hook '/home/ram/Documents/ros2/install/lego_manipulation/share/lego_manipulation/hook/pythonscriptspath.ps1'
[7.013s] INFO:colcon.colcon_core.shell:Creating environment descriptor '/home/ram/Documents/ros2/install/lego_manipulation/share/lego_manipulation/hook/pythonscriptspath.dsv'
[7.015s] INFO:colcon.colcon_core.shell:Creating environment hook '/home/ram/Documents/ros2/install/lego_manipulation/share/lego_manipulation/hook/pythonscriptspath.sh'
[7.017s] Level 1:colcon.colcon_core.environment:create_environment_scripts_only(lego_manipulation)
[7.018s] INFO:colcon.colcon_core.shell:Creating package script '/home/ram/Documents/ros2/install/lego_manipulation/share/lego_manipulation/package.ps1'
[7.022s] INFO:colcon.colcon_core.shell:Creating package descriptor '/home/ram/Documents/ros2/install/lego_manipulation/share/lego_manipulation/package.dsv'
[7.025s] INFO:colcon.colcon_core.shell:Creating package script '/home/ram/Documents/ros2/install/lego_manipulation/share/lego_manipulation/package.sh'
[7.027s] INFO:colcon.colcon_core.shell:Creating package script '/home/ram/Documents/ros2/install/lego_manipulation/share/lego_manipulation/package.bash'
[7.029s] INFO:colcon.colcon_core.shell:Creating package script '/home/ram/Documents/ros2/install/lego_manipulation/share/lego_manipulation/package.zsh'
[7.031s] Level 1:colcon.colcon_core.environment:create_file_with_runtime_dependencies(/home/ram/Documents/ros2/install/lego_manipulation/share/colcon-core/packages/lego_manipulation)
[7.104s] DEBUG:colcon.colcon_core.event_handler.log_command:Invoked command in '/home/ram/Documents/ros2/build/lego_description' returned '0': CMAKE_PREFIX_PATH=/opt/ros/humble /usr/bin/cmake /home/ram/Documents/ros2/src/lego_description -DCMAKE_INSTALL_PREFIX=/home/ram/Documents/ros2/install/lego_description
[7.109s] DEBUG:colcon.colcon_core.event_handler.log_command:Invoking command in '/home/ram/Documents/ros2/build/lego_description': CMAKE_PREFIX_PATH=/opt/ros/humble /usr/bin/cmake --build /home/ram/Documents/ros2/build/lego_description -- -j4 -l4
[7.248s] DEBUG:colcon.colcon_core.event_handler.log_command:Invoked command in '/home/ram/Documents/ros2/build/lego_description' returned '0': CMAKE_PREFIX_PATH=/opt/ros/humble /usr/bin/cmake --build /home/ram/Documents/ros2/build/lego_description -- -j4 -l4
[7.269s] DEBUG:colcon.colcon_core.event_handler.log_command:Invoking command in '/home/ram/Documents/ros2/build/lego_description': CMAKE_PREFIX_PATH=/opt/ros/humble /usr/bin/cmake --install /home/ram/Documents/ros2/build/lego_description
[7.311s] Level 1:colcon.colcon_core.environment:create_environment_scripts_only(lego_description)
[7.313s] Level 1:colcon.colcon_core.environment:checking '/home/ram/Documents/ros2/install/lego_description' for CMake module files
[7.328s] Level 1:colcon.colcon_core.environment:checking '/home/ram/Documents/ros2/install/lego_description' for CMake config files
[7.330s] Level 1:colcon.colcon_core.shell:create_environment_hook('lego_description', 'cmake_prefix_path')
[7.331s] INFO:colcon.colcon_core.shell:Creating environment hook '/home/ram/Documents/ros2/install/lego_description/share/lego_description/hook/cmake_prefix_path.ps1'
[7.342s] DEBUG:colcon.colcon_core.event_handler.log_command:Invoked command in '/home/ram/Documents/ros2/build/lego_description' returned '0': CMAKE_PREFIX_PATH=/opt/ros/humble /usr/bin/cmake --install /home/ram/Documents/ros2/build/lego_description
[7.344s] INFO:colcon.colcon_core.shell:Creating environment descriptor '/home/ram/Documents/ros2/install/lego_description/share/lego_description/hook/cmake_prefix_path.dsv'
[7.351s] INFO:colcon.colcon_core.shell:Creating environment hook '/home/ram/Documents/ros2/install/lego_description/share/lego_description/hook/cmake_prefix_path.sh'
[7.353s] Level 1:colcon.colcon_core.environment:checking '/home/ram/Documents/ros2/install/lego_description/bin'
[7.354s] Level 1:colcon.colcon_core.environment:checking '/home/ram/Documents/ros2/install/lego_description/lib/pkgconfig/lego_description.pc'
[7.355s] Level 1:colcon.colcon_core.environment:checking '/home/ram/Documents/ros2/install/lego_description/lib/python3.10/site-packages'
[7.357s] Level 1:colcon.colcon_core.environment:checking '/home/ram/Documents/ros2/install/lego_description/bin'
[7.359s] INFO:colcon.colcon_core.shell:Creating package script '/home/ram/Documents/ros2/install/lego_description/share/lego_description/package.ps1'
[7.360s] INFO:colcon.colcon_core.shell:Creating package descriptor '/home/ram/Documents/ros2/install/lego_description/share/lego_description/package.dsv'
[7.364s] INFO:colcon.colcon_core.shell:Creating package script '/home/ram/Documents/ros2/install/lego_description/share/lego_description/package.sh'
[7.367s] INFO:colcon.colcon_core.shell:Creating package script '/home/ram/Documents/ros2/install/lego_description/share/lego_description/package.bash'
[7.369s] INFO:colcon.colcon_core.shell:Creating package script '/home/ram/Documents/ros2/install/lego_description/share/lego_description/package.zsh'
[7.372s] Level 1:colcon.colcon_core.environment:create_file_with_runtime_dependencies(/home/ram/Documents/ros2/install/lego_description/share/colcon-core/packages/lego_description)
[7.374s] Level 1:colcon.colcon_core.environment:create_environment_scripts_only(lego_description)
[7.376s] Level 1:colcon.colcon_core.environment:checking '/home/ram/Documents/ros2/install/lego_description' for CMake module files
[7.378s] Level 1:colcon.colcon_core.environment:checking '/home/ram/Documents/ros2/install/lego_description' for CMake config files
[7.379s] Level 1:colcon.colcon_core.shell:create_environment_hook('lego_description', 'cmake_prefix_path')
[7.380s] INFO:colcon.colcon_core.shell:Creating environment hook '/home/ram/Documents/ros2/install/lego_description/share/lego_description/hook/cmake_prefix_path.ps1'
[7.382s] INFO:colcon.colcon_core.shell:Creating environment descriptor '/home/ram/Documents/ros2/install/lego_description/share/lego_description/hook/cmake_prefix_path.dsv'
[7.384s] INFO:colcon.colcon_core.shell:Creating environment hook '/home/ram/Documents/ros2/install/lego_description/share/lego_description/hook/cmake_prefix_path.sh'
[7.387s] Level 1:colcon.colcon_core.environment:checking '/home/ram/Documents/ros2/install/lego_description/bin'
[7.388s] Level 1:colcon.colcon_core.environment:checking '/home/ram/Documents/ros2/install/lego_description/lib/pkgconfig/lego_description.pc'
[7.390s] Level 1:colcon.colcon_core.environment:checking '/home/ram/Documents/ros2/install/lego_description/lib/python3.10/site-packages'
[7.391s] Level 1:colcon.colcon_core.environment:checking '/home/ram/Documents/ros2/install/lego_description/bin'
[7.394s] INFO:colcon.colcon_core.shell:Creating package script '/home/ram/Documents/ros2/install/lego_description/share/lego_description/package.ps1'
[7.398s] INFO:colcon.colcon_core.shell:Creating package descriptor '/home/ram/Documents/ros2/install/lego_description/share/lego_description/package.dsv'
[7.402s] INFO:colcon.colcon_core.shell:Creating package script '/home/ram/Documents/ros2/install/lego_description/share/lego_description/package.sh'
[7.405s] INFO:colcon.colcon_core.shell:Creating package script '/home/ram/Documents/ros2/install/lego_description/share/lego_description/package.bash'
[7.408s] INFO:colcon.colcon_core.shell:Creating package script '/home/ram/Documents/ros2/install/lego_description/share/lego_description/package.zsh'
[7.410s] Level 1:colcon.colcon_core.environment:create_file_with_runtime_dependencies(/home/ram/Documents/ros2/install/lego_description/share/colcon-core/packages/lego_description)
[7.411s] DEBUG:colcon.colcon_parallel_executor.executor.parallel:closing loop
[7.413s] DEBUG:colcon.colcon_parallel_executor.executor.parallel:loop closed
[7.415s] DEBUG:colcon.colcon_parallel_executor.executor.parallel:run_until_complete finished with '0'
[7.416s] DEBUG:colcon.colcon_core.event_reactor:joining thread
[7.447s] INFO:colcon.colcon_core.plugin_system:Skipping extension 'colcon_notification.desktop_notification.terminal_notifier': Not used on non-Darwin systems
[7.447s] INFO:colcon.colcon_core.plugin_system:Skipping extension 'colcon_notification.desktop_notification.win32': Not used on non-Windows systems
[7.448s] INFO:colcon.colcon_notification.desktop_notification:Sending desktop notification using 'notify2'
[7.507s] DEBUG:colcon.colcon_core.event_reactor:joined thread
[7.508s] INFO:colcon.colcon_core.shell:Creating prefix script '/home/ram/Documents/ros2/install/local_setup.ps1'
[7.513s] INFO:colcon.colcon_core.shell:Creating prefix util module '/home/ram/Documents/ros2/install/_local_setup_util_ps1.py'
[7.519s] INFO:colcon.colcon_core.shell:Creating prefix chain script '/home/ram/Documents/ros2/install/setup.ps1'
[7.525s] INFO:colcon.colcon_core.shell:Creating prefix script '/home/ram/Documents/ros2/install/local_setup.sh'
[7.529s] INFO:colcon.colcon_core.shell:Creating prefix util module '/home/ram/Documents/ros2/install/_local_setup_util_sh.py'
[7.532s] INFO:colcon.colcon_core.shell:Creating prefix chain script '/home/ram/Documents/ros2/install/setup.sh'
[7.536s] INFO:colcon.colcon_core.shell:Creating prefix script '/home/ram/Documents/ros2/install/local_setup.bash'
[7.538s] INFO:colcon.colcon_core.shell:Creating prefix chain script '/home/ram/Documents/ros2/install/setup.bash'
[7.541s] INFO:colcon.colcon_core.shell:Creating prefix script '/home/ram/Documents/ros2/install/local_setup.zsh'
[7.543s] INFO:colcon.colcon_core.shell:Creating prefix chain script '/home/ram/Documents/ros2/install/setup.zsh'
