running egg_info
writing ../../build/lego_manipulation/lego_manipulation.egg-info/PKG-INFO
writing dependency_links to ../../build/lego_manipulation/lego_manipulation.egg-info/dependency_links.txt
writing entry points to ../../build/lego_manipulation/lego_manipulation.egg-info/entry_points.txt
writing requirements to ../../build/lego_manipulation/lego_manipulation.egg-info/requires.txt
writing top-level names to ../../build/lego_manipulation/lego_manipulation.egg-info/top_level.txt
reading manifest file '../../build/lego_manipulation/lego_manipulation.egg-info/SOURCES.txt'
writing manifest file '../../build/lego_manipulation/lego_manipulation.egg-info/SOURCES.txt'
running build
running build_py
running install
running install_lib
running install_data
running install_egg_info
removing '/home/ram/Documents/ros2/install/lego_manipulation/lib/python3.10/site-packages/lego_manipulation-0.0.0-py3.10.egg-info' (and everything under it)
Copying ../../build/lego_manipulation/lego_manipulation.egg-info to /home/ram/Documents/ros2/install/lego_manipulation/lib/python3.10/site-packages/lego_manipulation-0.0.0-py3.10.egg-info
running install_scripts
Installing joint_controller script to /home/ram/Documents/ros2/install/lego_manipulation/bin
Installing lego_pick_place script to /home/ram/Documents/ros2/install/lego_manipulation/bin
Installing run_demo script to /home/ram/Documents/ros2/install/lego_manipulation/bin
Installing visualize_lego script to /home/ram/Documents/ros2/install/lego_manipulation/bin
writing list of installed files to '/home/ram/Documents/ros2/build/lego_manipulation/install.log'
