[1.256s] Invoking command in '/home/ram/Documents/ros2/src/lego_manipulation': PYTHONPATH=/home/ram/Documents/ros2/build/lego_manipulation/prefix_override:/usr/lib/python3/dist-packages/colcon_core/task/python/colcon_distutils_commands:/home/ram/Documents/ros2/install/lego_manipulation/lib/python3.10/site-packages:${PYTHONPATH} /usr/bin/python3 -W ignore:setup.py install is deprecated -W ignore:easy_install command is deprecated setup.py egg_info --egg-base ../../build/lego_manipulation build --build-base /home/ram/Documents/ros2/build/lego_manipulation/build install --record /home/ram/Documents/ros2/build/lego_manipulation/install.log --single-version-externally-managed install_data
[1.718s] running egg_info
[1.720s] writing ../../build/lego_manipulation/lego_manipulation.egg-info/PKG-INFO
[1.721s] writing dependency_links to ../../build/lego_manipulation/lego_manipulation.egg-info/dependency_links.txt
[1.722s] writing entry points to ../../build/lego_manipulation/lego_manipulation.egg-info/entry_points.txt
[1.722s] writing requirements to ../../build/lego_manipulation/lego_manipulation.egg-info/requires.txt
[1.722s] writing top-level names to ../../build/lego_manipulation/lego_manipulation.egg-info/top_level.txt
[1.725s] reading manifest file '../../build/lego_manipulation/lego_manipulation.egg-info/SOURCES.txt'
[1.727s] writing manifest file '../../build/lego_manipulation/lego_manipulation.egg-info/SOURCES.txt'
[1.728s] running build
[1.728s] running build_py
[1.729s] running install
[1.730s] running install_lib
[1.733s] running install_data
[1.734s] running install_egg_info
[1.737s] removing '/home/ram/Documents/ros2/install/lego_manipulation/lib/python3.10/site-packages/lego_manipulation-0.0.0-py3.10.egg-info' (and everything under it)
[1.738s] Copying ../../build/lego_manipulation/lego_manipulation.egg-info to /home/ram/Documents/ros2/install/lego_manipulation/lib/python3.10/site-packages/lego_manipulation-0.0.0-py3.10.egg-info
[1.740s] running install_scripts
[1.780s] Installing joint_controller script to /home/ram/Documents/ros2/install/lego_manipulation/bin
[1.780s] Installing lego_pick_place script to /home/ram/Documents/ros2/install/lego_manipulation/bin
[1.781s] Installing run_demo script to /home/ram/Documents/ros2/install/lego_manipulation/bin
[1.781s] Installing visualize_lego script to /home/ram/Documents/ros2/install/lego_manipulation/bin
[1.782s] writing list of installed files to '/home/ram/Documents/ros2/build/lego_manipulation/install.log'
[1.831s] Invoked command in '/home/ram/Documents/ros2/src/lego_manipulation' returned '0': PYTHONPATH=/home/ram/Documents/ros2/build/lego_manipulation/prefix_override:/usr/lib/python3/dist-packages/colcon_core/task/python/colcon_distutils_commands:/home/ram/Documents/ros2/install/lego_manipulation/lib/python3.10/site-packages:${PYTHONPATH} /usr/bin/python3 -W ignore:setup.py install is deprecated -W ignore:easy_install command is deprecated setup.py egg_info --egg-base ../../build/lego_manipulation build --build-base /home/ram/Documents/ros2/build/lego_manipulation/build install --record /home/ram/Documents/ros2/build/lego_manipulation/install.log --single-version-externally-managed install_data
