[0.033s] Invoking command in '/home/ram/Documents/ros2/build/lego_description': CMAKE_PREFIX_PATH=/opt/ros/humble /usr/bin/cmake --build /home/ram/Documents/ros2/build/lego_description -- -j4 -l4
[0.668s] Invoked command in '/home/ram/Documents/ros2/build/lego_description' returned '0': CMAKE_PREFIX_PATH=/opt/ros/humble /usr/bin/cmake --build /home/ram/Documents/ros2/build/lego_description -- -j4 -l4
[0.686s] Invoking command in '/home/ram/Documents/ros2/build/lego_description': CMAKE_PREFIX_PATH=/opt/ros/humble /usr/bin/cmake --install /home/ram/Documents/ros2/build/lego_description
[0.698s] -- Install configuration: ""
[0.699s] -- Execute custom install script
[0.700s] -- Up-to-date symlink: /home/ram/Documents/ros2/install/lego_description/share/lego_description/urdf/lego_brick_macros.xacro
[0.703s] -- Up-to-date symlink: /home/ram/Documents/ros2/install/lego_description/share/lego_description/urdf/lego_scene.xacro
[0.704s] -- Up-to-date symlink: /home/ram/Documents/ros2/install/lego_description/share/lego_description/urdf/robot_with_lego.xacro
[0.704s] -- Up-to-date symlink: /home/ram/Documents/ros2/install/lego_description/share/ament_index/resource_index/package_run_dependencies/lego_description
[0.704s] -- Up-to-date symlink: /home/ram/Documents/ros2/install/lego_description/share/ament_index/resource_index/parent_prefix_path/lego_description
[0.705s] -- Up-to-date symlink: /home/ram/Documents/ros2/install/lego_description/share/lego_description/environment/ament_prefix_path.sh
[0.710s] -- Up-to-date symlink: /home/ram/Documents/ros2/install/lego_description/share/lego_description/environment/ament_prefix_path.dsv
[0.710s] -- Up-to-date symlink: /home/ram/Documents/ros2/install/lego_description/share/lego_description/environment/path.sh
[0.712s] -- Up-to-date symlink: /home/ram/Documents/ros2/install/lego_description/share/lego_description/environment/path.dsv
[0.712s] -- Up-to-date symlink: /home/ram/Documents/ros2/install/lego_description/share/lego_description/local_setup.bash
[0.712s] -- Up-to-date symlink: /home/ram/Documents/ros2/install/lego_description/share/lego_description/local_setup.sh
[0.713s] -- Up-to-date symlink: /home/ram/Documents/ros2/install/lego_description/share/lego_description/local_setup.zsh
[0.713s] -- Up-to-date symlink: /home/ram/Documents/ros2/install/lego_description/share/lego_description/local_setup.dsv
[0.713s] -- Symlinking: /home/ram/Documents/ros2/install/lego_description/share/lego_description/package.dsv
[0.735s] -- Up-to-date symlink: /home/ram/Documents/ros2/install/lego_description/share/ament_index/resource_index/packages/lego_description
[0.737s] -- Up-to-date symlink: /home/ram/Documents/ros2/install/lego_description/share/lego_description/cmake/lego_descriptionConfig.cmake
[0.737s] -- Up-to-date symlink: /home/ram/Documents/ros2/install/lego_description/share/lego_description/cmake/lego_descriptionConfig-version.cmake
[0.738s] -- Up-to-date symlink: /home/ram/Documents/ros2/install/lego_description/share/lego_description/package.xml
[0.744s] Invoked command in '/home/ram/Documents/ros2/build/lego_description' returned '0': CMAKE_PREFIX_PATH=/opt/ros/humble /usr/bin/cmake --install /home/ram/Documents/ros2/build/lego_description
