-- Install configuration: ""
-- Up-to-date: /home/ram/Documents/ROS---2/install/conveyor_belt_system/share/conveyor_belt_system/urdf
-- Up-to-date: /home/ram/Documents/ROS---2/install/conveyor_belt_system/share/conveyor_belt_system/urdf/robot_with_conveyor.xacro
-- Up-to-date: /home/ram/Documents/ROS---2/install/conveyor_belt_system/share/conveyor_belt_system/urdf/conveyor_belt.xacro
-- Up-to-date: /home/ram/Documents/ROS---2/install/conveyor_belt_system/share/conveyor_belt_system/launch
-- Up-to-date: /home/ram/Documents/ROS---2/install/conveyor_belt_system/share/conveyor_belt_system/launch/robot_conveyor_demo.launch.py
-- Installing: /home/ram/Documents/ROS---2/install/conveyor_belt_system/share/conveyor_belt_system/launch/simple_robot_test.launch.py
-- Up-to-date: /home/ram/Documents/ROS---2/install/conveyor_belt_system/share/conveyor_belt_system/rviz
-- Up-to-date: /home/ram/Documents/ROS---2/install/conveyor_belt_system/share/conveyor_belt_system/rviz/robot_conveyor.rviz
-- Up-to-date: /home/ram/Documents/ROS---2/install/conveyor_belt_system/share/ament_index/resource_index/package_run_dependencies/conveyor_belt_system
-- Up-to-date: /home/ram/Documents/ROS---2/install/conveyor_belt_system/share/ament_index/resource_index/parent_prefix_path/conveyor_belt_system
-- Up-to-date: /home/ram/Documents/ROS---2/install/conveyor_belt_system/share/conveyor_belt_system/environment/ament_prefix_path.sh
-- Up-to-date: /home/ram/Documents/ROS---2/install/conveyor_belt_system/share/conveyor_belt_system/environment/ament_prefix_path.dsv
-- Up-to-date: /home/ram/Documents/ROS---2/install/conveyor_belt_system/share/conveyor_belt_system/environment/path.sh
-- Up-to-date: /home/ram/Documents/ROS---2/install/conveyor_belt_system/share/conveyor_belt_system/environment/path.dsv
-- Up-to-date: /home/ram/Documents/ROS---2/install/conveyor_belt_system/share/conveyor_belt_system/local_setup.bash
-- Up-to-date: /home/ram/Documents/ROS---2/install/conveyor_belt_system/share/conveyor_belt_system/local_setup.sh
-- Up-to-date: /home/ram/Documents/ROS---2/install/conveyor_belt_system/share/conveyor_belt_system/local_setup.zsh
-- Up-to-date: /home/ram/Documents/ROS---2/install/conveyor_belt_system/share/conveyor_belt_system/local_setup.dsv
-- Installing: /home/ram/Documents/ROS---2/install/conveyor_belt_system/share/conveyor_belt_system/package.dsv
-- Up-to-date: /home/ram/Documents/ROS---2/install/conveyor_belt_system/share/ament_index/resource_index/packages/conveyor_belt_system
-- Up-to-date: /home/ram/Documents/ROS---2/install/conveyor_belt_system/share/conveyor_belt_system/cmake/conveyor_belt_systemConfig.cmake
-- Up-to-date: /home/ram/Documents/ROS---2/install/conveyor_belt_system/share/conveyor_belt_system/cmake/conveyor_belt_systemConfig-version.cmake
-- Up-to-date: /home/ram/Documents/ROS---2/install/conveyor_belt_system/share/conveyor_belt_system/package.xml
