[0.023s] Invoking command in '/home/ram/Documents/ROS---2/build/conveyor_belt_system': CMAKE_PREFIX_PATH=${CMAKE_PREFIX_PATH}:/opt/ros/humble:/home/ram/Documents/ROS---2/install/lego_manipulation:/home/ram/Documents/ROS---2/install/basic_py_examples /usr/bin/cmake --build /home/ram/Documents/ROS---2/build/conveyor_belt_system -- -j4 -l4
[0.099s] Invoked command in '/home/ram/Documents/ROS---2/build/conveyor_belt_system' returned '0': CMAKE_PREFIX_PATH=${CMAKE_PREFIX_PATH}:/opt/ros/humble:/home/ram/Documents/ROS---2/install/lego_manipulation:/home/ram/Documents/ROS---2/install/basic_py_examples /usr/bin/cmake --build /home/ram/Documents/ROS---2/build/conveyor_belt_system -- -j4 -l4
[0.102s] Invoking command in '/home/ram/Documents/ROS---2/build/conveyor_belt_system': CMAKE_PREFIX_PATH=${CMAKE_PREFIX_PATH}:/opt/ros/humble:/home/ram/Documents/ROS---2/install/lego_manipulation:/home/ram/Documents/ROS---2/install/basic_py_examples /usr/bin/cmake --install /home/ram/Documents/ROS---2/build/conveyor_belt_system
[0.122s] -- Install configuration: ""
[0.122s] -- Up-to-date: /home/ram/Documents/ROS---2/install/conveyor_belt_system/share/conveyor_belt_system/urdf
[0.123s] -- Up-to-date: /home/ram/Documents/ROS---2/install/conveyor_belt_system/share/conveyor_belt_system/urdf/robot_with_conveyor.xacro
[0.123s] -- Up-to-date: /home/ram/Documents/ROS---2/install/conveyor_belt_system/share/conveyor_belt_system/urdf/conveyor_belt.xacro
[0.123s] -- Up-to-date: /home/ram/Documents/ROS---2/install/conveyor_belt_system/share/conveyor_belt_system/launch
[0.125s] -- Up-to-date: /home/ram/Documents/ROS---2/install/conveyor_belt_system/share/conveyor_belt_system/launch/robot_conveyor_demo.launch.py
[0.125s] -- Installing: /home/ram/Documents/ROS---2/install/conveyor_belt_system/share/conveyor_belt_system/launch/simple_robot_test.launch.py
[0.126s] -- Up-to-date: /home/ram/Documents/ROS---2/install/conveyor_belt_system/share/conveyor_belt_system/rviz
[0.126s] -- Up-to-date: /home/ram/Documents/ROS---2/install/conveyor_belt_system/share/conveyor_belt_system/rviz/robot_conveyor.rviz
[0.126s] -- Up-to-date: /home/ram/Documents/ROS---2/install/conveyor_belt_system/share/ament_index/resource_index/package_run_dependencies/conveyor_belt_system
[0.126s] -- Up-to-date: /home/ram/Documents/ROS---2/install/conveyor_belt_system/share/ament_index/resource_index/parent_prefix_path/conveyor_belt_system
[0.127s] -- Up-to-date: /home/ram/Documents/ROS---2/install/conveyor_belt_system/share/conveyor_belt_system/environment/ament_prefix_path.sh
[0.128s] -- Up-to-date: /home/ram/Documents/ROS---2/install/conveyor_belt_system/share/conveyor_belt_system/environment/ament_prefix_path.dsv
[0.128s] -- Up-to-date: /home/ram/Documents/ROS---2/install/conveyor_belt_system/share/conveyor_belt_system/environment/path.sh
[0.128s] -- Up-to-date: /home/ram/Documents/ROS---2/install/conveyor_belt_system/share/conveyor_belt_system/environment/path.dsv
[0.129s] -- Up-to-date: /home/ram/Documents/ROS---2/install/conveyor_belt_system/share/conveyor_belt_system/local_setup.bash
[0.129s] -- Up-to-date: /home/ram/Documents/ROS---2/install/conveyor_belt_system/share/conveyor_belt_system/local_setup.sh
[0.129s] -- Up-to-date: /home/ram/Documents/ROS---2/install/conveyor_belt_system/share/conveyor_belt_system/local_setup.zsh
[0.129s] -- Up-to-date: /home/ram/Documents/ROS---2/install/conveyor_belt_system/share/conveyor_belt_system/local_setup.dsv
[0.129s] -- Installing: /home/ram/Documents/ROS---2/install/conveyor_belt_system/share/conveyor_belt_system/package.dsv
[0.130s] -- Up-to-date: /home/ram/Documents/ROS---2/install/conveyor_belt_system/share/ament_index/resource_index/packages/conveyor_belt_system
[0.130s] -- Up-to-date: /home/ram/Documents/ROS---2/install/conveyor_belt_system/share/conveyor_belt_system/cmake/conveyor_belt_systemConfig.cmake
[0.130s] -- Up-to-date: /home/ram/Documents/ROS---2/install/conveyor_belt_system/share/conveyor_belt_system/cmake/conveyor_belt_systemConfig-version.cmake
[0.130s] -- Up-to-date: /home/ram/Documents/ROS---2/install/conveyor_belt_system/share/conveyor_belt_system/package.xml
[0.166s] Invoked command in '/home/ram/Documents/ROS---2/build/conveyor_belt_system' returned '0': CMAKE_PREFIX_PATH=${CMAKE_PREFIX_PATH}:/opt/ros/humble:/home/ram/Documents/ROS---2/install/lego_manipulation:/home/ram/Documents/ROS---2/install/basic_py_examples /usr/bin/cmake --install /home/ram/Documents/ROS---2/build/conveyor_belt_system
