[2.063s] Invoking command in '/home/ram/Documents/ROS---2/src/basic_py_examples': PYTHONPATH=/home/ram/Documents/ROS---2/build/basic_py_examples/prefix_override:/usr/lib/python3/dist-packages/colcon_core/task/python/colcon_distutils_commands:/home/ram/Documents/ROS---2/install/basic_py_examples/lib/python3.10/site-packages:${PYTHONPATH} /usr/bin/python3 -W ignore:setup.py install is deprecated -W ignore:easy_install command is deprecated setup.py egg_info --egg-base ../../build/basic_py_examples build --build-base /home/ram/Documents/ROS---2/build/basic_py_examples/build install --record /home/ram/Documents/ROS---2/build/basic_py_examples/install.log --single-version-externally-managed install_data
[2.660s] running egg_info
[2.662s] writing ../../build/basic_py_examples/basic_py_examples.egg-info/PKG-INFO
[2.663s] writing dependency_links to ../../build/basic_py_examples/basic_py_examples.egg-info/dependency_links.txt
[2.663s] writing entry points to ../../build/basic_py_examples/basic_py_examples.egg-info/entry_points.txt
[2.664s] writing requirements to ../../build/basic_py_examples/basic_py_examples.egg-info/requires.txt
[2.664s] writing top-level names to ../../build/basic_py_examples/basic_py_examples.egg-info/top_level.txt
[2.668s] reading manifest file '../../build/basic_py_examples/basic_py_examples.egg-info/SOURCES.txt'
[2.670s] writing manifest file '../../build/basic_py_examples/basic_py_examples.egg-info/SOURCES.txt'
[2.671s] running build
[2.671s] running build_py
[2.673s] running install
[2.673s] running install_lib
[2.677s] running install_data
[2.677s] running install_egg_info
[2.681s] removing '/home/ram/Documents/ROS---2/install/basic_py_examples/lib/python3.10/site-packages/basic_py_examples-0.0.0-py3.10.egg-info' (and everything under it)
[2.682s] Copying ../../build/basic_py_examples/basic_py_examples.egg-info to /home/ram/Documents/ROS---2/install/basic_py_examples/lib/python3.10/site-packages/basic_py_examples-0.0.0-py3.10.egg-info
[2.684s] running install_scripts
[2.733s] Installing parameters_demo script to /home/ram/Documents/ROS---2/install/basic_py_examples/lib/basic_py_examples
[2.733s] Installing simple_publisher script to /home/ram/Documents/ROS---2/install/basic_py_examples/lib/basic_py_examples
[2.735s] Installing simple_subscriber script to /home/ram/Documents/ROS---2/install/basic_py_examples/lib/basic_py_examples
[2.737s] writing list of installed files to '/home/ram/Documents/ROS---2/build/basic_py_examples/install.log'
[2.807s] Invoked command in '/home/ram/Documents/ROS---2/src/basic_py_examples' returned '0': PYTHONPATH=/home/ram/Documents/ROS---2/build/basic_py_examples/prefix_override:/usr/lib/python3/dist-packages/colcon_core/task/python/colcon_distutils_commands:/home/ram/Documents/ROS---2/install/basic_py_examples/lib/python3.10/site-packages:${PYTHONPATH} /usr/bin/python3 -W ignore:setup.py install is deprecated -W ignore:easy_install command is deprecated setup.py egg_info --egg-base ../../build/basic_py_examples build --build-base /home/ram/Documents/ROS---2/build/basic_py_examples/build install --record /home/ram/Documents/ROS---2/build/basic_py_examples/install.log --single-version-externally-managed install_data
