[0.033s] Invoking command in '/home/ram/Documents/ros2/build/lego_description': CMAKE_PREFIX_PATH=/opt/ros/humble /usr/bin/cmake --build /home/ram/Documents/ros2/build/lego_description -- -j4 -l4
[0.125s] Invoked command in '/home/ram/Documents/ros2/build/lego_description' returned '0': CMAKE_PREFIX_PATH=/opt/ros/humble /usr/bin/cmake --build /home/ram/Documents/ros2/build/lego_description -- -j4 -l4
[0.146s] Invoking command in '/home/ram/Documents/ros2/build/lego_description': CMAKE_PREFIX_PATH=/opt/ros/humble /usr/bin/cmake --install /home/ram/Documents/ros2/build/lego_description
[0.160s] -- Install configuration: ""
[0.161s] -- Execute custom install script
[0.162s] -- Up-to-date symlink: /home/ram/Documents/ros2/install/lego_description/share/lego_description/urdf/lego_brick_macros.xacro
[0.163s] -- Up-to-date symlink: /home/ram/Documents/ros2/install/lego_description/share/lego_description/urdf/lego_scene.xacro
[0.163s] -- Up-to-date symlink: /home/ram/Documents/ros2/install/lego_description/share/lego_description/urdf/robot_with_lego.xacro
[0.164s] -- Up-to-date symlink: /home/ram/Documents/ros2/install/lego_description/share/ament_index/resource_index/package_run_dependencies/lego_description
[0.164s] -- Up-to-date symlink: /home/ram/Documents/ros2/install/lego_description/share/ament_index/resource_index/parent_prefix_path/lego_description
[0.165s] -- Up-to-date symlink: /home/ram/Documents/ros2/install/lego_description/share/lego_description/environment/ament_prefix_path.sh
[0.165s] -- Up-to-date symlink: /home/ram/Documents/ros2/install/lego_description/share/lego_description/environment/ament_prefix_path.dsv
[0.166s] -- Up-to-date symlink: /home/ram/Documents/ros2/install/lego_description/share/lego_description/environment/path.sh
[0.167s] -- Up-to-date symlink: /home/ram/Documents/ros2/install/lego_description/share/lego_description/environment/path.dsv
[0.167s] -- Up-to-date symlink: /home/ram/Documents/ros2/install/lego_description/share/lego_description/local_setup.bash
[0.167s] -- Up-to-date symlink: /home/ram/Documents/ros2/install/lego_description/share/lego_description/local_setup.sh
[0.168s] -- Up-to-date symlink: /home/ram/Documents/ros2/install/lego_description/share/lego_description/local_setup.zsh
[0.168s] -- Up-to-date symlink: /home/ram/Documents/ros2/install/lego_description/share/lego_description/local_setup.dsv
[0.169s] -- Symlinking: /home/ram/Documents/ros2/install/lego_description/share/lego_description/package.dsv
[0.184s] -- Up-to-date symlink: /home/ram/Documents/ros2/install/lego_description/share/ament_index/resource_index/packages/lego_description
[0.185s] -- Up-to-date symlink: /home/ram/Documents/ros2/install/lego_description/share/lego_description/cmake/lego_descriptionConfig.cmake
[0.185s] -- Up-to-date symlink: /home/ram/Documents/ros2/install/lego_description/share/lego_description/cmake/lego_descriptionConfig-version.cmake
[0.186s] -- Up-to-date symlink: /home/ram/Documents/ros2/install/lego_description/share/lego_description/package.xml
[0.190s] Invoked command in '/home/ram/Documents/ros2/build/lego_description' returned '0': CMAKE_PREFIX_PATH=/opt/ros/humble /usr/bin/cmake --install /home/ram/Documents/ros2/build/lego_description
