running egg_info
creating ../../build/basic_py_examples/basic_py_examples.egg-info
writing ../../build/basic_py_examples/basic_py_examples.egg-info/PKG-INFO
writing dependency_links to ../../build/basic_py_examples/basic_py_examples.egg-info/dependency_links.txt
writing entry points to ../../build/basic_py_examples/basic_py_examples.egg-info/entry_points.txt
writing requirements to ../../build/basic_py_examples/basic_py_examples.egg-info/requires.txt
writing top-level names to ../../build/basic_py_examples/basic_py_examples.egg-info/top_level.txt
writing manifest file '../../build/basic_py_examples/basic_py_examples.egg-info/SOURCES.txt'
reading manifest file '../../build/basic_py_examples/basic_py_examples.egg-info/SOURCES.txt'
writing manifest file '../../build/basic_py_examples/basic_py_examples.egg-info/SOURCES.txt'
running build
running build_py
creating /home/ram/Documents/ROS---2/build/basic_py_examples/build
creating /home/ram/Documents/ROS---2/build/basic_py_examples/build/lib
creating /home/ram/Documents/ROS---2/build/basic_py_examples/build/lib/basic_py_examples
copying basic_py_examples/__init__.py -> /home/ram/Documents/ROS---2/build/basic_py_examples/build/lib/basic_py_examples
copying basic_py_examples/simple_subscriber.py -> /home/ram/Documents/ROS---2/build/basic_py_examples/build/lib/basic_py_examples
copying basic_py_examples/parameters.py -> /home/ram/Documents/ROS---2/build/basic_py_examples/build/lib/basic_py_examples
copying basic_py_examples/simple_publisher.py -> /home/ram/Documents/ROS---2/build/basic_py_examples/build/lib/basic_py_examples
running install
running install_lib
creating /home/ram/Documents/ROS---2/install/basic_py_examples/lib/python3.10/site-packages/basic_py_examples
copying /home/ram/Documents/ROS---2/build/basic_py_examples/build/lib/basic_py_examples/__init__.py -> /home/ram/Documents/ROS---2/install/basic_py_examples/lib/python3.10/site-packages/basic_py_examples
copying /home/ram/Documents/ROS---2/build/basic_py_examples/build/lib/basic_py_examples/simple_subscriber.py -> /home/ram/Documents/ROS---2/install/basic_py_examples/lib/python3.10/site-packages/basic_py_examples
copying /home/ram/Documents/ROS---2/build/basic_py_examples/build/lib/basic_py_examples/parameters.py -> /home/ram/Documents/ROS---2/install/basic_py_examples/lib/python3.10/site-packages/basic_py_examples
copying /home/ram/Documents/ROS---2/build/basic_py_examples/build/lib/basic_py_examples/simple_publisher.py -> /home/ram/Documents/ROS---2/install/basic_py_examples/lib/python3.10/site-packages/basic_py_examples
byte-compiling /home/ram/Documents/ROS---2/install/basic_py_examples/lib/python3.10/site-packages/basic_py_examples/__init__.py to __init__.cpython-310.pyc
byte-compiling /home/ram/Documents/ROS---2/install/basic_py_examples/lib/python3.10/site-packages/basic_py_examples/simple_subscriber.py to simple_subscriber.cpython-310.pyc
byte-compiling /home/ram/Documents/ROS---2/install/basic_py_examples/lib/python3.10/site-packages/basic_py_examples/parameters.py to parameters.cpython-310.pyc
byte-compiling /home/ram/Documents/ROS---2/install/basic_py_examples/lib/python3.10/site-packages/basic_py_examples/simple_publisher.py to simple_publisher.cpython-310.pyc
running install_data
creating /home/ram/Documents/ROS---2/install/basic_py_examples/share/ament_index
creating /home/ram/Documents/ROS---2/install/basic_py_examples/share/ament_index/resource_index
creating /home/ram/Documents/ROS---2/install/basic_py_examples/share/ament_index/resource_index/packages
copying resource/basic_py_examples -> /home/ram/Documents/ROS---2/install/basic_py_examples/share/ament_index/resource_index/packages
copying package.xml -> /home/ram/Documents/ROS---2/install/basic_py_examples/share/basic_py_examples
running install_egg_info
Copying ../../build/basic_py_examples/basic_py_examples.egg-info to /home/ram/Documents/ROS---2/install/basic_py_examples/lib/python3.10/site-packages/basic_py_examples-0.0.0-py3.10.egg-info
running install_scripts
Installing parameters_demo script to /home/ram/Documents/ROS---2/install/basic_py_examples/lib/basic_py_examples
Installing simple_publisher script to /home/ram/Documents/ROS---2/install/basic_py_examples/lib/basic_py_examples
Installing simple_subscriber script to /home/ram/Documents/ROS---2/install/basic_py_examples/lib/basic_py_examples
writing list of installed files to '/home/ram/Documents/ROS---2/build/basic_py_examples/install.log'
