[0.034s] Invoking command in '/home/ram/Documents/ros2/build/basic_description': CMAKE_PREFIX_PATH=/home/ram/Documents/ros2/install/basic_py_examples:/opt/ros/humble /usr/bin/cmake /home/ram/Documents/ros2/src/basic_description -DCMAKE_INSTALL_PREFIX=/home/ram/Documents/ros2/install/basic_description
[0.381s] -- The C compiler identification is GNU 11.4.0
[0.589s] -- The CXX compiler identification is GNU 11.4.0
[0.640s] -- Detecting C compiler ABI info
[1.087s] -- Detecting C compiler ABI info - done
[1.111s] -- Check for working C compiler: /usr/bin/cc - skipped
[1.111s] -- Detecting C compile features
[1.114s] -- Detecting C compile features - done
[1.125s] -- Detecting CXX compiler ABI info
[1.365s] -- Detecting CXX compiler ABI info - done
[1.388s] -- Check for working CXX compiler: /usr/bin/c++ - skipped
[1.389s] -- Detecting CXX compile features
[1.392s] -- Detecting CXX compile features - done
[1.483s] -- Found ament_cmake: 1.3.11 (/opt/ros/humble/share/ament_cmake/cmake)
[2.128s] -- Found Python3: /usr/bin/python3 (found version "3.10.12") found components: Interpreter 
[2.933s] -- Found ament_lint_auto: 0.12.12 (/opt/ros/humble/share/ament_lint_auto/cmake)
[3.635s] -- Added test 'lint_cmake' to check CMake code style
[3.639s] -- Added test 'xmllint' to check XML markup files
[3.648s] -- Configuring done
[3.657s] -- Generating done
[3.663s] -- Build files have been written to: /home/ram/Documents/ros2/build/basic_description
[3.671s] Invoked command in '/home/ram/Documents/ros2/build/basic_description' returned '0': CMAKE_PREFIX_PATH=/home/ram/Documents/ros2/install/basic_py_examples:/opt/ros/humble /usr/bin/cmake /home/ram/Documents/ros2/src/basic_description -DCMAKE_INSTALL_PREFIX=/home/ram/Documents/ros2/install/basic_description
[3.676s] Invoking command in '/home/ram/Documents/ros2/build/basic_description': CMAKE_PREFIX_PATH=/home/ram/Documents/ros2/install/basic_py_examples:/opt/ros/humble /usr/bin/cmake --build /home/ram/Documents/ros2/build/basic_description -- -j4 -l4
[3.747s] Invoked command in '/home/ram/Documents/ros2/build/basic_description' returned '0': CMAKE_PREFIX_PATH=/home/ram/Documents/ros2/install/basic_py_examples:/opt/ros/humble /usr/bin/cmake --build /home/ram/Documents/ros2/build/basic_description -- -j4 -l4
[3.767s] Invoking command in '/home/ram/Documents/ros2/build/basic_description': CMAKE_PREFIX_PATH=/home/ram/Documents/ros2/install/basic_py_examples:/opt/ros/humble /usr/bin/cmake --install /home/ram/Documents/ros2/build/basic_description
[3.780s] -- Install configuration: ""
[3.780s] -- Installing: /home/ram/Documents/ros2/install/basic_description/share/ament_index/resource_index/package_run_dependencies/basic_description
[3.781s] -- Installing: /home/ram/Documents/ros2/install/basic_description/share/ament_index/resource_index/parent_prefix_path/basic_description
[3.781s] -- Installing: /home/ram/Documents/ros2/install/basic_description/share/basic_description/environment/ament_prefix_path.sh
[3.781s] -- Installing: /home/ram/Documents/ros2/install/basic_description/share/basic_description/environment/ament_prefix_path.dsv
[3.782s] -- Installing: /home/ram/Documents/ros2/install/basic_description/share/basic_description/environment/path.sh
[3.782s] -- Installing: /home/ram/Documents/ros2/install/basic_description/share/basic_description/environment/path.dsv
[3.782s] -- Installing: /home/ram/Documents/ros2/install/basic_description/share/basic_description/local_setup.bash
[3.783s] -- Installing: /home/ram/Documents/ros2/install/basic_description/share/basic_description/local_setup.sh
[3.783s] -- Installing: /home/ram/Documents/ros2/install/basic_description/share/basic_description/local_setup.zsh
[3.784s] -- Installing: /home/ram/Documents/ros2/install/basic_description/share/basic_description/local_setup.dsv
[3.784s] -- Installing: /home/ram/Documents/ros2/install/basic_description/share/basic_description/package.dsv
[3.784s] -- Installing: /home/ram/Documents/ros2/install/basic_description/share/ament_index/resource_index/packages/basic_description
[3.785s] -- Installing: /home/ram/Documents/ros2/install/basic_description/share/basic_description/cmake/basic_descriptionConfig.cmake
[3.785s] -- Installing: /home/ram/Documents/ros2/install/basic_description/share/basic_description/cmake/basic_descriptionConfig-version.cmake
[3.788s] -- Installing: /home/ram/Documents/ros2/install/basic_description/share/basic_description/package.xml
[3.793s] Invoked command in '/home/ram/Documents/ros2/build/basic_description' returned '0': CMAKE_PREFIX_PATH=/home/ram/Documents/ros2/install/basic_py_examples:/opt/ros/humble /usr/bin/cmake --install /home/ram/Documents/ros2/build/basic_description
