[0.213s] DEBUG:colcon:Command line arguments: ['/usr/bin/colcon', 'build']
[0.213s] DEBUG:colcon:Parsed command line arguments: Namespace(log_base=None, log_level=None, verb_name='build', build_base='build', install_base='install', merge_install=False, symlink_install=False, test_result_base=None, continue_on_error=False, executor='parallel', parallel_workers=4, event_handlers=None, ignore_user_meta=False, metas=['./colcon.meta'], base_paths=['.'], packages_ignore=None, packages_ignore_regex=None, paths=None, packages_up_to=None, packages_up_to_regex=None, packages_above=None, packages_above_and_dependencies=None, packages_above_depth=None, packages_select_by_dep=None, packages_skip_by_dep=None, packages_skip_up_to=None, packages_select_build_failed=False, packages_skip_build_finished=False, packages_select_test_failures=False, packages_skip_test_passed=False, packages_select=None, packages_skip=None, packages_select_regex=None, packages_skip_regex=None, packages_start=None, packages_end=None, allow_overriding=[], cmake_args=None, cmake_target=None, cmake_target_skip_unavailable=False, cmake_clean_cache=False, cmake_clean_first=False, cmake_force_configure=False, ament_cmake_args=None, catkin_cmake_args=None, catkin_skip_building_tests=False, mixin_files=None, mixin=None, verb_parser=<colcon_mixin.mixin.mixin_argument.MixinArgumentDecorator object at 0x780ca8a51bd0>, verb_extension=<colcon_core.verb.build.BuildVerb object at 0x780ca8a51210>, main=<bound method BuildVerb.main of <colcon_core.verb.build.BuildVerb object at 0x780ca8a51210>>, mixin_verb=('build',))
[0.615s] Level 1:colcon.colcon_core.package_discovery:discover_packages(colcon_meta) check parameters
[0.615s] Level 1:colcon.colcon_core.package_discovery:discover_packages(recursive) check parameters
[0.615s] Level 1:colcon.colcon_core.package_discovery:discover_packages(ignore) check parameters
[0.615s] Level 1:colcon.colcon_core.package_discovery:discover_packages(path) check parameters
[0.615s] Level 1:colcon.colcon_core.package_discovery:discover_packages(colcon_meta) discover
[0.615s] Level 1:colcon.colcon_core.package_discovery:discover_packages(recursive) discover
[0.615s] INFO:colcon.colcon_core.package_discovery:Crawling recursively for packages in '/home/ram/Documents/ROS---2'
[0.616s] Level 1:colcon.colcon_core.package_identification:_identify(.) by extensions ['ignore', 'ignore_ament_install']
[0.616s] Level 1:colcon.colcon_core.package_identification:_identify(.) by extension 'ignore'
[0.616s] Level 1:colcon.colcon_core.package_identification:_identify(.) by extension 'ignore_ament_install'
[0.616s] Level 1:colcon.colcon_core.package_identification:_identify(.) by extensions ['colcon_pkg']
[0.616s] Level 1:colcon.colcon_core.package_identification:_identify(.) by extension 'colcon_pkg'
[0.616s] Level 1:colcon.colcon_core.package_identification:_identify(.) by extensions ['colcon_meta']
[0.616s] Level 1:colcon.colcon_core.package_identification:_identify(.) by extension 'colcon_meta'
[0.616s] Level 1:colcon.colcon_core.package_identification:_identify(.) by extensions ['ros']
[0.616s] Level 1:colcon.colcon_core.package_identification:_identify(.) by extension 'ros'
[0.638s] Level 1:colcon.colcon_core.package_identification:_identify(.) by extensions ['cmake', 'python']
[0.638s] Level 1:colcon.colcon_core.package_identification:_identify(.) by extension 'cmake'
[0.638s] Level 1:colcon.colcon_core.package_identification:_identify(.) by extension 'python'
[0.638s] Level 1:colcon.colcon_core.package_identification:_identify(.) by extensions ['python_setup_py']
[0.638s] Level 1:colcon.colcon_core.package_identification:_identify(.) by extension 'python_setup_py'
[0.638s] Level 1:colcon.colcon_core.package_identification:_identify(build) by extensions ['ignore', 'ignore_ament_install']
[0.638s] Level 1:colcon.colcon_core.package_identification:_identify(build) by extension 'ignore'
[0.638s] Level 1:colcon.colcon_core.package_identification:_identify(build) ignored
[0.639s] Level 1:colcon.colcon_core.package_identification:_identify(install) by extensions ['ignore', 'ignore_ament_install']
[0.639s] Level 1:colcon.colcon_core.package_identification:_identify(install) by extension 'ignore'
[0.639s] Level 1:colcon.colcon_core.package_identification:_identify(install) ignored
[0.639s] Level 1:colcon.colcon_core.package_identification:_identify(log) by extensions ['ignore', 'ignore_ament_install']
[0.639s] Level 1:colcon.colcon_core.package_identification:_identify(log) by extension 'ignore'
[0.639s] Level 1:colcon.colcon_core.package_identification:_identify(log) ignored
[0.639s] Level 1:colcon.colcon_core.package_identification:_identify(src) by extensions ['ignore', 'ignore_ament_install']
[0.640s] Level 1:colcon.colcon_core.package_identification:_identify(src) by extension 'ignore'
[0.640s] Level 1:colcon.colcon_core.package_identification:_identify(src) by extension 'ignore_ament_install'
[0.640s] Level 1:colcon.colcon_core.package_identification:_identify(src) by extensions ['colcon_pkg']
[0.640s] Level 1:colcon.colcon_core.package_identification:_identify(src) by extension 'colcon_pkg'
[0.640s] Level 1:colcon.colcon_core.package_identification:_identify(src) by extensions ['colcon_meta']
[0.640s] Level 1:colcon.colcon_core.package_identification:_identify(src) by extension 'colcon_meta'
[0.640s] Level 1:colcon.colcon_core.package_identification:_identify(src) by extensions ['ros']
[0.640s] Level 1:colcon.colcon_core.package_identification:_identify(src) by extension 'ros'
[0.640s] Level 1:colcon.colcon_core.package_identification:_identify(src) by extensions ['cmake', 'python']
[0.640s] Level 1:colcon.colcon_core.package_identification:_identify(src) by extension 'cmake'
[0.641s] Level 1:colcon.colcon_core.package_identification:_identify(src) by extension 'python'
[0.641s] Level 1:colcon.colcon_core.package_identification:_identify(src) by extensions ['python_setup_py']
[0.641s] Level 1:colcon.colcon_core.package_identification:_identify(src) by extension 'python_setup_py'
[0.641s] Level 1:colcon.colcon_core.package_identification:_identify(src/basic_description) by extensions ['ignore', 'ignore_ament_install']
[0.641s] Level 1:colcon.colcon_core.package_identification:_identify(src/basic_description) by extension 'ignore'
[0.641s] Level 1:colcon.colcon_core.package_identification:_identify(src/basic_description) by extension 'ignore_ament_install'
[0.641s] Level 1:colcon.colcon_core.package_identification:_identify(src/basic_description) by extensions ['colcon_pkg']
[0.641s] Level 1:colcon.colcon_core.package_identification:_identify(src/basic_description) by extension 'colcon_pkg'
[0.641s] Level 1:colcon.colcon_core.package_identification:_identify(src/basic_description) by extensions ['colcon_meta']
[0.641s] Level 1:colcon.colcon_core.package_identification:_identify(src/basic_description) by extension 'colcon_meta'
[0.642s] Level 1:colcon.colcon_core.package_identification:_identify(src/basic_description) by extensions ['ros']
[0.642s] Level 1:colcon.colcon_core.package_identification:_identify(src/basic_description) by extension 'ros'
[0.646s] DEBUG:colcon.colcon_core.package_identification:Package 'src/basic_description' with type 'ros.ament_cmake' and name 'basic_description'
[0.646s] Level 1:colcon.colcon_core.package_identification:_identify(src/basic_py_examples) by extensions ['ignore', 'ignore_ament_install']
[0.647s] Level 1:colcon.colcon_core.package_identification:_identify(src/basic_py_examples) by extension 'ignore'
[0.647s] Level 1:colcon.colcon_core.package_identification:_identify(src/basic_py_examples) by extension 'ignore_ament_install'
[0.647s] Level 1:colcon.colcon_core.package_identification:_identify(src/basic_py_examples) by extensions ['colcon_pkg']
[0.647s] Level 1:colcon.colcon_core.package_identification:_identify(src/basic_py_examples) by extension 'colcon_pkg'
[0.647s] Level 1:colcon.colcon_core.package_identification:_identify(src/basic_py_examples) by extensions ['colcon_meta']
[0.647s] Level 1:colcon.colcon_core.package_identification:_identify(src/basic_py_examples) by extension 'colcon_meta'
[0.647s] Level 1:colcon.colcon_core.package_identification:_identify(src/basic_py_examples) by extensions ['ros']
[0.647s] Level 1:colcon.colcon_core.package_identification:_identify(src/basic_py_examples) by extension 'ros'
[0.648s] DEBUG:colcon.colcon_core.package_identification:Package 'src/basic_py_examples' with type 'ros.ament_python' and name 'basic_py_examples'
[0.649s] Level 1:colcon.colcon_core.package_discovery:discover_packages(recursive) using defaults
[0.649s] Level 1:colcon.colcon_core.package_discovery:discover_packages(ignore) discover
[0.649s] Level 1:colcon.colcon_core.package_discovery:discover_packages(ignore) using defaults
[0.649s] Level 1:colcon.colcon_core.package_discovery:discover_packages(path) discover
[0.649s] Level 1:colcon.colcon_core.package_discovery:discover_packages(path) using defaults
[0.704s] Level 1:colcon.colcon_core.package_discovery:discover_packages(prefix_path) check parameters
[0.704s] Level 1:colcon.colcon_core.package_discovery:discover_packages(prefix_path) discover
[0.705s] WARNING:colcon.colcon_ros.prefix_path.ament:The path '/home/ram/Documents/ROS---2/install/lego_manipulation' in the environment variable AMENT_PREFIX_PATH doesn't exist
[0.706s] WARNING:colcon.colcon_ros.prefix_path.ament:The path '/home/ram/Documents/ROS---2/install/basic_py_examples' in the environment variable AMENT_PREFIX_PATH doesn't exist
[0.706s] WARNING:colcon.colcon_ros.prefix_path.ament:The path '/home/ram/Documents/ROS---2/install/basic_description' in the environment variable AMENT_PREFIX_PATH doesn't exist
[0.706s] WARNING:colcon.colcon_ros.prefix_path.catkin:The path '/home/ram/Documents/ROS---2/install/lego_description' in the environment variable CMAKE_PREFIX_PATH doesn't exist
[0.706s] WARNING:colcon.colcon_ros.prefix_path.catkin:The path '/home/ram/Documents/ROS---2/install/basic_description' in the environment variable CMAKE_PREFIX_PATH doesn't exist
[0.707s] DEBUG:colcon.colcon_installed_package_information.package_discovery:Found 0 installed packages in /home/ram/Documents/ROS---2/install
[0.710s] DEBUG:colcon.colcon_installed_package_information.package_discovery:Found 276 installed packages in /opt/ros/humble
[0.713s] Level 1:colcon.colcon_core.package_discovery:discover_packages(prefix_path) using defaults
[0.803s] Level 5:colcon.colcon_core.verb:set package 'basic_description' build argument 'cmake_args' from command line to 'None'
[0.803s] Level 5:colcon.colcon_core.verb:set package 'basic_description' build argument 'cmake_target' from command line to 'None'
[0.803s] Level 5:colcon.colcon_core.verb:set package 'basic_description' build argument 'cmake_target_skip_unavailable' from command line to 'False'
[0.803s] Level 5:colcon.colcon_core.verb:set package 'basic_description' build argument 'cmake_clean_cache' from command line to 'False'
[0.803s] Level 5:colcon.colcon_core.verb:set package 'basic_description' build argument 'cmake_clean_first' from command line to 'False'
[0.803s] Level 5:colcon.colcon_core.verb:set package 'basic_description' build argument 'cmake_force_configure' from command line to 'False'
[0.803s] Level 5:colcon.colcon_core.verb:set package 'basic_description' build argument 'ament_cmake_args' from command line to 'None'
[0.803s] Level 5:colcon.colcon_core.verb:set package 'basic_description' build argument 'catkin_cmake_args' from command line to 'None'
[0.803s] Level 5:colcon.colcon_core.verb:set package 'basic_description' build argument 'catkin_skip_building_tests' from command line to 'False'
[0.804s] DEBUG:colcon.colcon_core.verb:Building package 'basic_description' with the following arguments: {'ament_cmake_args': None, 'build_base': '/home/ram/Documents/ROS---2/build/basic_description', 'catkin_cmake_args': None, 'catkin_skip_building_tests': False, 'cmake_args': None, 'cmake_clean_cache': False, 'cmake_clean_first': False, 'cmake_force_configure': False, 'cmake_target': None, 'cmake_target_skip_unavailable': False, 'install_base': '/home/ram/Documents/ROS---2/install/basic_description', 'merge_install': False, 'path': '/home/ram/Documents/ROS---2/src/basic_description', 'symlink_install': False, 'test_result_base': None}
[0.804s] Level 5:colcon.colcon_core.verb:set package 'basic_py_examples' build argument 'cmake_args' from command line to 'None'
[0.804s] Level 5:colcon.colcon_core.verb:set package 'basic_py_examples' build argument 'cmake_target' from command line to 'None'
[0.804s] Level 5:colcon.colcon_core.verb:set package 'basic_py_examples' build argument 'cmake_target_skip_unavailable' from command line to 'False'
[0.804s] Level 5:colcon.colcon_core.verb:set package 'basic_py_examples' build argument 'cmake_clean_cache' from command line to 'False'
[0.804s] Level 5:colcon.colcon_core.verb:set package 'basic_py_examples' build argument 'cmake_clean_first' from command line to 'False'
[0.805s] Level 5:colcon.colcon_core.verb:set package 'basic_py_examples' build argument 'cmake_force_configure' from command line to 'False'
[0.805s] Level 5:colcon.colcon_core.verb:set package 'basic_py_examples' build argument 'ament_cmake_args' from command line to 'None'
[0.805s] Level 5:colcon.colcon_core.verb:set package 'basic_py_examples' build argument 'catkin_cmake_args' from command line to 'None'
[0.805s] Level 5:colcon.colcon_core.verb:set package 'basic_py_examples' build argument 'catkin_skip_building_tests' from command line to 'False'
[0.805s] DEBUG:colcon.colcon_core.verb:Building package 'basic_py_examples' with the following arguments: {'ament_cmake_args': None, 'build_base': '/home/ram/Documents/ROS---2/build/basic_py_examples', 'catkin_cmake_args': None, 'catkin_skip_building_tests': False, 'cmake_args': None, 'cmake_clean_cache': False, 'cmake_clean_first': False, 'cmake_force_configure': False, 'cmake_target': None, 'cmake_target_skip_unavailable': False, 'install_base': '/home/ram/Documents/ROS---2/install/basic_py_examples', 'merge_install': False, 'path': '/home/ram/Documents/ROS---2/src/basic_py_examples', 'symlink_install': False, 'test_result_base': None}
[0.805s] INFO:colcon.colcon_core.executor:Executing jobs using 'parallel' executor
[0.807s] DEBUG:colcon.colcon_parallel_executor.executor.parallel:run_until_complete
[0.807s] INFO:colcon.colcon_ros.task.ament_cmake.build:Building ROS package in '/home/ram/Documents/ROS---2/src/basic_description' with build type 'ament_cmake'
[0.807s] INFO:colcon.colcon_cmake.task.cmake.build:Building CMake package in '/home/ram/Documents/ROS---2/src/basic_description'
[0.811s] INFO:colcon.colcon_core.plugin_system:Skipping extension 'colcon_core.shell.bat': Not used on non-Windows systems
[0.811s] INFO:colcon.colcon_core.shell:Skip shell extension 'powershell' for command environment: Not usable outside of PowerShell
[0.812s] DEBUG:colcon.colcon_core.shell:Skip shell extension 'dsv' for command environment
[0.817s] INFO:colcon.colcon_ros.task.ament_python.build:Building ROS package in '/home/ram/Documents/ROS---2/src/basic_py_examples' with build type 'ament_python'
[0.818s] Level 1:colcon.colcon_core.shell:create_environment_hook('basic_py_examples', 'ament_prefix_path')
[0.819s] INFO:colcon.colcon_core.shell:Creating environment hook '/home/ram/Documents/ROS---2/install/basic_py_examples/share/basic_py_examples/hook/ament_prefix_path.ps1'
[0.820s] INFO:colcon.colcon_core.shell:Creating environment descriptor '/home/ram/Documents/ROS---2/install/basic_py_examples/share/basic_py_examples/hook/ament_prefix_path.dsv'
[0.821s] INFO:colcon.colcon_core.shell:Creating environment hook '/home/ram/Documents/ROS---2/install/basic_py_examples/share/basic_py_examples/hook/ament_prefix_path.sh'
[0.822s] INFO:colcon.colcon_core.shell:Skip shell extension 'powershell' for command environment: Not usable outside of PowerShell
[0.823s] DEBUG:colcon.colcon_core.shell:Skip shell extension 'dsv' for command environment
[0.835s] DEBUG:colcon.colcon_core.event_handler.log_command:Invoking command in '/home/ram/Documents/ROS---2/build/basic_description': CMAKE_PREFIX_PATH=${CMAKE_PREFIX_PATH}:/opt/ros/humble:/home/ram/Documents/ROS---2/install/lego_manipulation:/home/ram/Documents/ROS---2/install/basic_py_examples /usr/bin/cmake /home/ram/Documents/ROS---2/src/basic_description -DCMAKE_INSTALL_PREFIX=/home/ram/Documents/ROS---2/install/basic_description
[1.379s] INFO:colcon.colcon_core.task.python.build:Building Python package in '/home/ram/Documents/ROS---2/src/basic_py_examples'
[1.379s] INFO:colcon.colcon_core.shell:Skip shell extension 'powershell' for command environment: Not usable outside of PowerShell
[1.380s] DEBUG:colcon.colcon_core.shell:Skip shell extension 'dsv' for command environment
[6.285s] DEBUG:colcon.colcon_core.event_handler.log_command:Invoking command in '/home/ram/Documents/ROS---2/src/basic_py_examples': PYTHONPATH=/home/ram/Documents/ROS---2/build/basic_py_examples/prefix_override:/usr/lib/python3/dist-packages/colcon_core/task/python/colcon_distutils_commands:/home/ram/Documents/ROS---2/install/basic_py_examples/lib/python3.10/site-packages:${PYTHONPATH} /usr/bin/python3 -W ignore:setup.py install is deprecated -W ignore:easy_install command is deprecated setup.py egg_info --egg-base ../../build/basic_py_examples build --build-base /home/ram/Documents/ROS---2/build/basic_py_examples/build install --record /home/ram/Documents/ROS---2/build/basic_py_examples/install.log --single-version-externally-managed install_data
[6.871s] DEBUG:colcon.colcon_core.event_handler.log_command:Invoked command in '/home/ram/Documents/ROS---2/src/basic_py_examples' returned '0': PYTHONPATH=/home/ram/Documents/ROS---2/build/basic_py_examples/prefix_override:/usr/lib/python3/dist-packages/colcon_core/task/python/colcon_distutils_commands:/home/ram/Documents/ROS---2/install/basic_py_examples/lib/python3.10/site-packages:${PYTHONPATH} /usr/bin/python3 -W ignore:setup.py install is deprecated -W ignore:easy_install command is deprecated setup.py egg_info --egg-base ../../build/basic_py_examples build --build-base /home/ram/Documents/ROS---2/build/basic_py_examples/build install --record /home/ram/Documents/ROS---2/build/basic_py_examples/install.log --single-version-externally-managed install_data
[6.875s] Level 1:colcon.colcon_core.environment:checking '/home/ram/Documents/ROS---2/install/basic_py_examples' for CMake module files
[6.875s] Level 1:colcon.colcon_core.environment:checking '/home/ram/Documents/ROS---2/install/basic_py_examples' for CMake config files
[6.877s] Level 1:colcon.colcon_core.environment:checking '/home/ram/Documents/ROS---2/install/basic_py_examples/lib'
[6.877s] Level 1:colcon.colcon_core.environment:checking '/home/ram/Documents/ROS---2/install/basic_py_examples/bin'
[6.877s] Level 1:colcon.colcon_core.environment:checking '/home/ram/Documents/ROS---2/install/basic_py_examples/lib/pkgconfig/basic_py_examples.pc'
[6.878s] Level 1:colcon.colcon_core.environment:checking '/home/ram/Documents/ROS---2/install/basic_py_examples/lib/python3.10/site-packages'
[6.878s] Level 1:colcon.colcon_core.shell:create_environment_hook('basic_py_examples', 'pythonpath')
[6.878s] INFO:colcon.colcon_core.shell:Creating environment hook '/home/ram/Documents/ROS---2/install/basic_py_examples/share/basic_py_examples/hook/pythonpath.ps1'
[6.879s] INFO:colcon.colcon_core.shell:Creating environment descriptor '/home/ram/Documents/ROS---2/install/basic_py_examples/share/basic_py_examples/hook/pythonpath.dsv'
[6.880s] INFO:colcon.colcon_core.shell:Creating environment hook '/home/ram/Documents/ROS---2/install/basic_py_examples/share/basic_py_examples/hook/pythonpath.sh'
[6.881s] Level 1:colcon.colcon_core.environment:checking '/home/ram/Documents/ROS---2/install/basic_py_examples/bin'
[6.881s] Level 1:colcon.colcon_core.environment:create_environment_scripts_only(basic_py_examples)
[6.882s] INFO:colcon.colcon_core.shell:Creating package script '/home/ram/Documents/ROS---2/install/basic_py_examples/share/basic_py_examples/package.ps1'
[6.883s] INFO:colcon.colcon_core.shell:Creating package descriptor '/home/ram/Documents/ROS---2/install/basic_py_examples/share/basic_py_examples/package.dsv'
[6.884s] INFO:colcon.colcon_core.shell:Creating package script '/home/ram/Documents/ROS---2/install/basic_py_examples/share/basic_py_examples/package.sh'
[6.886s] INFO:colcon.colcon_core.shell:Creating package script '/home/ram/Documents/ROS---2/install/basic_py_examples/share/basic_py_examples/package.bash'
[6.887s] INFO:colcon.colcon_core.shell:Creating package script '/home/ram/Documents/ROS---2/install/basic_py_examples/share/basic_py_examples/package.zsh'
[6.888s] Level 1:colcon.colcon_core.environment:create_file_with_runtime_dependencies(/home/ram/Documents/ROS---2/install/basic_py_examples/share/colcon-core/packages/basic_py_examples)
[8.754s] DEBUG:colcon.colcon_core.event_handler.log_command:Invoked command in '/home/ram/Documents/ROS---2/build/basic_description' returned '0': CMAKE_PREFIX_PATH=${CMAKE_PREFIX_PATH}:/opt/ros/humble:/home/ram/Documents/ROS---2/install/lego_manipulation:/home/ram/Documents/ROS---2/install/basic_py_examples /usr/bin/cmake /home/ram/Documents/ROS---2/src/basic_description -DCMAKE_INSTALL_PREFIX=/home/ram/Documents/ROS---2/install/basic_description
[8.758s] DEBUG:colcon.colcon_core.event_handler.log_command:Invoking command in '/home/ram/Documents/ROS---2/build/basic_description': CMAKE_PREFIX_PATH=${CMAKE_PREFIX_PATH}:/opt/ros/humble:/home/ram/Documents/ROS---2/install/lego_manipulation:/home/ram/Documents/ROS---2/install/basic_py_examples /usr/bin/cmake --build /home/ram/Documents/ROS---2/build/basic_description -- -j4 -l4
[8.818s] DEBUG:colcon.colcon_core.event_handler.log_command:Invoked command in '/home/ram/Documents/ROS---2/build/basic_description' returned '0': CMAKE_PREFIX_PATH=${CMAKE_PREFIX_PATH}:/opt/ros/humble:/home/ram/Documents/ROS---2/install/lego_manipulation:/home/ram/Documents/ROS---2/install/basic_py_examples /usr/bin/cmake --build /home/ram/Documents/ROS---2/build/basic_description -- -j4 -l4
[8.833s] DEBUG:colcon.colcon_core.event_handler.log_command:Invoking command in '/home/ram/Documents/ROS---2/build/basic_description': CMAKE_PREFIX_PATH=${CMAKE_PREFIX_PATH}:/opt/ros/humble:/home/ram/Documents/ROS---2/install/lego_manipulation:/home/ram/Documents/ROS---2/install/basic_py_examples /usr/bin/cmake --install /home/ram/Documents/ROS---2/build/basic_description
[8.878s] Level 1:colcon.colcon_core.environment:create_environment_scripts_only(basic_description)
[8.878s] Level 1:colcon.colcon_core.environment:checking '/home/ram/Documents/ROS---2/install/basic_description' for CMake module files
[8.879s] DEBUG:colcon.colcon_core.event_handler.log_command:Invoked command in '/home/ram/Documents/ROS---2/build/basic_description' returned '0': CMAKE_PREFIX_PATH=${CMAKE_PREFIX_PATH}:/opt/ros/humble:/home/ram/Documents/ROS---2/install/lego_manipulation:/home/ram/Documents/ROS---2/install/basic_py_examples /usr/bin/cmake --install /home/ram/Documents/ROS---2/build/basic_description
[8.880s] Level 1:colcon.colcon_core.environment:checking '/home/ram/Documents/ROS---2/install/basic_description' for CMake config files
[8.880s] Level 1:colcon.colcon_core.shell:create_environment_hook('basic_description', 'cmake_prefix_path')
[8.881s] INFO:colcon.colcon_core.shell:Creating environment hook '/home/ram/Documents/ROS---2/install/basic_description/share/basic_description/hook/cmake_prefix_path.ps1'
[8.882s] INFO:colcon.colcon_core.shell:Creating environment descriptor '/home/ram/Documents/ROS---2/install/basic_description/share/basic_description/hook/cmake_prefix_path.dsv'
[8.882s] INFO:colcon.colcon_core.shell:Creating environment hook '/home/ram/Documents/ROS---2/install/basic_description/share/basic_description/hook/cmake_prefix_path.sh'
[8.883s] Level 1:colcon.colcon_core.environment:checking '/home/ram/Documents/ROS---2/install/basic_description/bin'
[8.883s] Level 1:colcon.colcon_core.environment:checking '/home/ram/Documents/ROS---2/install/basic_description/lib/pkgconfig/basic_description.pc'
[8.884s] Level 1:colcon.colcon_core.environment:checking '/home/ram/Documents/ROS---2/install/basic_description/lib/python3.10/site-packages'
[8.884s] Level 1:colcon.colcon_core.environment:checking '/home/ram/Documents/ROS---2/install/basic_description/bin'
[8.885s] INFO:colcon.colcon_core.shell:Creating package script '/home/ram/Documents/ROS---2/install/basic_description/share/basic_description/package.ps1'
[8.886s] INFO:colcon.colcon_core.shell:Creating package descriptor '/home/ram/Documents/ROS---2/install/basic_description/share/basic_description/package.dsv'
[8.886s] INFO:colcon.colcon_core.shell:Creating package script '/home/ram/Documents/ROS---2/install/basic_description/share/basic_description/package.sh'
[8.887s] INFO:colcon.colcon_core.shell:Creating package script '/home/ram/Documents/ROS---2/install/basic_description/share/basic_description/package.bash'
[8.888s] INFO:colcon.colcon_core.shell:Creating package script '/home/ram/Documents/ROS---2/install/basic_description/share/basic_description/package.zsh'
[8.888s] Level 1:colcon.colcon_core.environment:create_file_with_runtime_dependencies(/home/ram/Documents/ROS---2/install/basic_description/share/colcon-core/packages/basic_description)
[8.889s] Level 1:colcon.colcon_core.environment:create_environment_scripts_only(basic_description)
[8.890s] Level 1:colcon.colcon_core.environment:checking '/home/ram/Documents/ROS---2/install/basic_description' for CMake module files
[8.891s] Level 1:colcon.colcon_core.environment:checking '/home/ram/Documents/ROS---2/install/basic_description' for CMake config files
[8.891s] Level 1:colcon.colcon_core.shell:create_environment_hook('basic_description', 'cmake_prefix_path')
[8.892s] INFO:colcon.colcon_core.shell:Creating environment hook '/home/ram/Documents/ROS---2/install/basic_description/share/basic_description/hook/cmake_prefix_path.ps1'
[8.893s] INFO:colcon.colcon_core.shell:Creating environment descriptor '/home/ram/Documents/ROS---2/install/basic_description/share/basic_description/hook/cmake_prefix_path.dsv'
[8.893s] INFO:colcon.colcon_core.shell:Creating environment hook '/home/ram/Documents/ROS---2/install/basic_description/share/basic_description/hook/cmake_prefix_path.sh'
[8.894s] Level 1:colcon.colcon_core.environment:checking '/home/ram/Documents/ROS---2/install/basic_description/bin'
[8.894s] Level 1:colcon.colcon_core.environment:checking '/home/ram/Documents/ROS---2/install/basic_description/lib/pkgconfig/basic_description.pc'
[8.895s] Level 1:colcon.colcon_core.environment:checking '/home/ram/Documents/ROS---2/install/basic_description/lib/python3.10/site-packages'
[8.895s] Level 1:colcon.colcon_core.environment:checking '/home/ram/Documents/ROS---2/install/basic_description/bin'
[8.896s] INFO:colcon.colcon_core.shell:Creating package script '/home/ram/Documents/ROS---2/install/basic_description/share/basic_description/package.ps1'
[8.897s] INFO:colcon.colcon_core.shell:Creating package descriptor '/home/ram/Documents/ROS---2/install/basic_description/share/basic_description/package.dsv'
[8.898s] INFO:colcon.colcon_core.shell:Creating package script '/home/ram/Documents/ROS---2/install/basic_description/share/basic_description/package.sh'
[8.898s] INFO:colcon.colcon_core.shell:Creating package script '/home/ram/Documents/ROS---2/install/basic_description/share/basic_description/package.bash'
[8.899s] INFO:colcon.colcon_core.shell:Creating package script '/home/ram/Documents/ROS---2/install/basic_description/share/basic_description/package.zsh'
[8.900s] Level 1:colcon.colcon_core.environment:create_file_with_runtime_dependencies(/home/ram/Documents/ROS---2/install/basic_description/share/colcon-core/packages/basic_description)
[8.900s] DEBUG:colcon.colcon_parallel_executor.executor.parallel:closing loop
[8.901s] DEBUG:colcon.colcon_parallel_executor.executor.parallel:loop closed
[8.901s] DEBUG:colcon.colcon_parallel_executor.executor.parallel:run_until_complete finished with '0'
[8.901s] DEBUG:colcon.colcon_core.event_reactor:joining thread
[8.916s] INFO:colcon.colcon_core.plugin_system:Skipping extension 'colcon_notification.desktop_notification.terminal_notifier': Not used on non-Darwin systems
[8.916s] INFO:colcon.colcon_core.plugin_system:Skipping extension 'colcon_notification.desktop_notification.win32': Not used on non-Windows systems
[8.916s] INFO:colcon.colcon_notification.desktop_notification:Sending desktop notification using 'notify2'
[8.934s] DEBUG:colcon.colcon_core.event_reactor:joined thread
[8.935s] INFO:colcon.colcon_core.shell:Creating prefix script '/home/ram/Documents/ROS---2/install/local_setup.ps1'
[8.938s] INFO:colcon.colcon_core.shell:Creating prefix util module '/home/ram/Documents/ROS---2/install/_local_setup_util_ps1.py'
[8.942s] INFO:colcon.colcon_core.shell:Creating prefix chain script '/home/ram/Documents/ROS---2/install/setup.ps1'
[8.946s] INFO:colcon.colcon_core.shell:Creating prefix script '/home/ram/Documents/ROS---2/install/local_setup.sh'
[8.947s] INFO:colcon.colcon_core.shell:Creating prefix util module '/home/ram/Documents/ROS---2/install/_local_setup_util_sh.py'
[8.949s] INFO:colcon.colcon_core.shell:Creating prefix chain script '/home/ram/Documents/ROS---2/install/setup.sh'
[8.951s] INFO:colcon.colcon_core.shell:Creating prefix script '/home/ram/Documents/ROS---2/install/local_setup.bash'
[8.952s] INFO:colcon.colcon_core.shell:Creating prefix chain script '/home/ram/Documents/ROS---2/install/setup.bash'
[8.954s] INFO:colcon.colcon_core.shell:Creating prefix script '/home/ram/Documents/ROS---2/install/local_setup.zsh'
[8.955s] INFO:colcon.colcon_core.shell:Creating prefix chain script '/home/ram/Documents/ROS---2/install/setup.zsh'
