[0.077s] Invoking command in '/home/ram/Documents/ros2/build/lego_description': CMAKE_PREFIX_PATH=/opt/ros/humble /usr/bin/cmake /home/ram/Documents/ros2/src/lego_description -DCMAKE_INSTALL_PREFIX=/home/ram/Documents/ros2/install/lego_description
[0.099s] -- Found ament_cmake: 1.3.11 (/opt/ros/humble/share/ament_cmake/cmake)
[0.349s] -- Override CMake install command with custom implementation using symlinks instead of copying resources
[0.532s] -- Configuring done
[0.541s] -- Generating done
[0.554s] -- Build files have been written to: /home/ram/Documents/ros2/build/lego_description
[0.558s] Invoked command in '/home/ram/Documents/ros2/build/lego_description' returned '0': CMAKE_PREFIX_PATH=/opt/ros/humble /usr/bin/cmake /home/ram/Documents/ros2/src/lego_description -DCMAKE_INSTALL_PREFIX=/home/ram/Documents/ros2/install/lego_description
[0.563s] Invoking command in '/home/ram/Documents/ros2/build/lego_description': CMAKE_PREFIX_PATH=/opt/ros/humble /usr/bin/cmake --build /home/ram/Documents/ros2/build/lego_description -- -j4 -l4
[0.651s] Invoked command in '/home/ram/Documents/ros2/build/lego_description' returned '0': CMAKE_PREFIX_PATH=/opt/ros/humble /usr/bin/cmake --build /home/ram/Documents/ros2/build/lego_description -- -j4 -l4
[0.670s] Invoking command in '/home/ram/Documents/ros2/build/lego_description': CMAKE_PREFIX_PATH=/opt/ros/humble /usr/bin/cmake --install /home/ram/Documents/ros2/build/lego_description
[0.688s] -- Install configuration: ""
[0.690s] -- Execute custom install script
[0.691s] -- Up-to-date symlink: /home/ram/Documents/ros2/install/lego_description/share/lego_description/urdf/lego_brick_macros.xacro
[0.691s] -- Up-to-date symlink: /home/ram/Documents/ros2/install/lego_description/share/lego_description/urdf/lego_scene.xacro
[0.692s] -- Up-to-date symlink: /home/ram/Documents/ros2/install/lego_description/share/lego_description/urdf/robot_with_lego.xacro
[0.692s] -- Up-to-date symlink: /home/ram/Documents/ros2/install/lego_description/share/ament_index/resource_index/package_run_dependencies/lego_description
[0.692s] -- Up-to-date symlink: /home/ram/Documents/ros2/install/lego_description/share/ament_index/resource_index/parent_prefix_path/lego_description
[0.693s] -- Up-to-date symlink: /home/ram/Documents/ros2/install/lego_description/share/lego_description/environment/ament_prefix_path.sh
[0.694s] -- Up-to-date symlink: /home/ram/Documents/ros2/install/lego_description/share/lego_description/environment/ament_prefix_path.dsv
[0.694s] -- Up-to-date symlink: /home/ram/Documents/ros2/install/lego_description/share/lego_description/environment/path.sh
[0.697s] -- Up-to-date symlink: /home/ram/Documents/ros2/install/lego_description/share/lego_description/environment/path.dsv
[0.698s] -- Up-to-date symlink: /home/ram/Documents/ros2/install/lego_description/share/lego_description/local_setup.bash
[0.700s] -- Up-to-date symlink: /home/ram/Documents/ros2/install/lego_description/share/lego_description/local_setup.sh
[0.700s] -- Up-to-date symlink: /home/ram/Documents/ros2/install/lego_description/share/lego_description/local_setup.zsh
[0.700s] -- Up-to-date symlink: /home/ram/Documents/ros2/install/lego_description/share/lego_description/local_setup.dsv
[0.701s] -- Symlinking: /home/ram/Documents/ros2/install/lego_description/share/lego_description/package.dsv
[0.717s] -- Up-to-date symlink: /home/ram/Documents/ros2/install/lego_description/share/ament_index/resource_index/packages/lego_description
[0.717s] -- Up-to-date symlink: /home/ram/Documents/ros2/install/lego_description/share/lego_description/cmake/lego_descriptionConfig.cmake
[0.717s] -- Up-to-date symlink: /home/ram/Documents/ros2/install/lego_description/share/lego_description/cmake/lego_descriptionConfig-version.cmake
[0.718s] -- Up-to-date symlink: /home/ram/Documents/ros2/install/lego_description/share/lego_description/package.xml
[0.722s] Invoked command in '/home/ram/Documents/ros2/build/lego_description' returned '0': CMAKE_PREFIX_PATH=/opt/ros/humble /usr/bin/cmake --install /home/ram/Documents/ros2/build/lego_description
