[2.454s] Invoking command in '/home/ram/Documents/ros2/src/basic_py_examples': PYTHONPATH=/home/ram/Documents/ros2/build/basic_py_examples/prefix_override:/usr/lib/python3/dist-packages/colcon_core/task/python/colcon_distutils_commands:/home/ram/Documents/ros2/install/basic_py_examples/lib/python3.10/site-packages:${PYTHONPATH} /usr/bin/python3 -W ignore:setup.py install is deprecated -W ignore:easy_install command is deprecated setup.py egg_info --egg-base ../../build/basic_py_examples build --build-base /home/ram/Documents/ros2/build/basic_py_examples/build install --record /home/ram/Documents/ros2/build/basic_py_examples/install.log --single-version-externally-managed install_data
[3.034s] running egg_info
[3.036s] writing ../../build/basic_py_examples/basic_py_examples.egg-info/PKG-INFO
[3.042s] writing dependency_links to ../../build/basic_py_examples/basic_py_examples.egg-info/dependency_links.txt
[3.042s] writing entry points to ../../build/basic_py_examples/basic_py_examples.egg-info/entry_points.txt
[3.043s] writing requirements to ../../build/basic_py_examples/basic_py_examples.egg-info/requires.txt
[3.043s] writing top-level names to ../../build/basic_py_examples/basic_py_examples.egg-info/top_level.txt
[3.049s] reading manifest file '../../build/basic_py_examples/basic_py_examples.egg-info/SOURCES.txt'
[3.052s] writing manifest file '../../build/basic_py_examples/basic_py_examples.egg-info/SOURCES.txt'
[3.054s] running build
[3.054s] running build_py
[3.055s] running install
[3.055s] running install_lib
[3.063s] running install_data
[3.071s] running install_egg_info
[3.072s] removing '/home/ram/Documents/ros2/install/basic_py_examples/lib/python3.10/site-packages/basic_py_examples-0.0.0-py3.10.egg-info' (and everything under it)
[3.072s] Copying ../../build/basic_py_examples/basic_py_examples.egg-info to /home/ram/Documents/ros2/install/basic_py_examples/lib/python3.10/site-packages/basic_py_examples-0.0.0-py3.10.egg-info
[3.073s] running install_scripts
[3.134s] Installing simple_publisher script to /home/ram/Documents/ros2/install/basic_py_examples/lib/basic_py_examples
[3.134s] Installing simple_subscriber script to /home/ram/Documents/ros2/install/basic_py_examples/lib/basic_py_examples
[3.134s] writing list of installed files to '/home/ram/Documents/ros2/build/basic_py_examples/install.log'
[3.210s] Invoked command in '/home/ram/Documents/ros2/src/basic_py_examples' returned '0': PYTHONPATH=/home/ram/Documents/ros2/build/basic_py_examples/prefix_override:/usr/lib/python3/dist-packages/colcon_core/task/python/colcon_distutils_commands:/home/ram/Documents/ros2/install/basic_py_examples/lib/python3.10/site-packages:${PYTHONPATH} /usr/bin/python3 -W ignore:setup.py install is deprecated -W ignore:easy_install command is deprecated setup.py egg_info --egg-base ../../build/basic_py_examples build --build-base /home/ram/Documents/ros2/build/basic_py_examples/build install --record /home/ram/Documents/ros2/build/basic_py_examples/install.log --single-version-externally-managed install_data
