[0.214s] DEBUG:colcon:Command line arguments: ['/usr/bin/colcon', 'build', '--packages-select', 'lego_description', 'lego_manipulation', '--symlink-install']
[0.215s] DEBUG:colcon:Parsed command line arguments: Namespace(log_base=None, log_level=None, verb_name='build', build_base='build', install_base='install', merge_install=False, symlink_install=True, test_result_base=None, continue_on_error=False, executor='parallel', parallel_workers=4, event_handlers=None, ignore_user_meta=False, metas=['./colcon.meta'], base_paths=['.'], packages_ignore=None, packages_ignore_regex=None, paths=None, packages_up_to=None, packages_up_to_regex=None, packages_above=None, packages_above_and_dependencies=None, packages_above_depth=None, packages_select_by_dep=None, packages_skip_by_dep=None, packages_skip_up_to=None, packages_select_build_failed=False, packages_skip_build_finished=False, packages_select_test_failures=False, packages_skip_test_passed=False, packages_select=['lego_description', 'lego_manipulation'], packages_skip=None, packages_select_regex=None, packages_skip_regex=None, packages_start=None, packages_end=None, allow_overriding=[], cmake_args=None, cmake_target=None, cmake_target_skip_unavailable=False, cmake_clean_cache=False, cmake_clean_first=False, cmake_force_configure=False, ament_cmake_args=None, catkin_cmake_args=None, catkin_skip_building_tests=False, mixin_files=None, mixin=None, verb_parser=<colcon_mixin.mixin.mixin_argument.MixinArgumentDecorator object at 0x77eff5a51900>, verb_extension=<colcon_core.verb.build.BuildVerb object at 0x77eff5a50f40>, main=<bound method BuildVerb.main of <colcon_core.verb.build.BuildVerb object at 0x77eff5a50f40>>, mixin_verb=('build',))
[0.627s] Level 1:colcon.colcon_core.package_discovery:discover_packages(colcon_meta) check parameters
[0.627s] Level 1:colcon.colcon_core.package_discovery:discover_packages(recursive) check parameters
[0.628s] Level 1:colcon.colcon_core.package_discovery:discover_packages(ignore) check parameters
[0.628s] Level 1:colcon.colcon_core.package_discovery:discover_packages(path) check parameters
[0.628s] Level 1:colcon.colcon_core.package_discovery:discover_packages(colcon_meta) discover
[0.628s] Level 1:colcon.colcon_core.package_discovery:discover_packages(recursive) discover
[0.628s] INFO:colcon.colcon_core.package_discovery:Crawling recursively for packages in '/home/ram/Documents/ros2'
[0.629s] Level 1:colcon.colcon_core.package_identification:_identify(.) by extensions ['ignore', 'ignore_ament_install']
[0.629s] Level 1:colcon.colcon_core.package_identification:_identify(.) by extension 'ignore'
[0.629s] Level 1:colcon.colcon_core.package_identification:_identify(.) by extension 'ignore_ament_install'
[0.629s] Level 1:colcon.colcon_core.package_identification:_identify(.) by extensions ['colcon_pkg']
[0.629s] Level 1:colcon.colcon_core.package_identification:_identify(.) by extension 'colcon_pkg'
[0.629s] Level 1:colcon.colcon_core.package_identification:_identify(.) by extensions ['colcon_meta']
[0.630s] Level 1:colcon.colcon_core.package_identification:_identify(.) by extension 'colcon_meta'
[0.630s] Level 1:colcon.colcon_core.package_identification:_identify(.) by extensions ['ros']
[0.630s] Level 1:colcon.colcon_core.package_identification:_identify(.) by extension 'ros'
[0.652s] Level 1:colcon.colcon_core.package_identification:_identify(.) by extensions ['cmake', 'python']
[0.652s] Level 1:colcon.colcon_core.package_identification:_identify(.) by extension 'cmake'
[0.652s] Level 1:colcon.colcon_core.package_identification:_identify(.) by extension 'python'
[0.653s] Level 1:colcon.colcon_core.package_identification:_identify(.) by extensions ['python_setup_py']
[0.653s] Level 1:colcon.colcon_core.package_identification:_identify(.) by extension 'python_setup_py'
[0.653s] Level 1:colcon.colcon_core.package_identification:_identify(build) by extensions ['ignore', 'ignore_ament_install']
[0.653s] Level 1:colcon.colcon_core.package_identification:_identify(build) by extension 'ignore'
[0.653s] Level 1:colcon.colcon_core.package_identification:_identify(build) ignored
[0.654s] Level 1:colcon.colcon_core.package_identification:_identify(install) by extensions ['ignore', 'ignore_ament_install']
[0.654s] Level 1:colcon.colcon_core.package_identification:_identify(install) by extension 'ignore'
[0.654s] Level 1:colcon.colcon_core.package_identification:_identify(install) ignored
[0.654s] Level 1:colcon.colcon_core.package_identification:_identify(log) by extensions ['ignore', 'ignore_ament_install']
[0.655s] Level 1:colcon.colcon_core.package_identification:_identify(log) by extension 'ignore'
[0.655s] Level 1:colcon.colcon_core.package_identification:_identify(log) ignored
[0.655s] Level 1:colcon.colcon_core.package_identification:_identify(src) by extensions ['ignore', 'ignore_ament_install']
[0.655s] Level 1:colcon.colcon_core.package_identification:_identify(src) by extension 'ignore'
[0.655s] Level 1:colcon.colcon_core.package_identification:_identify(src) by extension 'ignore_ament_install'
[0.655s] Level 1:colcon.colcon_core.package_identification:_identify(src) by extensions ['colcon_pkg']
[0.656s] Level 1:colcon.colcon_core.package_identification:_identify(src) by extension 'colcon_pkg'
[0.656s] Level 1:colcon.colcon_core.package_identification:_identify(src) by extensions ['colcon_meta']
[0.656s] Level 1:colcon.colcon_core.package_identification:_identify(src) by extension 'colcon_meta'
[0.656s] Level 1:colcon.colcon_core.package_identification:_identify(src) by extensions ['ros']
[0.656s] Level 1:colcon.colcon_core.package_identification:_identify(src) by extension 'ros'
[0.656s] Level 1:colcon.colcon_core.package_identification:_identify(src) by extensions ['cmake', 'python']
[0.656s] Level 1:colcon.colcon_core.package_identification:_identify(src) by extension 'cmake'
[0.656s] Level 1:colcon.colcon_core.package_identification:_identify(src) by extension 'python'
[0.657s] Level 1:colcon.colcon_core.package_identification:_identify(src) by extensions ['python_setup_py']
[0.657s] Level 1:colcon.colcon_core.package_identification:_identify(src) by extension 'python_setup_py'
[0.657s] Level 1:colcon.colcon_core.package_identification:_identify(src/basic_description) by extensions ['ignore', 'ignore_ament_install']
[0.657s] Level 1:colcon.colcon_core.package_identification:_identify(src/basic_description) by extension 'ignore'
[0.657s] Level 1:colcon.colcon_core.package_identification:_identify(src/basic_description) by extension 'ignore_ament_install'
[0.658s] Level 1:colcon.colcon_core.package_identification:_identify(src/basic_description) by extensions ['colcon_pkg']
[0.658s] Level 1:colcon.colcon_core.package_identification:_identify(src/basic_description) by extension 'colcon_pkg'
[0.658s] Level 1:colcon.colcon_core.package_identification:_identify(src/basic_description) by extensions ['colcon_meta']
[0.658s] Level 1:colcon.colcon_core.package_identification:_identify(src/basic_description) by extension 'colcon_meta'
[0.658s] Level 1:colcon.colcon_core.package_identification:_identify(src/basic_description) by extensions ['ros']
[0.658s] Level 1:colcon.colcon_core.package_identification:_identify(src/basic_description) by extension 'ros'
[0.663s] DEBUG:colcon.colcon_core.package_identification:Package 'src/basic_description' with type 'ros.ament_cmake' and name 'basic_description'
[0.663s] Level 1:colcon.colcon_core.package_identification:_identify(src/basic_py_examples) by extensions ['ignore', 'ignore_ament_install']
[0.663s] Level 1:colcon.colcon_core.package_identification:_identify(src/basic_py_examples) by extension 'ignore'
[0.664s] Level 1:colcon.colcon_core.package_identification:_identify(src/basic_py_examples) by extension 'ignore_ament_install'
[0.664s] Level 1:colcon.colcon_core.package_identification:_identify(src/basic_py_examples) by extensions ['colcon_pkg']
[0.664s] Level 1:colcon.colcon_core.package_identification:_identify(src/basic_py_examples) by extension 'colcon_pkg'
[0.664s] Level 1:colcon.colcon_core.package_identification:_identify(src/basic_py_examples) by extensions ['colcon_meta']
[0.664s] Level 1:colcon.colcon_core.package_identification:_identify(src/basic_py_examples) by extension 'colcon_meta'
[0.664s] Level 1:colcon.colcon_core.package_identification:_identify(src/basic_py_examples) by extensions ['ros']
[0.664s] Level 1:colcon.colcon_core.package_identification:_identify(src/basic_py_examples) by extension 'ros'
[0.666s] DEBUG:colcon.colcon_core.package_identification:Package 'src/basic_py_examples' with type 'ros.ament_python' and name 'basic_py_examples'
[0.666s] Level 1:colcon.colcon_core.package_identification:_identify(src/lego_description) by extensions ['ignore', 'ignore_ament_install']
[0.666s] Level 1:colcon.colcon_core.package_identification:_identify(src/lego_description) by extension 'ignore'
[0.666s] Level 1:colcon.colcon_core.package_identification:_identify(src/lego_description) by extension 'ignore_ament_install'
[0.666s] Level 1:colcon.colcon_core.package_identification:_identify(src/lego_description) by extensions ['colcon_pkg']
[0.666s] Level 1:colcon.colcon_core.package_identification:_identify(src/lego_description) by extension 'colcon_pkg'
[0.667s] Level 1:colcon.colcon_core.package_identification:_identify(src/lego_description) by extensions ['colcon_meta']
[0.667s] Level 1:colcon.colcon_core.package_identification:_identify(src/lego_description) by extension 'colcon_meta'
[0.667s] Level 1:colcon.colcon_core.package_identification:_identify(src/lego_description) by extensions ['ros']
[0.667s] Level 1:colcon.colcon_core.package_identification:_identify(src/lego_description) by extension 'ros'
[0.668s] DEBUG:colcon.colcon_core.package_identification:Package 'src/lego_description' with type 'ros.ament_cmake' and name 'lego_description'
[0.668s] Level 1:colcon.colcon_core.package_identification:_identify(src/lego_manipulation) by extensions ['ignore', 'ignore_ament_install']
[0.669s] Level 1:colcon.colcon_core.package_identification:_identify(src/lego_manipulation) by extension 'ignore'
[0.669s] Level 1:colcon.colcon_core.package_identification:_identify(src/lego_manipulation) by extension 'ignore_ament_install'
[0.669s] Level 1:colcon.colcon_core.package_identification:_identify(src/lego_manipulation) by extensions ['colcon_pkg']
[0.669s] Level 1:colcon.colcon_core.package_identification:_identify(src/lego_manipulation) by extension 'colcon_pkg'
[0.669s] Level 1:colcon.colcon_core.package_identification:_identify(src/lego_manipulation) by extensions ['colcon_meta']
[0.669s] Level 1:colcon.colcon_core.package_identification:_identify(src/lego_manipulation) by extension 'colcon_meta'
[0.670s] Level 1:colcon.colcon_core.package_identification:_identify(src/lego_manipulation) by extensions ['ros']
[0.670s] Level 1:colcon.colcon_core.package_identification:_identify(src/lego_manipulation) by extension 'ros'
[0.672s] DEBUG:colcon.colcon_core.package_identification:Package 'src/lego_manipulation' with type 'ros.ament_python' and name 'lego_manipulation'
[0.672s] Level 1:colcon.colcon_core.package_discovery:discover_packages(recursive) using defaults
[0.672s] Level 1:colcon.colcon_core.package_discovery:discover_packages(ignore) discover
[0.672s] Level 1:colcon.colcon_core.package_discovery:discover_packages(ignore) using defaults
[0.672s] Level 1:colcon.colcon_core.package_discovery:discover_packages(path) discover
[0.672s] Level 1:colcon.colcon_core.package_discovery:discover_packages(path) using defaults
[0.731s] INFO:colcon.colcon_core.package_selection:Skipping not selected package 'basic_description' in 'src/basic_description'
[0.732s] INFO:colcon.colcon_core.package_selection:Skipping not selected package 'basic_py_examples' in 'src/basic_py_examples'
[0.732s] Level 1:colcon.colcon_core.package_discovery:discover_packages(prefix_path) check parameters
[0.733s] Level 1:colcon.colcon_core.package_discovery:discover_packages(prefix_path) discover
[0.737s] DEBUG:colcon.colcon_installed_package_information.package_discovery:Found 276 installed packages in /opt/ros/humble
[0.740s] Level 1:colcon.colcon_core.package_discovery:discover_packages(prefix_path) using defaults
[0.822s] Level 5:colcon.colcon_core.verb:set package 'lego_description' build argument 'cmake_args' from command line to 'None'
[0.823s] Level 5:colcon.colcon_core.verb:set package 'lego_description' build argument 'cmake_target' from command line to 'None'
[0.823s] Level 5:colcon.colcon_core.verb:set package 'lego_description' build argument 'cmake_target_skip_unavailable' from command line to 'False'
[0.823s] Level 5:colcon.colcon_core.verb:set package 'lego_description' build argument 'cmake_clean_cache' from command line to 'False'
[0.823s] Level 5:colcon.colcon_core.verb:set package 'lego_description' build argument 'cmake_clean_first' from command line to 'False'
[0.823s] Level 5:colcon.colcon_core.verb:set package 'lego_description' build argument 'cmake_force_configure' from command line to 'False'
[0.823s] Level 5:colcon.colcon_core.verb:set package 'lego_description' build argument 'ament_cmake_args' from command line to 'None'
[0.823s] Level 5:colcon.colcon_core.verb:set package 'lego_description' build argument 'catkin_cmake_args' from command line to 'None'
[0.823s] Level 5:colcon.colcon_core.verb:set package 'lego_description' build argument 'catkin_skip_building_tests' from command line to 'False'
[0.823s] DEBUG:colcon.colcon_core.verb:Building package 'lego_description' with the following arguments: {'ament_cmake_args': None, 'build_base': '/home/ram/Documents/ros2/build/lego_description', 'catkin_cmake_args': None, 'catkin_skip_building_tests': False, 'cmake_args': None, 'cmake_clean_cache': False, 'cmake_clean_first': False, 'cmake_force_configure': False, 'cmake_target': None, 'cmake_target_skip_unavailable': False, 'install_base': '/home/ram/Documents/ros2/install/lego_description', 'merge_install': False, 'path': '/home/ram/Documents/ros2/src/lego_description', 'symlink_install': True, 'test_result_base': None}
[0.824s] Level 5:colcon.colcon_core.verb:set package 'lego_manipulation' build argument 'cmake_args' from command line to 'None'
[0.824s] Level 5:colcon.colcon_core.verb:set package 'lego_manipulation' build argument 'cmake_target' from command line to 'None'
[0.824s] Level 5:colcon.colcon_core.verb:set package 'lego_manipulation' build argument 'cmake_target_skip_unavailable' from command line to 'False'
[0.824s] Level 5:colcon.colcon_core.verb:set package 'lego_manipulation' build argument 'cmake_clean_cache' from command line to 'False'
[0.824s] Level 5:colcon.colcon_core.verb:set package 'lego_manipulation' build argument 'cmake_clean_first' from command line to 'False'
[0.824s] Level 5:colcon.colcon_core.verb:set package 'lego_manipulation' build argument 'cmake_force_configure' from command line to 'False'
[0.824s] Level 5:colcon.colcon_core.verb:set package 'lego_manipulation' build argument 'ament_cmake_args' from command line to 'None'
[0.824s] Level 5:colcon.colcon_core.verb:set package 'lego_manipulation' build argument 'catkin_cmake_args' from command line to 'None'
[0.824s] Level 5:colcon.colcon_core.verb:set package 'lego_manipulation' build argument 'catkin_skip_building_tests' from command line to 'False'
[0.824s] DEBUG:colcon.colcon_core.verb:Building package 'lego_manipulation' with the following arguments: {'ament_cmake_args': None, 'build_base': '/home/ram/Documents/ros2/build/lego_manipulation', 'catkin_cmake_args': None, 'catkin_skip_building_tests': False, 'cmake_args': None, 'cmake_clean_cache': False, 'cmake_clean_first': False, 'cmake_force_configure': False, 'cmake_target': None, 'cmake_target_skip_unavailable': False, 'install_base': '/home/ram/Documents/ros2/install/lego_manipulation', 'merge_install': False, 'path': '/home/ram/Documents/ros2/src/lego_manipulation', 'symlink_install': True, 'test_result_base': None}
[0.825s] INFO:colcon.colcon_core.executor:Executing jobs using 'parallel' executor
[0.827s] DEBUG:colcon.colcon_parallel_executor.executor.parallel:run_until_complete
[0.827s] INFO:colcon.colcon_ros.task.ament_cmake.build:Building ROS package in '/home/ram/Documents/ros2/src/lego_description' with build type 'ament_cmake'
[0.828s] INFO:colcon.colcon_cmake.task.cmake.build:Building CMake package in '/home/ram/Documents/ros2/src/lego_description'
[0.832s] INFO:colcon.colcon_core.plugin_system:Skipping extension 'colcon_core.shell.bat': Not used on non-Windows systems
[0.833s] INFO:colcon.colcon_core.shell:Skip shell extension 'powershell' for command environment: Not usable outside of PowerShell
[0.833s] DEBUG:colcon.colcon_core.shell:Skip shell extension 'dsv' for command environment
[0.839s] INFO:colcon.colcon_ros.task.ament_python.build:Building ROS package in '/home/ram/Documents/ros2/src/lego_manipulation' with build type 'ament_python'
[0.840s] Level 1:colcon.colcon_core.shell:create_environment_hook('lego_manipulation', 'ament_prefix_path')
[0.841s] INFO:colcon.colcon_core.shell:Creating environment hook '/home/ram/Documents/ros2/install/lego_manipulation/share/lego_manipulation/hook/ament_prefix_path.ps1'
[0.842s] INFO:colcon.colcon_core.shell:Creating environment descriptor '/home/ram/Documents/ros2/install/lego_manipulation/share/lego_manipulation/hook/ament_prefix_path.dsv'
[0.843s] INFO:colcon.colcon_core.shell:Creating environment hook '/home/ram/Documents/ros2/install/lego_manipulation/share/lego_manipulation/hook/ament_prefix_path.sh'
[0.845s] INFO:colcon.colcon_core.shell:Skip shell extension 'powershell' for command environment: Not usable outside of PowerShell
[0.845s] DEBUG:colcon.colcon_core.shell:Skip shell extension 'dsv' for command environment
[0.878s] DEBUG:colcon.colcon_core.event_handler.log_command:Invoking command in '/home/ram/Documents/ros2/build/lego_description': CMAKE_PREFIX_PATH=/opt/ros/humble /usr/bin/cmake /home/ram/Documents/ros2/src/lego_description -DAMENT_CMAKE_SYMLINK_INSTALL=1 -DCMAKE_INSTALL_PREFIX=/home/ram/Documents/ros2/install/lego_description
[1.483s] INFO:colcon.colcon_core.task.python.build:Building Python package in '/home/ram/Documents/ros2/src/lego_manipulation'
[1.483s] INFO:colcon.colcon_core.shell:Skip shell extension 'powershell' for command environment: Not usable outside of PowerShell
[1.483s] DEBUG:colcon.colcon_core.shell:Skip shell extension 'dsv' for command environment
[1.572s] DEBUG:colcon.colcon_core.event_handler.log_command:Invoked command in '/home/ram/Documents/ros2/build/lego_description' returned '0': CMAKE_PREFIX_PATH=/opt/ros/humble /usr/bin/cmake /home/ram/Documents/ros2/src/lego_description -DAMENT_CMAKE_SYMLINK_INSTALL=1 -DCMAKE_INSTALL_PREFIX=/home/ram/Documents/ros2/install/lego_description
[1.574s] DEBUG:colcon.colcon_core.event_handler.log_command:Invoking command in '/home/ram/Documents/ros2/build/lego_description': CMAKE_PREFIX_PATH=/opt/ros/humble /usr/bin/cmake --build /home/ram/Documents/ros2/build/lego_description -- -j4 -l4
[1.656s] DEBUG:colcon.colcon_core.event_handler.log_command:Invoked command in '/home/ram/Documents/ros2/build/lego_description' returned '0': CMAKE_PREFIX_PATH=/opt/ros/humble /usr/bin/cmake --build /home/ram/Documents/ros2/build/lego_description -- -j4 -l4
[1.681s] DEBUG:colcon.colcon_core.event_handler.log_command:Invoking command in '/home/ram/Documents/ros2/build/lego_description': CMAKE_PREFIX_PATH=/opt/ros/humble /usr/bin/cmake --install /home/ram/Documents/ros2/build/lego_description
[2.111s] Level 1:colcon.colcon_core.environment:create_environment_scripts_only(lego_description)
[2.112s] DEBUG:colcon.colcon_core.event_handler.log_command:Invoked command in '/home/ram/Documents/ros2/build/lego_description' returned '0': CMAKE_PREFIX_PATH=/opt/ros/humble /usr/bin/cmake --install /home/ram/Documents/ros2/build/lego_description
[2.123s] Level 1:colcon.colcon_core.environment:checking '/home/ram/Documents/ros2/install/lego_description' for CMake module files
[2.124s] Level 1:colcon.colcon_core.environment:checking '/home/ram/Documents/ros2/install/lego_description' for CMake config files
[2.127s] Level 1:colcon.colcon_core.shell:create_environment_hook('lego_description', 'cmake_prefix_path')
[2.128s] INFO:colcon.colcon_core.shell:Creating environment hook '/home/ram/Documents/ros2/install/lego_description/share/lego_description/hook/cmake_prefix_path.ps1'
[2.129s] INFO:colcon.colcon_core.shell:Creating environment descriptor '/home/ram/Documents/ros2/install/lego_description/share/lego_description/hook/cmake_prefix_path.dsv'
[2.130s] INFO:colcon.colcon_core.shell:Creating environment hook '/home/ram/Documents/ros2/install/lego_description/share/lego_description/hook/cmake_prefix_path.sh'
[2.132s] Level 1:colcon.colcon_core.environment:checking '/home/ram/Documents/ros2/install/lego_description/bin'
[2.133s] Level 1:colcon.colcon_core.environment:checking '/home/ram/Documents/ros2/install/lego_description/lib/pkgconfig/lego_description.pc'
[2.134s] Level 1:colcon.colcon_core.environment:checking '/home/ram/Documents/ros2/install/lego_description/lib/python3.10/site-packages'
[2.134s] Level 1:colcon.colcon_core.environment:checking '/home/ram/Documents/ros2/install/lego_description/bin'
[2.135s] INFO:colcon.colcon_core.shell:Creating package script '/home/ram/Documents/ros2/install/lego_description/share/lego_description/package.ps1'
[2.138s] INFO:colcon.colcon_core.shell:Creating package descriptor '/home/ram/Documents/ros2/install/lego_description/share/lego_description/package.dsv'
[2.144s] INFO:colcon.colcon_core.shell:Creating package script '/home/ram/Documents/ros2/install/lego_description/share/lego_description/package.sh'
[2.147s] INFO:colcon.colcon_core.shell:Creating package script '/home/ram/Documents/ros2/install/lego_description/share/lego_description/package.bash'
[2.150s] INFO:colcon.colcon_core.shell:Creating package script '/home/ram/Documents/ros2/install/lego_description/share/lego_description/package.zsh'
[2.152s] Level 1:colcon.colcon_core.environment:create_file_with_runtime_dependencies(/home/ram/Documents/ros2/install/lego_description/share/colcon-core/packages/lego_description)
[2.154s] Level 1:colcon.colcon_core.environment:create_environment_scripts_only(lego_description)
[2.156s] Level 1:colcon.colcon_core.environment:checking '/home/ram/Documents/ros2/install/lego_description' for CMake module files
[2.157s] Level 1:colcon.colcon_core.environment:checking '/home/ram/Documents/ros2/install/lego_description' for CMake config files
[2.158s] Level 1:colcon.colcon_core.shell:create_environment_hook('lego_description', 'cmake_prefix_path')
[2.159s] INFO:colcon.colcon_core.shell:Creating environment hook '/home/ram/Documents/ros2/install/lego_description/share/lego_description/hook/cmake_prefix_path.ps1'
[2.160s] INFO:colcon.colcon_core.shell:Creating environment descriptor '/home/ram/Documents/ros2/install/lego_description/share/lego_description/hook/cmake_prefix_path.dsv'
[2.161s] INFO:colcon.colcon_core.shell:Creating environment hook '/home/ram/Documents/ros2/install/lego_description/share/lego_description/hook/cmake_prefix_path.sh'
[2.162s] Level 1:colcon.colcon_core.environment:checking '/home/ram/Documents/ros2/install/lego_description/bin'
[2.163s] Level 1:colcon.colcon_core.environment:checking '/home/ram/Documents/ros2/install/lego_description/lib/pkgconfig/lego_description.pc'
[2.163s] Level 1:colcon.colcon_core.environment:checking '/home/ram/Documents/ros2/install/lego_description/lib/python3.10/site-packages'
[2.164s] Level 1:colcon.colcon_core.environment:checking '/home/ram/Documents/ros2/install/lego_description/bin'
[2.164s] INFO:colcon.colcon_core.shell:Creating package script '/home/ram/Documents/ros2/install/lego_description/share/lego_description/package.ps1'
[2.168s] INFO:colcon.colcon_core.shell:Creating package descriptor '/home/ram/Documents/ros2/install/lego_description/share/lego_description/package.dsv'
[2.170s] INFO:colcon.colcon_core.shell:Creating package script '/home/ram/Documents/ros2/install/lego_description/share/lego_description/package.sh'
[2.171s] INFO:colcon.colcon_core.shell:Creating package script '/home/ram/Documents/ros2/install/lego_description/share/lego_description/package.bash'
[2.173s] INFO:colcon.colcon_core.shell:Creating package script '/home/ram/Documents/ros2/install/lego_description/share/lego_description/package.zsh'
[2.174s] Level 1:colcon.colcon_core.environment:create_file_with_runtime_dependencies(/home/ram/Documents/ros2/install/lego_description/share/colcon-core/packages/lego_description)
[2.393s] DEBUG:colcon.colcon_core.task.python.build:While undoing a previous installation files outside the Python library path are being ignored: /home/ram/Documents/ros2/install/lego_manipulation/share/ament_index/resource_index/packages/lego_manipulation
[2.393s] DEBUG:colcon.colcon_core.task.python.build:While undoing a previous installation files outside the Python library path are being ignored: /home/ram/Documents/ros2/install/lego_manipulation/share/lego_manipulation/package.xml
[2.393s] DEBUG:colcon.colcon_core.task.python.build:While undoing a previous installation files outside the Python library path are being ignored: /home/ram/Documents/ros2/install/lego_manipulation/share/lego_manipulation/launch/lego_demo.launch.py
[2.394s] DEBUG:colcon.colcon_core.task.python.build:While undoing a previous installation files outside the Python library path are being ignored: /home/ram/Documents/ros2/install/lego_manipulation/bin/joint_controller
[2.394s] DEBUG:colcon.colcon_core.task.python.build:While undoing a previous installation files outside the Python library path are being ignored: /home/ram/Documents/ros2/install/lego_manipulation/bin/lego_pick_place
[2.399s] DEBUG:colcon.colcon_core.event_handler.log_command:Invoking command in '/home/ram/Documents/ros2/build/lego_manipulation': PYTHONPATH=/home/ram/Documents/ros2/build/lego_manipulation/prefix_override:/usr/lib/python3/dist-packages/colcon_core/task/python/colcon_distutils_commands:/home/ram/Documents/ros2/install/lego_manipulation/lib/python3.10/site-packages:${PYTHONPATH} /usr/bin/python3 -W ignore:setup.py install is deprecated -W ignore:easy_install command is deprecated setup.py develop --editable --build-directory /home/ram/Documents/ros2/build/lego_manipulation/build --no-deps symlink_data --force
[3.456s] Level 1:colcon.colcon_core.shell:create_environment_hook('lego_manipulation', 'pythonpath_develop')
[3.458s] INFO:colcon.colcon_core.shell:Creating environment hook '/home/ram/Documents/ros2/build/lego_manipulation/share/lego_manipulation/hook/pythonpath_develop.ps1'
[3.459s] DEBUG:colcon.colcon_core.event_handler.log_command:Invoked command in '/home/ram/Documents/ros2/build/lego_manipulation' returned '0': PYTHONPATH=/home/ram/Documents/ros2/build/lego_manipulation/prefix_override:/usr/lib/python3/dist-packages/colcon_core/task/python/colcon_distutils_commands:/home/ram/Documents/ros2/install/lego_manipulation/lib/python3.10/site-packages:${PYTHONPATH} /usr/bin/python3 -W ignore:setup.py install is deprecated -W ignore:easy_install command is deprecated setup.py develop --editable --build-directory /home/ram/Documents/ros2/build/lego_manipulation/build --no-deps symlink_data --force
[3.461s] INFO:colcon.colcon_core.shell:Creating environment descriptor '/home/ram/Documents/ros2/build/lego_manipulation/share/lego_manipulation/hook/pythonpath_develop.dsv'
[3.462s] INFO:colcon.colcon_core.shell:Creating environment hook '/home/ram/Documents/ros2/build/lego_manipulation/share/lego_manipulation/hook/pythonpath_develop.sh'
[3.464s] Level 1:colcon.colcon_core.environment:checking '/home/ram/Documents/ros2/install/lego_manipulation' for CMake module files
[3.465s] Level 1:colcon.colcon_core.environment:checking '/home/ram/Documents/ros2/install/lego_manipulation' for CMake config files
[3.467s] Level 1:colcon.colcon_core.environment:checking '/home/ram/Documents/ros2/install/lego_manipulation/lib'
[3.468s] Level 1:colcon.colcon_core.environment:checking '/home/ram/Documents/ros2/install/lego_manipulation/bin'
[3.468s] Level 1:colcon.colcon_core.shell:create_environment_hook('lego_manipulation', 'path')
[3.469s] INFO:colcon.colcon_core.shell:Creating environment hook '/home/ram/Documents/ros2/install/lego_manipulation/share/lego_manipulation/hook/path.ps1'
[3.470s] INFO:colcon.colcon_core.shell:Creating environment descriptor '/home/ram/Documents/ros2/install/lego_manipulation/share/lego_manipulation/hook/path.dsv'
[3.472s] INFO:colcon.colcon_core.shell:Creating environment hook '/home/ram/Documents/ros2/install/lego_manipulation/share/lego_manipulation/hook/path.sh'
[3.473s] Level 1:colcon.colcon_core.environment:checking '/home/ram/Documents/ros2/install/lego_manipulation/lib/pkgconfig/lego_manipulation.pc'
[3.474s] Level 1:colcon.colcon_core.environment:checking '/home/ram/Documents/ros2/install/lego_manipulation/lib/python3.10/site-packages'
[3.474s] Level 1:colcon.colcon_core.shell:create_environment_hook('lego_manipulation', 'pythonpath')
[3.475s] INFO:colcon.colcon_core.shell:Creating environment hook '/home/ram/Documents/ros2/install/lego_manipulation/share/lego_manipulation/hook/pythonpath.ps1'
[3.477s] INFO:colcon.colcon_core.shell:Creating environment descriptor '/home/ram/Documents/ros2/install/lego_manipulation/share/lego_manipulation/hook/pythonpath.dsv'
[3.478s] INFO:colcon.colcon_core.shell:Creating environment hook '/home/ram/Documents/ros2/install/lego_manipulation/share/lego_manipulation/hook/pythonpath.sh'
[3.480s] Level 1:colcon.colcon_core.environment:checking '/home/ram/Documents/ros2/install/lego_manipulation/bin'
[3.481s] Level 1:colcon.colcon_core.shell:create_environment_hook('lego_manipulation', 'pythonscriptspath')
[3.481s] INFO:colcon.colcon_core.shell:Creating environment hook '/home/ram/Documents/ros2/install/lego_manipulation/share/lego_manipulation/hook/pythonscriptspath.ps1'
[3.483s] INFO:colcon.colcon_core.shell:Creating environment descriptor '/home/ram/Documents/ros2/install/lego_manipulation/share/lego_manipulation/hook/pythonscriptspath.dsv'
[3.484s] INFO:colcon.colcon_core.shell:Creating environment hook '/home/ram/Documents/ros2/install/lego_manipulation/share/lego_manipulation/hook/pythonscriptspath.sh'
[3.486s] Level 1:colcon.colcon_core.environment:create_environment_scripts_only(lego_manipulation)
[3.487s] INFO:colcon.colcon_core.shell:Creating package script '/home/ram/Documents/ros2/install/lego_manipulation/share/lego_manipulation/package.ps1'
[3.490s] INFO:colcon.colcon_core.shell:Creating package descriptor '/home/ram/Documents/ros2/install/lego_manipulation/share/lego_manipulation/package.dsv'
[3.492s] INFO:colcon.colcon_core.shell:Creating package script '/home/ram/Documents/ros2/install/lego_manipulation/share/lego_manipulation/package.sh'
[3.494s] INFO:colcon.colcon_core.shell:Creating package script '/home/ram/Documents/ros2/install/lego_manipulation/share/lego_manipulation/package.bash'
[3.495s] INFO:colcon.colcon_core.shell:Creating package script '/home/ram/Documents/ros2/install/lego_manipulation/share/lego_manipulation/package.zsh'
[3.496s] Level 1:colcon.colcon_core.environment:create_file_with_runtime_dependencies(/home/ram/Documents/ros2/install/lego_manipulation/share/colcon-core/packages/lego_manipulation)
[3.497s] DEBUG:colcon.colcon_parallel_executor.executor.parallel:closing loop
[3.498s] DEBUG:colcon.colcon_parallel_executor.executor.parallel:loop closed
[3.499s] DEBUG:colcon.colcon_parallel_executor.executor.parallel:run_until_complete finished with '0'
[3.500s] DEBUG:colcon.colcon_core.event_reactor:joining thread
[3.516s] INFO:colcon.colcon_core.plugin_system:Skipping extension 'colcon_notification.desktop_notification.terminal_notifier': Not used on non-Darwin systems
[3.517s] INFO:colcon.colcon_core.plugin_system:Skipping extension 'colcon_notification.desktop_notification.win32': Not used on non-Windows systems
[3.517s] INFO:colcon.colcon_notification.desktop_notification:Sending desktop notification using 'notify2'
[3.527s] DEBUG:colcon.colcon_core.event_reactor:joined thread
[3.528s] INFO:colcon.colcon_core.shell:Creating prefix script '/home/ram/Documents/ros2/install/local_setup.ps1'
[3.530s] INFO:colcon.colcon_core.shell:Creating prefix util module '/home/ram/Documents/ros2/install/_local_setup_util_ps1.py'
[3.534s] INFO:colcon.colcon_core.shell:Creating prefix chain script '/home/ram/Documents/ros2/install/setup.ps1'
[3.537s] INFO:colcon.colcon_core.shell:Creating prefix script '/home/ram/Documents/ros2/install/local_setup.sh'
[3.538s] INFO:colcon.colcon_core.shell:Creating prefix util module '/home/ram/Documents/ros2/install/_local_setup_util_sh.py'
[3.540s] INFO:colcon.colcon_core.shell:Creating prefix chain script '/home/ram/Documents/ros2/install/setup.sh'
[3.542s] INFO:colcon.colcon_core.shell:Creating prefix script '/home/ram/Documents/ros2/install/local_setup.bash'
[3.543s] INFO:colcon.colcon_core.shell:Creating prefix chain script '/home/ram/Documents/ros2/install/setup.bash'
[3.547s] INFO:colcon.colcon_core.shell:Creating prefix script '/home/ram/Documents/ros2/install/local_setup.zsh'
[3.548s] INFO:colcon.colcon_core.shell:Creating prefix chain script '/home/ram/Documents/ros2/install/setup.zsh'
