[0.341s] DEBUG:colcon:Command line arguments: ['/usr/bin/colcon', 'build']
[0.341s] DEBUG:colcon:Parsed command line arguments: Namespace(log_base=None, log_level=None, verb_name='build', build_base='build', install_base='install', merge_install=False, symlink_install=False, test_result_base=None, continue_on_error=False, executor='parallel', parallel_workers=4, event_handlers=None, ignore_user_meta=False, metas=['./colcon.meta'], base_paths=['.'], packages_ignore=None, packages_ignore_regex=None, paths=None, packages_up_to=None, packages_up_to_regex=None, packages_above=None, packages_above_and_dependencies=None, packages_above_depth=None, packages_select_by_dep=None, packages_skip_by_dep=None, packages_skip_up_to=None, packages_select_build_failed=False, packages_skip_build_finished=False, packages_select_test_failures=False, packages_skip_test_passed=False, packages_select=None, packages_skip=None, packages_select_regex=None, packages_skip_regex=None, packages_start=None, packages_end=None, allow_overriding=[], cmake_args=None, cmake_target=None, cmake_target_skip_unavailable=False, cmake_clean_cache=False, cmake_clean_first=False, cmake_force_configure=False, ament_cmake_args=None, catkin_cmake_args=None, catkin_skip_building_tests=False, mixin_files=None, mixin=None, verb_parser=<colcon_mixin.mixin.mixin_argument.MixinArgumentDecorator object at 0x7c1b8cf55210>, verb_extension=<colcon_core.verb.build.BuildVerb object at 0x7c1b8cf54850>, main=<bound method BuildVerb.main of <colcon_core.verb.build.BuildVerb object at 0x7c1b8cf54850>>, mixin_verb=('build',))
[3.279s] Level 1:colcon.colcon_core.package_discovery:discover_packages(colcon_meta) check parameters
[3.280s] Level 1:colcon.colcon_core.package_discovery:discover_packages(recursive) check parameters
[3.280s] Level 1:colcon.colcon_core.package_discovery:discover_packages(ignore) check parameters
[3.280s] Level 1:colcon.colcon_core.package_discovery:discover_packages(path) check parameters
[3.280s] Level 1:colcon.colcon_core.package_discovery:discover_packages(colcon_meta) discover
[3.280s] Level 1:colcon.colcon_core.package_discovery:discover_packages(recursive) discover
[3.280s] INFO:colcon.colcon_core.package_discovery:Crawling recursively for packages in '/home/ram/Documents/ros2'
[3.281s] Level 1:colcon.colcon_core.package_identification:_identify(.) by extensions ['ignore', 'ignore_ament_install']
[3.281s] Level 1:colcon.colcon_core.package_identification:_identify(.) by extension 'ignore'
[3.281s] Level 1:colcon.colcon_core.package_identification:_identify(.) by extension 'ignore_ament_install'
[3.281s] Level 1:colcon.colcon_core.package_identification:_identify(.) by extensions ['colcon_pkg']
[3.281s] Level 1:colcon.colcon_core.package_identification:_identify(.) by extension 'colcon_pkg'
[3.281s] Level 1:colcon.colcon_core.package_identification:_identify(.) by extensions ['colcon_meta']
[3.281s] Level 1:colcon.colcon_core.package_identification:_identify(.) by extension 'colcon_meta'
[3.282s] Level 1:colcon.colcon_core.package_identification:_identify(.) by extensions ['ros']
[3.282s] Level 1:colcon.colcon_core.package_identification:_identify(.) by extension 'ros'
[3.317s] Level 1:colcon.colcon_core.package_identification:_identify(.) by extensions ['cmake', 'python']
[3.317s] Level 1:colcon.colcon_core.package_identification:_identify(.) by extension 'cmake'
[3.317s] Level 1:colcon.colcon_core.package_identification:_identify(.) by extension 'python'
[3.317s] Level 1:colcon.colcon_core.package_identification:_identify(.) by extensions ['python_setup_py']
[3.317s] Level 1:colcon.colcon_core.package_identification:_identify(.) by extension 'python_setup_py'
[3.318s] Level 1:colcon.colcon_core.package_identification:_identify(build) by extensions ['ignore', 'ignore_ament_install']
[3.318s] Level 1:colcon.colcon_core.package_identification:_identify(build) by extension 'ignore'
[3.318s] Level 1:colcon.colcon_core.package_identification:_identify(build) ignored
[3.319s] Level 1:colcon.colcon_core.package_identification:_identify(install) by extensions ['ignore', 'ignore_ament_install']
[3.320s] Level 1:colcon.colcon_core.package_identification:_identify(install) by extension 'ignore'
[3.320s] Level 1:colcon.colcon_core.package_identification:_identify(install) ignored
[3.321s] Level 1:colcon.colcon_core.package_identification:_identify(log) by extensions ['ignore', 'ignore_ament_install']
[3.321s] Level 1:colcon.colcon_core.package_identification:_identify(log) by extension 'ignore'
[3.322s] Level 1:colcon.colcon_core.package_identification:_identify(log) ignored
[3.322s] Level 1:colcon.colcon_core.package_identification:_identify(src) by extensions ['ignore', 'ignore_ament_install']
[3.322s] Level 1:colcon.colcon_core.package_identification:_identify(src) by extension 'ignore'
[3.323s] Level 1:colcon.colcon_core.package_identification:_identify(src) by extension 'ignore_ament_install'
[3.323s] Level 1:colcon.colcon_core.package_identification:_identify(src) by extensions ['colcon_pkg']
[3.323s] Level 1:colcon.colcon_core.package_identification:_identify(src) by extension 'colcon_pkg'
[3.324s] Level 1:colcon.colcon_core.package_identification:_identify(src) by extensions ['colcon_meta']
[3.324s] Level 1:colcon.colcon_core.package_identification:_identify(src) by extension 'colcon_meta'
[3.324s] Level 1:colcon.colcon_core.package_identification:_identify(src) by extensions ['ros']
[3.324s] Level 1:colcon.colcon_core.package_identification:_identify(src) by extension 'ros'
[3.324s] Level 1:colcon.colcon_core.package_identification:_identify(src) by extensions ['cmake', 'python']
[3.325s] Level 1:colcon.colcon_core.package_identification:_identify(src) by extension 'cmake'
[3.325s] Level 1:colcon.colcon_core.package_identification:_identify(src) by extension 'python'
[3.325s] Level 1:colcon.colcon_core.package_identification:_identify(src) by extensions ['python_setup_py']
[3.325s] Level 1:colcon.colcon_core.package_identification:_identify(src) by extension 'python_setup_py'
[3.325s] Level 1:colcon.colcon_core.package_identification:_identify(src/basic_description) by extensions ['ignore', 'ignore_ament_install']
[3.326s] Level 1:colcon.colcon_core.package_identification:_identify(src/basic_description) by extension 'ignore'
[3.326s] Level 1:colcon.colcon_core.package_identification:_identify(src/basic_description) by extension 'ignore_ament_install'
[3.326s] Level 1:colcon.colcon_core.package_identification:_identify(src/basic_description) by extensions ['colcon_pkg']
[3.326s] Level 1:colcon.colcon_core.package_identification:_identify(src/basic_description) by extension 'colcon_pkg'
[3.326s] Level 1:colcon.colcon_core.package_identification:_identify(src/basic_description) by extensions ['colcon_meta']
[3.326s] Level 1:colcon.colcon_core.package_identification:_identify(src/basic_description) by extension 'colcon_meta'
[3.327s] Level 1:colcon.colcon_core.package_identification:_identify(src/basic_description) by extensions ['ros']
[3.327s] Level 1:colcon.colcon_core.package_identification:_identify(src/basic_description) by extension 'ros'
[3.334s] DEBUG:colcon.colcon_core.package_identification:Package 'src/basic_description' with type 'ros.ament_cmake' and name 'basic_description'
[3.335s] Level 1:colcon.colcon_core.package_identification:_identify(src/basic_py_examples) by extensions ['ignore', 'ignore_ament_install']
[3.335s] Level 1:colcon.colcon_core.package_identification:_identify(src/basic_py_examples) by extension 'ignore'
[3.336s] Level 1:colcon.colcon_core.package_identification:_identify(src/basic_py_examples) by extension 'ignore_ament_install'
[3.337s] Level 1:colcon.colcon_core.package_identification:_identify(src/basic_py_examples) by extensions ['colcon_pkg']
[3.338s] Level 1:colcon.colcon_core.package_identification:_identify(src/basic_py_examples) by extension 'colcon_pkg'
[3.338s] Level 1:colcon.colcon_core.package_identification:_identify(src/basic_py_examples) by extensions ['colcon_meta']
[3.338s] Level 1:colcon.colcon_core.package_identification:_identify(src/basic_py_examples) by extension 'colcon_meta'
[3.338s] Level 1:colcon.colcon_core.package_identification:_identify(src/basic_py_examples) by extensions ['ros']
[3.338s] Level 1:colcon.colcon_core.package_identification:_identify(src/basic_py_examples) by extension 'ros'
[3.340s] DEBUG:colcon.colcon_core.package_identification:Package 'src/basic_py_examples' with type 'ros.ament_python' and name 'basic_py_examples'
[3.340s] Level 1:colcon.colcon_core.package_discovery:discover_packages(recursive) using defaults
[3.341s] Level 1:colcon.colcon_core.package_discovery:discover_packages(ignore) discover
[3.341s] Level 1:colcon.colcon_core.package_discovery:discover_packages(ignore) using defaults
[3.341s] Level 1:colcon.colcon_core.package_discovery:discover_packages(path) discover
[3.341s] Level 1:colcon.colcon_core.package_discovery:discover_packages(path) using defaults
[3.494s] Level 1:colcon.colcon_core.package_discovery:discover_packages(prefix_path) check parameters
[3.494s] Level 1:colcon.colcon_core.package_discovery:discover_packages(prefix_path) discover
[3.525s] DEBUG:colcon.colcon_installed_package_information.package_discovery:Found 276 installed packages in /opt/ros/humble
[3.528s] Level 1:colcon.colcon_core.package_discovery:discover_packages(prefix_path) using defaults
[3.644s] Level 5:colcon.colcon_core.verb:set package 'basic_description' build argument 'cmake_args' from command line to 'None'
[3.645s] Level 5:colcon.colcon_core.verb:set package 'basic_description' build argument 'cmake_target' from command line to 'None'
[3.645s] Level 5:colcon.colcon_core.verb:set package 'basic_description' build argument 'cmake_target_skip_unavailable' from command line to 'False'
[3.645s] Level 5:colcon.colcon_core.verb:set package 'basic_description' build argument 'cmake_clean_cache' from command line to 'False'
[3.645s] Level 5:colcon.colcon_core.verb:set package 'basic_description' build argument 'cmake_clean_first' from command line to 'False'
[3.645s] Level 5:colcon.colcon_core.verb:set package 'basic_description' build argument 'cmake_force_configure' from command line to 'False'
[3.645s] Level 5:colcon.colcon_core.verb:set package 'basic_description' build argument 'ament_cmake_args' from command line to 'None'
[3.645s] Level 5:colcon.colcon_core.verb:set package 'basic_description' build argument 'catkin_cmake_args' from command line to 'None'
[3.645s] Level 5:colcon.colcon_core.verb:set package 'basic_description' build argument 'catkin_skip_building_tests' from command line to 'False'
[3.645s] DEBUG:colcon.colcon_core.verb:Building package 'basic_description' with the following arguments: {'ament_cmake_args': None, 'build_base': '/home/ram/Documents/ros2/build/basic_description', 'catkin_cmake_args': None, 'catkin_skip_building_tests': False, 'cmake_args': None, 'cmake_clean_cache': False, 'cmake_clean_first': False, 'cmake_force_configure': False, 'cmake_target': None, 'cmake_target_skip_unavailable': False, 'install_base': '/home/ram/Documents/ros2/install/basic_description', 'merge_install': False, 'path': '/home/ram/Documents/ros2/src/basic_description', 'symlink_install': False, 'test_result_base': None}
[3.646s] Level 5:colcon.colcon_core.verb:set package 'basic_py_examples' build argument 'cmake_args' from command line to 'None'
[3.646s] Level 5:colcon.colcon_core.verb:set package 'basic_py_examples' build argument 'cmake_target' from command line to 'None'
[3.646s] Level 5:colcon.colcon_core.verb:set package 'basic_py_examples' build argument 'cmake_target_skip_unavailable' from command line to 'False'
[3.646s] Level 5:colcon.colcon_core.verb:set package 'basic_py_examples' build argument 'cmake_clean_cache' from command line to 'False'
[3.646s] Level 5:colcon.colcon_core.verb:set package 'basic_py_examples' build argument 'cmake_clean_first' from command line to 'False'
[3.647s] Level 5:colcon.colcon_core.verb:set package 'basic_py_examples' build argument 'cmake_force_configure' from command line to 'False'
[3.647s] Level 5:colcon.colcon_core.verb:set package 'basic_py_examples' build argument 'ament_cmake_args' from command line to 'None'
[3.647s] Level 5:colcon.colcon_core.verb:set package 'basic_py_examples' build argument 'catkin_cmake_args' from command line to 'None'
[3.647s] Level 5:colcon.colcon_core.verb:set package 'basic_py_examples' build argument 'catkin_skip_building_tests' from command line to 'False'
[3.647s] DEBUG:colcon.colcon_core.verb:Building package 'basic_py_examples' with the following arguments: {'ament_cmake_args': None, 'build_base': '/home/ram/Documents/ros2/build/basic_py_examples', 'catkin_cmake_args': None, 'catkin_skip_building_tests': False, 'cmake_args': None, 'cmake_clean_cache': False, 'cmake_clean_first': False, 'cmake_force_configure': False, 'cmake_target': None, 'cmake_target_skip_unavailable': False, 'install_base': '/home/ram/Documents/ros2/install/basic_py_examples', 'merge_install': False, 'path': '/home/ram/Documents/ros2/src/basic_py_examples', 'symlink_install': False, 'test_result_base': None}
[3.647s] INFO:colcon.colcon_core.executor:Executing jobs using 'parallel' executor
[3.650s] DEBUG:colcon.colcon_parallel_executor.executor.parallel:run_until_complete
[3.650s] INFO:colcon.colcon_ros.task.ament_cmake.build:Building ROS package in '/home/ram/Documents/ros2/src/basic_description' with build type 'ament_cmake'
[3.651s] INFO:colcon.colcon_cmake.task.cmake.build:Building CMake package in '/home/ram/Documents/ros2/src/basic_description'
[3.663s] INFO:colcon.colcon_core.plugin_system:Skipping extension 'colcon_core.shell.bat': Not used on non-Windows systems
[3.663s] INFO:colcon.colcon_core.shell:Skip shell extension 'powershell' for command environment: Not usable outside of PowerShell
[3.663s] DEBUG:colcon.colcon_core.shell:Skip shell extension 'dsv' for command environment
[3.675s] INFO:colcon.colcon_ros.task.ament_python.build:Building ROS package in '/home/ram/Documents/ros2/src/basic_py_examples' with build type 'ament_python'
[3.675s] Level 1:colcon.colcon_core.shell:create_environment_hook('basic_py_examples', 'ament_prefix_path')
[3.676s] INFO:colcon.colcon_core.shell:Creating environment hook '/home/ram/Documents/ros2/install/basic_py_examples/share/basic_py_examples/hook/ament_prefix_path.ps1'
[3.677s] INFO:colcon.colcon_core.shell:Creating environment descriptor '/home/ram/Documents/ros2/install/basic_py_examples/share/basic_py_examples/hook/ament_prefix_path.dsv'
[3.678s] INFO:colcon.colcon_core.shell:Creating environment hook '/home/ram/Documents/ros2/install/basic_py_examples/share/basic_py_examples/hook/ament_prefix_path.sh'
[3.682s] INFO:colcon.colcon_core.shell:Skip shell extension 'powershell' for command environment: Not usable outside of PowerShell
[3.683s] DEBUG:colcon.colcon_core.shell:Skip shell extension 'dsv' for command environment
[4.601s] INFO:colcon.colcon_core.task.python.build:Building Python package in '/home/ram/Documents/ros2/src/basic_py_examples'
[4.602s] INFO:colcon.colcon_core.shell:Skip shell extension 'powershell' for command environment: Not usable outside of PowerShell
[4.602s] DEBUG:colcon.colcon_core.shell:Skip shell extension 'dsv' for command environment
[4.632s] DEBUG:colcon.colcon_core.event_handler.log_command:Invoking command in '/home/ram/Documents/ros2/build/basic_description': CMAKE_PREFIX_PATH=/opt/ros/humble /usr/bin/cmake --build /home/ram/Documents/ros2/build/basic_description -- -j4 -l4
[5.200s] DEBUG:colcon.colcon_core.event_handler.log_command:Invoked command in '/home/ram/Documents/ros2/build/basic_description' returned '0': CMAKE_PREFIX_PATH=/opt/ros/humble /usr/bin/cmake --build /home/ram/Documents/ros2/build/basic_description -- -j4 -l4
[5.232s] DEBUG:colcon.colcon_core.event_handler.log_command:Invoking command in '/home/ram/Documents/ros2/build/basic_description': CMAKE_PREFIX_PATH=/opt/ros/humble /usr/bin/cmake --install /home/ram/Documents/ros2/build/basic_description
[5.299s] Level 1:colcon.colcon_core.environment:create_environment_scripts_only(basic_description)
[5.306s] DEBUG:colcon.colcon_core.event_handler.log_command:Invoked command in '/home/ram/Documents/ros2/build/basic_description' returned '0': CMAKE_PREFIX_PATH=/opt/ros/humble /usr/bin/cmake --install /home/ram/Documents/ros2/build/basic_description
[5.318s] Level 1:colcon.colcon_core.environment:checking '/home/ram/Documents/ros2/install/basic_description' for CMake module files
[5.323s] Level 1:colcon.colcon_core.environment:checking '/home/ram/Documents/ros2/install/basic_description' for CMake config files
[5.324s] Level 1:colcon.colcon_core.shell:create_environment_hook('basic_description', 'cmake_prefix_path')
[5.326s] INFO:colcon.colcon_core.shell:Creating environment hook '/home/ram/Documents/ros2/install/basic_description/share/basic_description/hook/cmake_prefix_path.ps1'
[5.327s] INFO:colcon.colcon_core.shell:Creating environment descriptor '/home/ram/Documents/ros2/install/basic_description/share/basic_description/hook/cmake_prefix_path.dsv'
[5.328s] INFO:colcon.colcon_core.shell:Creating environment hook '/home/ram/Documents/ros2/install/basic_description/share/basic_description/hook/cmake_prefix_path.sh'
[5.330s] Level 1:colcon.colcon_core.environment:checking '/home/ram/Documents/ros2/install/basic_description/bin'
[5.331s] Level 1:colcon.colcon_core.environment:checking '/home/ram/Documents/ros2/install/basic_description/lib/pkgconfig/basic_description.pc'
[5.331s] Level 1:colcon.colcon_core.environment:checking '/home/ram/Documents/ros2/install/basic_description/lib/python3.10/site-packages'
[5.332s] Level 1:colcon.colcon_core.environment:checking '/home/ram/Documents/ros2/install/basic_description/bin'
[5.333s] INFO:colcon.colcon_core.shell:Creating package script '/home/ram/Documents/ros2/install/basic_description/share/basic_description/package.ps1'
[5.337s] INFO:colcon.colcon_core.shell:Creating package descriptor '/home/ram/Documents/ros2/install/basic_description/share/basic_description/package.dsv'
[5.340s] INFO:colcon.colcon_core.shell:Creating package script '/home/ram/Documents/ros2/install/basic_description/share/basic_description/package.sh'
[5.342s] INFO:colcon.colcon_core.shell:Creating package script '/home/ram/Documents/ros2/install/basic_description/share/basic_description/package.bash'
[5.345s] INFO:colcon.colcon_core.shell:Creating package script '/home/ram/Documents/ros2/install/basic_description/share/basic_description/package.zsh'
[5.347s] Level 1:colcon.colcon_core.environment:create_file_with_runtime_dependencies(/home/ram/Documents/ros2/install/basic_description/share/colcon-core/packages/basic_description)
[5.349s] Level 1:colcon.colcon_core.environment:create_environment_scripts_only(basic_description)
[5.350s] Level 1:colcon.colcon_core.environment:checking '/home/ram/Documents/ros2/install/basic_description' for CMake module files
[5.351s] Level 1:colcon.colcon_core.environment:checking '/home/ram/Documents/ros2/install/basic_description' for CMake config files
[5.352s] Level 1:colcon.colcon_core.shell:create_environment_hook('basic_description', 'cmake_prefix_path')
[5.353s] INFO:colcon.colcon_core.shell:Creating environment hook '/home/ram/Documents/ros2/install/basic_description/share/basic_description/hook/cmake_prefix_path.ps1'
[5.357s] INFO:colcon.colcon_core.shell:Creating environment descriptor '/home/ram/Documents/ros2/install/basic_description/share/basic_description/hook/cmake_prefix_path.dsv'
[5.358s] INFO:colcon.colcon_core.shell:Creating environment hook '/home/ram/Documents/ros2/install/basic_description/share/basic_description/hook/cmake_prefix_path.sh'
[5.360s] Level 1:colcon.colcon_core.environment:checking '/home/ram/Documents/ros2/install/basic_description/bin'
[5.360s] Level 1:colcon.colcon_core.environment:checking '/home/ram/Documents/ros2/install/basic_description/lib/pkgconfig/basic_description.pc'
[5.361s] Level 1:colcon.colcon_core.environment:checking '/home/ram/Documents/ros2/install/basic_description/lib/python3.10/site-packages'
[5.362s] Level 1:colcon.colcon_core.environment:checking '/home/ram/Documents/ros2/install/basic_description/bin'
[5.363s] INFO:colcon.colcon_core.shell:Creating package script '/home/ram/Documents/ros2/install/basic_description/share/basic_description/package.ps1'
[5.365s] INFO:colcon.colcon_core.shell:Creating package descriptor '/home/ram/Documents/ros2/install/basic_description/share/basic_description/package.dsv'
[5.366s] INFO:colcon.colcon_core.shell:Creating package script '/home/ram/Documents/ros2/install/basic_description/share/basic_description/package.sh'
[5.368s] INFO:colcon.colcon_core.shell:Creating package script '/home/ram/Documents/ros2/install/basic_description/share/basic_description/package.bash'
[5.371s] INFO:colcon.colcon_core.shell:Creating package script '/home/ram/Documents/ros2/install/basic_description/share/basic_description/package.zsh'
[5.373s] Level 1:colcon.colcon_core.environment:create_file_with_runtime_dependencies(/home/ram/Documents/ros2/install/basic_description/share/colcon-core/packages/basic_description)
[5.843s] DEBUG:colcon.colcon_core.event_handler.log_command:Invoking command in '/home/ram/Documents/ros2/src/basic_py_examples': PYTHONPATH=/home/ram/Documents/ros2/build/basic_py_examples/prefix_override:/usr/lib/python3/dist-packages/colcon_core/task/python/colcon_distutils_commands:/home/ram/Documents/ros2/install/basic_py_examples/lib/python3.10/site-packages:${PYTHONPATH} /usr/bin/python3 -W ignore:setup.py install is deprecated -W ignore:easy_install command is deprecated setup.py egg_info --egg-base ../../build/basic_py_examples build --build-base /home/ram/Documents/ros2/build/basic_py_examples/build install --record /home/ram/Documents/ros2/build/basic_py_examples/install.log --single-version-externally-managed install_data
[6.891s] Level 1:colcon.colcon_core.environment:checking '/home/ram/Documents/ros2/install/basic_py_examples' for CMake module files
[6.896s] DEBUG:colcon.colcon_core.event_handler.log_command:Invoked command in '/home/ram/Documents/ros2/src/basic_py_examples' returned '0': PYTHONPATH=/home/ram/Documents/ros2/build/basic_py_examples/prefix_override:/usr/lib/python3/dist-packages/colcon_core/task/python/colcon_distutils_commands:/home/ram/Documents/ros2/install/basic_py_examples/lib/python3.10/site-packages:${PYTHONPATH} /usr/bin/python3 -W ignore:setup.py install is deprecated -W ignore:easy_install command is deprecated setup.py egg_info --egg-base ../../build/basic_py_examples build --build-base /home/ram/Documents/ros2/build/basic_py_examples/build install --record /home/ram/Documents/ros2/build/basic_py_examples/install.log --single-version-externally-managed install_data
[6.896s] Level 1:colcon.colcon_core.environment:checking '/home/ram/Documents/ros2/install/basic_py_examples' for CMake config files
[6.897s] Level 1:colcon.colcon_core.environment:checking '/home/ram/Documents/ros2/install/basic_py_examples/lib'
[6.898s] Level 1:colcon.colcon_core.environment:checking '/home/ram/Documents/ros2/install/basic_py_examples/bin'
[6.898s] Level 1:colcon.colcon_core.environment:checking '/home/ram/Documents/ros2/install/basic_py_examples/lib/pkgconfig/basic_py_examples.pc'
[6.898s] Level 1:colcon.colcon_core.environment:checking '/home/ram/Documents/ros2/install/basic_py_examples/lib/python3.10/site-packages'
[6.899s] Level 1:colcon.colcon_core.shell:create_environment_hook('basic_py_examples', 'pythonpath')
[6.899s] INFO:colcon.colcon_core.shell:Creating environment hook '/home/ram/Documents/ros2/install/basic_py_examples/share/basic_py_examples/hook/pythonpath.ps1'
[6.901s] INFO:colcon.colcon_core.shell:Creating environment descriptor '/home/ram/Documents/ros2/install/basic_py_examples/share/basic_py_examples/hook/pythonpath.dsv'
[6.902s] INFO:colcon.colcon_core.shell:Creating environment hook '/home/ram/Documents/ros2/install/basic_py_examples/share/basic_py_examples/hook/pythonpath.sh'
[6.904s] Level 1:colcon.colcon_core.environment:checking '/home/ram/Documents/ros2/install/basic_py_examples/bin'
[6.904s] Level 1:colcon.colcon_core.environment:create_environment_scripts_only(basic_py_examples)
[6.905s] INFO:colcon.colcon_core.shell:Creating package script '/home/ram/Documents/ros2/install/basic_py_examples/share/basic_py_examples/package.ps1'
[6.908s] INFO:colcon.colcon_core.shell:Creating package descriptor '/home/ram/Documents/ros2/install/basic_py_examples/share/basic_py_examples/package.dsv'
[6.912s] INFO:colcon.colcon_core.shell:Creating package script '/home/ram/Documents/ros2/install/basic_py_examples/share/basic_py_examples/package.sh'
[6.920s] INFO:colcon.colcon_core.shell:Creating package script '/home/ram/Documents/ros2/install/basic_py_examples/share/basic_py_examples/package.bash'
[6.922s] INFO:colcon.colcon_core.shell:Creating package script '/home/ram/Documents/ros2/install/basic_py_examples/share/basic_py_examples/package.zsh'
[6.923s] Level 1:colcon.colcon_core.environment:create_file_with_runtime_dependencies(/home/ram/Documents/ros2/install/basic_py_examples/share/colcon-core/packages/basic_py_examples)
[6.924s] DEBUG:colcon.colcon_parallel_executor.executor.parallel:closing loop
[6.924s] DEBUG:colcon.colcon_parallel_executor.executor.parallel:loop closed
[6.925s] DEBUG:colcon.colcon_parallel_executor.executor.parallel:run_until_complete finished with '0'
[6.926s] DEBUG:colcon.colcon_core.event_reactor:joining thread
[7.023s] INFO:colcon.colcon_core.plugin_system:Skipping extension 'colcon_notification.desktop_notification.terminal_notifier': Not used on non-Darwin systems
[7.024s] INFO:colcon.colcon_core.plugin_system:Skipping extension 'colcon_notification.desktop_notification.win32': Not used on non-Windows systems
[7.024s] INFO:colcon.colcon_notification.desktop_notification:Sending desktop notification using 'notify2'
[7.062s] DEBUG:colcon.colcon_core.event_reactor:joined thread
[7.063s] INFO:colcon.colcon_core.shell:Creating prefix script '/home/ram/Documents/ros2/install/local_setup.ps1'
[7.069s] INFO:colcon.colcon_core.shell:Creating prefix util module '/home/ram/Documents/ros2/install/_local_setup_util_ps1.py'
[7.084s] INFO:colcon.colcon_core.shell:Creating prefix chain script '/home/ram/Documents/ros2/install/setup.ps1'
[7.092s] INFO:colcon.colcon_core.shell:Creating prefix script '/home/ram/Documents/ros2/install/local_setup.sh'
[7.096s] INFO:colcon.colcon_core.shell:Creating prefix util module '/home/ram/Documents/ros2/install/_local_setup_util_sh.py'
[7.099s] INFO:colcon.colcon_core.shell:Creating prefix chain script '/home/ram/Documents/ros2/install/setup.sh'
[7.102s] INFO:colcon.colcon_core.shell:Creating prefix script '/home/ram/Documents/ros2/install/local_setup.bash'
[7.105s] INFO:colcon.colcon_core.shell:Creating prefix chain script '/home/ram/Documents/ros2/install/setup.bash'
[7.111s] INFO:colcon.colcon_core.shell:Creating prefix script '/home/ram/Documents/ros2/install/local_setup.zsh'
[7.114s] INFO:colcon.colcon_core.shell:Creating prefix chain script '/home/ram/Documents/ros2/install/setup.zsh'
