[1.887s] Invoking command in '/home/ram/Documents/ROS---2/src/basic_py_examples': PYTHONPATH=/home/ram/Documents/ROS---2/build/basic_py_examples/prefix_override:/usr/lib/python3/dist-packages/colcon_core/task/python/colcon_distutils_commands:/home/ram/Documents/ROS---2/install/basic_py_examples/lib/python3.10/site-packages:${PYTHONPATH} /usr/bin/python3 -W ignore:setup.py install is deprecated -W ignore:easy_install command is deprecated setup.py egg_info --egg-base ../../build/basic_py_examples build --build-base /home/ram/Documents/ROS---2/build/basic_py_examples/build install --record /home/ram/Documents/ROS---2/build/basic_py_examples/install.log --single-version-externally-managed install_data
[2.512s] running egg_info
[2.514s] writing ../../build/basic_py_examples/basic_py_examples.egg-info/PKG-INFO
[2.514s] writing dependency_links to ../../build/basic_py_examples/basic_py_examples.egg-info/dependency_links.txt
[2.515s] writing entry points to ../../build/basic_py_examples/basic_py_examples.egg-info/entry_points.txt
[2.515s] writing requirements to ../../build/basic_py_examples/basic_py_examples.egg-info/requires.txt
[2.516s] writing top-level names to ../../build/basic_py_examples/basic_py_examples.egg-info/top_level.txt
[2.519s] reading manifest file '../../build/basic_py_examples/basic_py_examples.egg-info/SOURCES.txt'
[2.521s] writing manifest file '../../build/basic_py_examples/basic_py_examples.egg-info/SOURCES.txt'
[2.522s] running build
[2.523s] running build_py
[2.523s] running install
[2.523s] running install_lib
[2.526s] running install_data
[2.526s] running install_egg_info
[2.531s] removing '/home/ram/Documents/ROS---2/install/basic_py_examples/lib/python3.10/site-packages/basic_py_examples-0.0.0-py3.10.egg-info' (and everything under it)
[2.532s] Copying ../../build/basic_py_examples/basic_py_examples.egg-info to /home/ram/Documents/ROS---2/install/basic_py_examples/lib/python3.10/site-packages/basic_py_examples-0.0.0-py3.10.egg-info
[2.534s] running install_scripts
[2.574s] Installing parameters_demo script to /home/ram/Documents/ROS---2/install/basic_py_examples/lib/basic_py_examples
[2.575s] Installing simple_publisher script to /home/ram/Documents/ROS---2/install/basic_py_examples/lib/basic_py_examples
[2.575s] Installing simple_subscriber script to /home/ram/Documents/ROS---2/install/basic_py_examples/lib/basic_py_examples
[2.576s] writing list of installed files to '/home/ram/Documents/ROS---2/build/basic_py_examples/install.log'
[2.637s] Invoked command in '/home/ram/Documents/ROS---2/src/basic_py_examples' returned '0': PYTHONPATH=/home/ram/Documents/ROS---2/build/basic_py_examples/prefix_override:/usr/lib/python3/dist-packages/colcon_core/task/python/colcon_distutils_commands:/home/ram/Documents/ROS---2/install/basic_py_examples/lib/python3.10/site-packages:${PYTHONPATH} /usr/bin/python3 -W ignore:setup.py install is deprecated -W ignore:easy_install command is deprecated setup.py egg_info --egg-base ../../build/basic_py_examples build --build-base /home/ram/Documents/ROS---2/build/basic_py_examples/build install --record /home/ram/Documents/ROS---2/build/basic_py_examples/install.log --single-version-externally-managed install_data
