[0.537s] Invoking command in '/home/ram/Documents/ROS---2/build/conveyor_belt_system': CMAKE_PREFIX_PATH=${CMAKE_PREFIX_PATH}:/opt/ros/humble:/home/ram/Documents/ROS---2/install/lego_manipulation:/home/ram/Documents/ROS---2/install/basic_py_examples /usr/bin/cmake /home/ram/Documents/ROS---2/src/conveyor_belt_system -DCMAKE_INSTALL_PREFIX=/home/ram/Documents/ROS---2/install/conveyor_belt_system
[0.636s] -- The C compiler identification is GNU 11.4.0
[0.743s] -- The CXX compiler identification is GNU 11.4.0
[0.756s] -- Detecting C compiler ABI info
[0.889s] -- Detecting C compiler ABI info - done
[0.918s] -- Check for working C compiler: /usr/bin/cc - skipped
[0.918s] -- Detecting C compile features
[0.920s] -- Detecting C compile features - done
[0.928s] -- Detecting CXX compiler ABI info
[1.074s] -- Detecting CXX compiler ABI info - done
[1.100s] -- Check for working CXX compiler: /usr/bin/c++ - skipped
[1.101s] -- Detecting CXX compile features
[1.103s] -- Detecting CXX compile features - done
[1.107s] -- Found ament_cmake: 1.3.11 (/opt/ros/humble/share/ament_cmake/cmake)
[1.607s] -- Found Python3: /usr/bin/python3 (found version "3.10.12") found components: Interpreter 
[1.904s] -- Found rclcpp: 16.0.12 (/opt/ros/humble/share/rclcpp/cmake)
[2.259s] -- Found rosidl_generator_c: 3.1.6 (/opt/ros/humble/share/rosidl_generator_c/cmake)
[2.363s] -- Found rosidl_adapter: 3.1.6 (/opt/ros/humble/share/rosidl_adapter/cmake)
[2.434s] -- Found rosidl_generator_cpp: 3.1.6 (/opt/ros/humble/share/rosidl_generator_cpp/cmake)
[2.552s] -- Using all available rosidl_typesupport_c: rosidl_typesupport_fastrtps_c;rosidl_typesupport_introspection_c
[2.666s] -- Using all available rosidl_typesupport_cpp: rosidl_typesupport_fastrtps_cpp;rosidl_typesupport_introspection_cpp
[3.055s] -- Found rmw_implementation_cmake: 6.1.2 (/opt/ros/humble/share/rmw_implementation_cmake/cmake)
[3.086s] -- Found rmw_fastrtps_cpp: 6.2.7 (/opt/ros/humble/share/rmw_fastrtps_cpp/cmake)
[3.511s] -- Found OpenSSL: /usr/lib/x86_64-linux-gnu/libcrypto.so (found version "3.0.2")  
[3.607s] -- Found FastRTPS: /opt/ros/humble/include  
[3.689s] -- Using RMW implementation 'rmw_fastrtps_cpp' as default
[3.820s] -- Looking for pthread.h
[4.064s] -- Looking for pthread.h - found
[4.065s] -- Performing Test CMAKE_HAVE_LIBC_PTHREAD
[4.225s] -- Performing Test CMAKE_HAVE_LIBC_PTHREAD - Success
[4.227s] -- Found Threads: TRUE  
[4.519s] -- Found geometry_msgs: 4.8.0 (/opt/ros/humble/share/geometry_msgs/cmake)
[4.563s] -- Found sensor_msgs: 4.8.0 (/opt/ros/humble/share/sensor_msgs/cmake)
[4.676s] -- Found tf2: 0.25.12 (/opt/ros/humble/share/tf2/cmake)
[4.736s] -- Found tf2_ros: 0.25.12 (/opt/ros/humble/share/tf2_ros/cmake)
[5.101s] -- Found urdf: 2.6.1 (/opt/ros/humble/share/urdf/cmake)
[5.223s] -- Found xacro: 2.0.13 (/opt/ros/humble/share/xacro/cmake)
[5.261s] -- Found ament_lint_auto: 0.12.12 (/opt/ros/humble/share/ament_lint_auto/cmake)
[5.505s] -- Added test 'flake8' to check Python code syntax and style conventions
[5.507s] -- Added test 'lint_cmake' to check CMake code style
[5.509s] -- Added test 'pep257' to check Python code against some of the docstring style conventions in PEP 257
[5.515s] -- Added test 'xmllint' to check XML markup files
[5.520s] -- Configuring done
[5.533s] -- Generating done
[5.542s] -- Build files have been written to: /home/ram/Documents/ROS---2/build/conveyor_belt_system
[5.559s] Invoked command in '/home/ram/Documents/ROS---2/build/conveyor_belt_system' returned '0': CMAKE_PREFIX_PATH=${CMAKE_PREFIX_PATH}:/opt/ros/humble:/home/ram/Documents/ROS---2/install/lego_manipulation:/home/ram/Documents/ROS---2/install/basic_py_examples /usr/bin/cmake /home/ram/Documents/ROS---2/src/conveyor_belt_system -DCMAKE_INSTALL_PREFIX=/home/ram/Documents/ROS---2/install/conveyor_belt_system
[5.562s] Invoking command in '/home/ram/Documents/ROS---2/build/conveyor_belt_system': CMAKE_PREFIX_PATH=${CMAKE_PREFIX_PATH}:/opt/ros/humble:/home/ram/Documents/ROS---2/install/lego_manipulation:/home/ram/Documents/ROS---2/install/basic_py_examples /usr/bin/cmake --build /home/ram/Documents/ROS---2/build/conveyor_belt_system -- -j4 -l4
[5.628s] Invoked command in '/home/ram/Documents/ROS---2/build/conveyor_belt_system' returned '0': CMAKE_PREFIX_PATH=${CMAKE_PREFIX_PATH}:/opt/ros/humble:/home/ram/Documents/ROS---2/install/lego_manipulation:/home/ram/Documents/ROS---2/install/basic_py_examples /usr/bin/cmake --build /home/ram/Documents/ROS---2/build/conveyor_belt_system -- -j4 -l4
[5.630s] Invoking command in '/home/ram/Documents/ROS---2/build/conveyor_belt_system': CMAKE_PREFIX_PATH=${CMAKE_PREFIX_PATH}:/opt/ros/humble:/home/ram/Documents/ROS---2/install/lego_manipulation:/home/ram/Documents/ROS---2/install/basic_py_examples /usr/bin/cmake --install /home/ram/Documents/ROS---2/build/conveyor_belt_system
[5.643s] -- Install configuration: ""
[5.643s] -- Installing: /home/ram/Documents/ROS---2/install/conveyor_belt_system/share/conveyor_belt_system/urdf
[5.643s] -- Installing: /home/ram/Documents/ROS---2/install/conveyor_belt_system/share/conveyor_belt_system/urdf/robot_with_conveyor.xacro
[5.643s] -- Installing: /home/ram/Documents/ROS---2/install/conveyor_belt_system/share/conveyor_belt_system/urdf/conveyor_belt.xacro
[5.644s] -- Installing: /home/ram/Documents/ROS---2/install/conveyor_belt_system/share/conveyor_belt_system/launch
[5.644s] -- Installing: /home/ram/Documents/ROS---2/install/conveyor_belt_system/share/conveyor_belt_system/launch/robot_conveyor_demo.launch.py
[5.644s] -- Installing: /home/ram/Documents/ROS---2/install/conveyor_belt_system/share/conveyor_belt_system/rviz
[5.644s] -- Installing: /home/ram/Documents/ROS---2/install/conveyor_belt_system/share/conveyor_belt_system/rviz/robot_conveyor.rviz
[5.645s] -- Installing: /home/ram/Documents/ROS---2/install/conveyor_belt_system/share/ament_index/resource_index/package_run_dependencies/conveyor_belt_system
[5.645s] -- Installing: /home/ram/Documents/ROS---2/install/conveyor_belt_system/share/ament_index/resource_index/parent_prefix_path/conveyor_belt_system
[5.646s] -- Installing: /home/ram/Documents/ROS---2/install/conveyor_belt_system/share/conveyor_belt_system/environment/ament_prefix_path.sh
[5.646s] -- Installing: /home/ram/Documents/ROS---2/install/conveyor_belt_system/share/conveyor_belt_system/environment/ament_prefix_path.dsv
[5.646s] -- Installing: /home/ram/Documents/ROS---2/install/conveyor_belt_system/share/conveyor_belt_system/environment/path.sh
[5.647s] -- Installing: /home/ram/Documents/ROS---2/install/conveyor_belt_system/share/conveyor_belt_system/environment/path.dsv
[5.647s] -- Installing: /home/ram/Documents/ROS---2/install/conveyor_belt_system/share/conveyor_belt_system/local_setup.bash
[5.647s] -- Installing: /home/ram/Documents/ROS---2/install/conveyor_belt_system/share/conveyor_belt_system/local_setup.sh
[5.648s] -- Installing: /home/ram/Documents/ROS---2/install/conveyor_belt_system/share/conveyor_belt_system/local_setup.zsh
[5.648s] -- Installing: /home/ram/Documents/ROS---2/install/conveyor_belt_system/share/conveyor_belt_system/local_setup.dsv
[5.648s] -- Installing: /home/ram/Documents/ROS---2/install/conveyor_belt_system/share/conveyor_belt_system/package.dsv
[5.649s] -- Installing: /home/ram/Documents/ROS---2/install/conveyor_belt_system/share/ament_index/resource_index/packages/conveyor_belt_system
[5.649s] -- Installing: /home/ram/Documents/ROS---2/install/conveyor_belt_system/share/conveyor_belt_system/cmake/conveyor_belt_systemConfig.cmake
[5.650s] -- Installing: /home/ram/Documents/ROS---2/install/conveyor_belt_system/share/conveyor_belt_system/cmake/conveyor_belt_systemConfig-version.cmake
[5.650s] -- Installing: /home/ram/Documents/ROS---2/install/conveyor_belt_system/share/conveyor_belt_system/package.xml
[5.655s] Invoked command in '/home/ram/Documents/ROS---2/build/conveyor_belt_system' returned '0': CMAKE_PREFIX_PATH=${CMAKE_PREFIX_PATH}:/opt/ros/humble:/home/ram/Documents/ROS---2/install/lego_manipulation:/home/ram/Documents/ROS---2/install/basic_py_examples /usr/bin/cmake --install /home/ram/Documents/ROS---2/build/conveyor_belt_system
