[0.543s] Invoking command in '/home/ram/Documents/ros2/build/basic_description': /usr/bin/cmake --build /home/ram/Documents/ros2/build/basic_description -- -j4 -l4
[0.909s] -- Found ament_cmake: 1.3.11 (/opt/ros/humble/share/ament_cmake/cmake)
[1.516s] -- Configuring done
[1.580s] -- Generating done
[1.586s] -- Build files have been written to: /home/ram/Documents/ros2/build/basic_description
[1.630s] Invoked command in '/home/ram/Documents/ros2/build/basic_description' returned '0': /usr/bin/cmake --build /home/ram/Documents/ros2/build/basic_description -- -j4 -l4
[1.650s] Invoking command in '/home/ram/Documents/ros2/build/basic_description': /usr/bin/cmake --install /home/ram/Documents/ros2/build/basic_description
[1.665s] -- Install configuration: ""
[1.665s] -- Installing: /home/ram/Documents/ros2/install/basic_description/share/basic_description/urdf
[1.666s] -- Installing: /home/ram/Documents/ros2/install/basic_description/share/basic_description/urdf/basic_urdf.xacro
[1.666s] -- Installing: /home/ram/Documents/ros2/install/basic_description/share/basic_description/meshes
[1.667s] -- Installing: /home/ram/Documents/ros2/install/basic_description/share/basic_description/meshes/left_finger.STL
[1.667s] -- Installing: /home/ram/Documents/ros2/install/basic_description/share/basic_description/meshes/triangular_link.STL
[1.669s] -- Installing: /home/ram/Documents/ros2/install/basic_description/share/basic_description/meshes/basement.STL
[1.671s] -- Installing: /home/ram/Documents/ros2/install/basic_description/share/basic_description/meshes/claw_support.STL
[1.674s] -- Installing: /home/ram/Documents/ros2/install/basic_description/share/basic_description/meshes/forward_drive_arm.STL
[1.679s] -- Installing: /home/ram/Documents/ros2/install/basic_description/share/basic_description/meshes/round_plate.STL
[1.680s] -- Installing: /home/ram/Documents/ros2/install/basic_description/share/basic_description/meshes/base_plate.STL
[1.686s] -- Installing: /home/ram/Documents/ros2/install/basic_description/share/basic_description/meshes/plate.STL
[1.694s] -- Installing: /home/ram/Documents/ros2/install/basic_description/share/basic_description/meshes/vertical_drive_arm.STL
[1.695s] -- Installing: /home/ram/Documents/ros2/install/basic_description/share/basic_description/meshes/servo_plate.STL
[1.696s] -- Installing: /home/ram/Documents/ros2/install/basic_description/share/basic_description/meshes/right_finger.STL
[1.696s] -- Installing: /home/ram/Documents/ros2/install/basic_description/share/basic_description/meshes/horizontal_arm.STL
[1.700s] -- Installing: /home/ram/Documents/ros2/install/basic_description/share/basic_description/meshes/link.STL
[1.701s] -- Up-to-date: /home/ram/Documents/ros2/install/basic_description/share/ament_index/resource_index/package_run_dependencies/basic_description
[1.702s] -- Installing: /home/ram/Documents/ros2/install/basic_description/share/ament_index/resource_index/parent_prefix_path/basic_description
[1.702s] -- Up-to-date: /home/ram/Documents/ros2/install/basic_description/share/basic_description/environment/ament_prefix_path.sh
[1.704s] -- Installing: /home/ram/Documents/ros2/install/basic_description/share/basic_description/environment/ament_prefix_path.dsv
[1.704s] -- Up-to-date: /home/ram/Documents/ros2/install/basic_description/share/basic_description/environment/path.sh
[1.705s] -- Installing: /home/ram/Documents/ros2/install/basic_description/share/basic_description/environment/path.dsv
[1.707s] -- Up-to-date: /home/ram/Documents/ros2/install/basic_description/share/basic_description/local_setup.bash
[1.708s] -- Up-to-date: /home/ram/Documents/ros2/install/basic_description/share/basic_description/local_setup.sh
[1.708s] -- Up-to-date: /home/ram/Documents/ros2/install/basic_description/share/basic_description/local_setup.zsh
[1.708s] -- Installing: /home/ram/Documents/ros2/install/basic_description/share/basic_description/local_setup.dsv
[1.711s] -- Installing: /home/ram/Documents/ros2/install/basic_description/share/basic_description/package.dsv
[1.712s] -- Up-to-date: /home/ram/Documents/ros2/install/basic_description/share/ament_index/resource_index/packages/basic_description
[1.713s] -- Up-to-date: /home/ram/Documents/ros2/install/basic_description/share/basic_description/cmake/basic_descriptionConfig.cmake
[1.713s] -- Up-to-date: /home/ram/Documents/ros2/install/basic_description/share/basic_description/cmake/basic_descriptionConfig-version.cmake
[1.713s] -- Up-to-date: /home/ram/Documents/ros2/install/basic_description/share/basic_description/package.xml
[1.716s] Invoked command in '/home/ram/Documents/ros2/build/basic_description' returned '0': /usr/bin/cmake --install /home/ram/Documents/ros2/build/basic_description
