[0.064s] Invoking command in '/home/ram/Documents/ros2/build/basic_description': /usr/bin/cmake --build /home/ram/Documents/ros2/build/basic_description -- -j4 -l4
[0.663s] Invoked command in '/home/ram/Documents/ros2/build/basic_description' returned '0': /usr/bin/cmake --build /home/ram/Documents/ros2/build/basic_description -- -j4 -l4
[0.682s] Invoking command in '/home/ram/Documents/ros2/build/basic_description': /usr/bin/cmake --install /home/ram/Documents/ros2/build/basic_description
[0.703s] -- Install configuration: ""
[0.703s] -- Up-to-date: /home/ram/Documents/ros2/install/basic_description/share/basic_description/urdf
[0.704s] -- Up-to-date: /home/ram/Documents/ros2/install/basic_description/share/basic_description/urdf/basic_urdf.xacro
[0.704s] -- Up-to-date: /home/ram/Documents/ros2/install/basic_description/share/basic_description/meshes
[0.704s] -- Up-to-date: /home/ram/Documents/ros2/install/basic_description/share/basic_description/meshes/left_finger.STL
[0.704s] -- Up-to-date: /home/ram/Documents/ros2/install/basic_description/share/basic_description/meshes/triangular_link.STL
[0.707s] -- Up-to-date: /home/ram/Documents/ros2/install/basic_description/share/basic_description/meshes/basement.STL
[0.707s] -- Up-to-date: /home/ram/Documents/ros2/install/basic_description/share/basic_description/meshes/claw_support.STL
[0.708s] -- Up-to-date: /home/ram/Documents/ros2/install/basic_description/share/basic_description/meshes/forward_drive_arm.STL
[0.708s] -- Up-to-date: /home/ram/Documents/ros2/install/basic_description/share/basic_description/meshes/round_plate.STL
[0.708s] -- Up-to-date: /home/ram/Documents/ros2/install/basic_description/share/basic_description/meshes/base_plate.STL
[0.709s] -- Up-to-date: /home/ram/Documents/ros2/install/basic_description/share/basic_description/meshes/plate.STL
[0.709s] -- Up-to-date: /home/ram/Documents/ros2/install/basic_description/share/basic_description/meshes/vertical_drive_arm.STL
[0.709s] -- Up-to-date: /home/ram/Documents/ros2/install/basic_description/share/basic_description/meshes/servo_plate.STL
[0.710s] -- Up-to-date: /home/ram/Documents/ros2/install/basic_description/share/basic_description/meshes/right_finger.STL
[0.710s] -- Up-to-date: /home/ram/Documents/ros2/install/basic_description/share/basic_description/meshes/horizontal_arm.STL
[0.710s] -- Up-to-date: /home/ram/Documents/ros2/install/basic_description/share/basic_description/meshes/link.STL
[0.711s] -- Up-to-date: /home/ram/Documents/ros2/install/basic_description/share/ament_index/resource_index/package_run_dependencies/basic_description
[0.711s] -- Up-to-date: /home/ram/Documents/ros2/install/basic_description/share/ament_index/resource_index/parent_prefix_path/basic_description
[0.711s] -- Up-to-date: /home/ram/Documents/ros2/install/basic_description/share/basic_description/environment/ament_prefix_path.sh
[0.711s] -- Up-to-date: /home/ram/Documents/ros2/install/basic_description/share/basic_description/environment/ament_prefix_path.dsv
[0.712s] -- Up-to-date: /home/ram/Documents/ros2/install/basic_description/share/basic_description/environment/path.sh
[0.712s] -- Up-to-date: /home/ram/Documents/ros2/install/basic_description/share/basic_description/environment/path.dsv
[0.712s] -- Up-to-date: /home/ram/Documents/ros2/install/basic_description/share/basic_description/local_setup.bash
[0.714s] -- Up-to-date: /home/ram/Documents/ros2/install/basic_description/share/basic_description/local_setup.sh
[0.716s] -- Up-to-date: /home/ram/Documents/ros2/install/basic_description/share/basic_description/local_setup.zsh
[0.716s] -- Up-to-date: /home/ram/Documents/ros2/install/basic_description/share/basic_description/local_setup.dsv
[0.716s] -- Installing: /home/ram/Documents/ros2/install/basic_description/share/basic_description/package.dsv
[0.717s] -- Up-to-date: /home/ram/Documents/ros2/install/basic_description/share/ament_index/resource_index/packages/basic_description
[0.717s] -- Up-to-date: /home/ram/Documents/ros2/install/basic_description/share/basic_description/cmake/basic_descriptionConfig.cmake
[0.717s] -- Up-to-date: /home/ram/Documents/ros2/install/basic_description/share/basic_description/cmake/basic_descriptionConfig-version.cmake
[0.717s] -- Up-to-date: /home/ram/Documents/ros2/install/basic_description/share/basic_description/package.xml
[0.718s] Invoked command in '/home/ram/Documents/ros2/build/basic_description' returned '0': /usr/bin/cmake --install /home/ram/Documents/ros2/build/basic_description
