[1.998s] Invoking command in '/home/ram/Documents/ros2/src/basic_py_examples': PYTHONPATH=/home/ram/Documents/ros2/build/basic_py_examples/prefix_override:/usr/lib/python3/dist-packages/colcon_core/task/python/colcon_distutils_commands:/home/ram/Documents/ros2/install/basic_py_examples/lib/python3.10/site-packages: /usr/bin/python3 -W ignore:setup.py install is deprecated -W ignore:easy_install command is deprecated setup.py egg_info --egg-base ../../build/basic_py_examples build --build-base /home/ram/Documents/ros2/build/basic_py_examples/build install --record /home/ram/Documents/ros2/build/basic_py_examples/install.log --single-version-externally-managed install_data
[2.609s] running egg_info
[2.610s] writing ../../build/basic_py_examples/basic_py_examples.egg-info/PKG-INFO
[2.611s] writing dependency_links to ../../build/basic_py_examples/basic_py_examples.egg-info/dependency_links.txt
[2.611s] writing entry points to ../../build/basic_py_examples/basic_py_examples.egg-info/entry_points.txt
[2.612s] writing requirements to ../../build/basic_py_examples/basic_py_examples.egg-info/requires.txt
[2.612s] writing top-level names to ../../build/basic_py_examples/basic_py_examples.egg-info/top_level.txt
[2.625s] reading manifest file '../../build/basic_py_examples/basic_py_examples.egg-info/SOURCES.txt'
[2.654s] writing manifest file '../../build/basic_py_examples/basic_py_examples.egg-info/SOURCES.txt'
[2.655s] running build
[2.655s] running build_py
[2.657s] running install
[2.658s] running install_lib
[2.662s] running install_data
[2.662s] running install_egg_info
[2.671s] removing '/home/ram/Documents/ros2/install/basic_py_examples/lib/python3.10/site-packages/basic_py_examples-0.0.0-py3.10.egg-info' (and everything under it)
[2.673s] Copying ../../build/basic_py_examples/basic_py_examples.egg-info to /home/ram/Documents/ros2/install/basic_py_examples/lib/python3.10/site-packages/basic_py_examples-0.0.0-py3.10.egg-info
[2.676s] running install_scripts
[2.756s] Installing simple_publisher script to /home/ram/Documents/ros2/install/basic_py_examples/lib/basic_py_examples
[2.776s] Installing simple_subscriber script to /home/ram/Documents/ros2/install/basic_py_examples/lib/basic_py_examples
[2.811s] writing list of installed files to '/home/ram/Documents/ros2/build/basic_py_examples/install.log'
[2.890s] Invoked command in '/home/ram/Documents/ros2/src/basic_py_examples' returned '0': PYTHONPATH=/home/ram/Documents/ros2/build/basic_py_examples/prefix_override:/usr/lib/python3/dist-packages/colcon_core/task/python/colcon_distutils_commands:/home/ram/Documents/ros2/install/basic_py_examples/lib/python3.10/site-packages: /usr/bin/python3 -W ignore:setup.py install is deprecated -W ignore:easy_install command is deprecated setup.py egg_info --egg-base ../../build/basic_py_examples build --build-base /home/ram/Documents/ros2/build/basic_py_examples/build install --record /home/ram/Documents/ros2/build/basic_py_examples/install.log --single-version-externally-managed install_data
