[1.777s] Invoking command in '/home/ram/Documents/ros2/src/basic_py_examples': PYTHONPATH=/home/ram/Documents/ros2/build/basic_py_examples/prefix_override:/usr/lib/python3/dist-packages/colcon_core/task/python/colcon_distutils_commands:/home/ram/Documents/ros2/install/basic_py_examples/lib/python3.10/site-packages:${PYTHONPATH} /usr/bin/python3 -W ignore:setup.py install is deprecated -W ignore:easy_install command is deprecated setup.py egg_info --egg-base ../../build/basic_py_examples build --build-base /home/ram/Documents/ros2/build/basic_py_examples/build install --record /home/ram/Documents/ros2/build/basic_py_examples/install.log --single-version-externally-managed install_data
[2.284s] running egg_info
[2.285s] creating ../../build/basic_py_examples/basic_py_examples.egg-info
[2.285s] writing ../../build/basic_py_examples/basic_py_examples.egg-info/PKG-INFO
[2.286s] writing dependency_links to ../../build/basic_py_examples/basic_py_examples.egg-info/dependency_links.txt
[2.286s] writing entry points to ../../build/basic_py_examples/basic_py_examples.egg-info/entry_points.txt
[2.286s] writing requirements to ../../build/basic_py_examples/basic_py_examples.egg-info/requires.txt
[2.287s] writing top-level names to ../../build/basic_py_examples/basic_py_examples.egg-info/top_level.txt
[2.288s] writing manifest file '../../build/basic_py_examples/basic_py_examples.egg-info/SOURCES.txt'
[2.293s] reading manifest file '../../build/basic_py_examples/basic_py_examples.egg-info/SOURCES.txt'
[2.295s] writing manifest file '../../build/basic_py_examples/basic_py_examples.egg-info/SOURCES.txt'
[2.296s] running build
[2.296s] running build_py
[2.296s] creating /home/ram/Documents/ros2/build/basic_py_examples/build
[2.297s] creating /home/ram/Documents/ros2/build/basic_py_examples/build/lib
[2.297s] creating /home/ram/Documents/ros2/build/basic_py_examples/build/lib/basic_py_examples
[2.297s] copying basic_py_examples/__init__.py -> /home/ram/Documents/ros2/build/basic_py_examples/build/lib/basic_py_examples
[2.297s] running install
[2.298s] running install_lib
[2.299s] creating /home/ram/Documents/ros2/install/basic_py_examples/lib/python3.10/site-packages/basic_py_examples
[2.299s] copying /home/ram/Documents/ros2/build/basic_py_examples/build/lib/basic_py_examples/__init__.py -> /home/ram/Documents/ros2/install/basic_py_examples/lib/python3.10/site-packages/basic_py_examples
[2.300s] byte-compiling /home/ram/Documents/ros2/install/basic_py_examples/lib/python3.10/site-packages/basic_py_examples/__init__.py to __init__.cpython-310.pyc
[2.301s] running install_data
[2.301s] creating /home/ram/Documents/ros2/install/basic_py_examples/share/ament_index
[2.302s] creating /home/ram/Documents/ros2/install/basic_py_examples/share/ament_index/resource_index
[2.302s] creating /home/ram/Documents/ros2/install/basic_py_examples/share/ament_index/resource_index/packages
[2.302s] copying resource/basic_py_examples -> /home/ram/Documents/ros2/install/basic_py_examples/share/ament_index/resource_index/packages
[2.302s] copying package.xml -> /home/ram/Documents/ros2/install/basic_py_examples/share/basic_py_examples
[2.303s] running install_egg_info
[2.307s] Copying ../../build/basic_py_examples/basic_py_examples.egg-info to /home/ram/Documents/ros2/install/basic_py_examples/lib/python3.10/site-packages/basic_py_examples-0.0.0-py3.10.egg-info
[2.309s] running install_scripts
[2.365s] writing list of installed files to '/home/ram/Documents/ros2/build/basic_py_examples/install.log'
[2.414s] Invoked command in '/home/ram/Documents/ros2/src/basic_py_examples' returned '0': PYTHONPATH=/home/ram/Documents/ros2/build/basic_py_examples/prefix_override:/usr/lib/python3/dist-packages/colcon_core/task/python/colcon_distutils_commands:/home/ram/Documents/ros2/install/basic_py_examples/lib/python3.10/site-packages:${PYTHONPATH} /usr/bin/python3 -W ignore:setup.py install is deprecated -W ignore:easy_install command is deprecated setup.py egg_info --egg-base ../../build/basic_py_examples build --build-base /home/ram/Documents/ros2/build/basic_py_examples/build install --record /home/ram/Documents/ros2/build/basic_py_examples/install.log --single-version-externally-managed install_data
