[1.299s] DEBUG:colcon:Command line arguments: ['/usr/bin/colcon', 'build']
[1.299s] DEBUG:colcon:Parsed command line arguments: Namespace(log_base=None, log_level=None, verb_name='build', build_base='build', install_base='install', merge_install=False, symlink_install=False, test_result_base=None, continue_on_error=False, executor='parallel', parallel_workers=4, event_handlers=None, ignore_user_meta=False, metas=['./colcon.meta'], base_paths=['.'], packages_ignore=None, packages_ignore_regex=None, paths=None, packages_up_to=None, packages_up_to_regex=None, packages_above=None, packages_above_and_dependencies=None, packages_above_depth=None, packages_select_by_dep=None, packages_skip_by_dep=None, packages_skip_up_to=None, packages_select_build_failed=False, packages_skip_build_finished=False, packages_select_test_failures=False, packages_skip_test_passed=False, packages_select=None, packages_skip=None, packages_select_regex=None, packages_skip_regex=None, packages_start=None, packages_end=None, allow_overriding=[], cmake_args=None, cmake_target=None, cmake_target_skip_unavailable=False, cmake_clean_cache=False, cmake_clean_first=False, cmake_force_configure=False, ament_cmake_args=None, catkin_cmake_args=None, catkin_skip_building_tests=False, mixin_files=None, mixin=None, verb_parser=<colcon_mixin.mixin.mixin_argument.MixinArgumentDecorator object at 0x79ed79d2c820>, verb_extension=<colcon_core.verb.build.BuildVerb object at 0x79ed79d2c220>, main=<bound method BuildVerb.main of <colcon_core.verb.build.BuildVerb object at 0x79ed79d2c220>>, mixin_verb=('build',))
[2.189s] Level 1:colcon.colcon_core.package_discovery:discover_packages(colcon_meta) check parameters
[2.190s] Level 1:colcon.colcon_core.package_discovery:discover_packages(recursive) check parameters
[2.191s] Level 1:colcon.colcon_core.package_discovery:discover_packages(ignore) check parameters
[2.191s] Level 1:colcon.colcon_core.package_discovery:discover_packages(path) check parameters
[2.192s] Level 1:colcon.colcon_core.package_discovery:discover_packages(colcon_meta) discover
[2.192s] Level 1:colcon.colcon_core.package_discovery:discover_packages(recursive) discover
[2.192s] INFO:colcon.colcon_core.package_discovery:Crawling recursively for packages in '/home/ram/Documents/ros2'
[2.193s] Level 1:colcon.colcon_core.package_identification:_identify(.) by extensions ['ignore', 'ignore_ament_install']
[2.194s] Level 1:colcon.colcon_core.package_identification:_identify(.) by extension 'ignore'
[2.194s] Level 1:colcon.colcon_core.package_identification:_identify(.) by extension 'ignore_ament_install'
[2.195s] Level 1:colcon.colcon_core.package_identification:_identify(.) by extensions ['colcon_pkg']
[2.195s] Level 1:colcon.colcon_core.package_identification:_identify(.) by extension 'colcon_pkg'
[2.195s] Level 1:colcon.colcon_core.package_identification:_identify(.) by extensions ['colcon_meta']
[2.196s] Level 1:colcon.colcon_core.package_identification:_identify(.) by extension 'colcon_meta'
[2.196s] Level 1:colcon.colcon_core.package_identification:_identify(.) by extensions ['ros']
[2.196s] Level 1:colcon.colcon_core.package_identification:_identify(.) by extension 'ros'
[2.244s] Level 1:colcon.colcon_core.package_identification:_identify(.) by extensions ['cmake', 'python']
[2.245s] Level 1:colcon.colcon_core.package_identification:_identify(.) by extension 'cmake'
[2.245s] Level 1:colcon.colcon_core.package_identification:_identify(.) by extension 'python'
[2.245s] Level 1:colcon.colcon_core.package_identification:_identify(.) by extensions ['python_setup_py']
[2.245s] Level 1:colcon.colcon_core.package_identification:_identify(.) by extension 'python_setup_py'
[2.255s] Level 1:colcon.colcon_core.package_identification:_identify(build) by extensions ['ignore', 'ignore_ament_install']
[2.255s] Level 1:colcon.colcon_core.package_identification:_identify(build) by extension 'ignore'
[2.256s] Level 1:colcon.colcon_core.package_identification:_identify(build) ignored
[2.257s] Level 1:colcon.colcon_core.package_identification:_identify(install) by extensions ['ignore', 'ignore_ament_install']
[2.258s] Level 1:colcon.colcon_core.package_identification:_identify(install) by extension 'ignore'
[2.258s] Level 1:colcon.colcon_core.package_identification:_identify(install) ignored
[2.258s] Level 1:colcon.colcon_core.package_identification:_identify(log) by extensions ['ignore', 'ignore_ament_install']
[2.258s] Level 1:colcon.colcon_core.package_identification:_identify(log) by extension 'ignore'
[2.259s] Level 1:colcon.colcon_core.package_identification:_identify(log) ignored
[2.259s] Level 1:colcon.colcon_core.package_identification:_identify(src) by extensions ['ignore', 'ignore_ament_install']
[2.259s] Level 1:colcon.colcon_core.package_identification:_identify(src) by extension 'ignore'
[2.260s] Level 1:colcon.colcon_core.package_identification:_identify(src) by extension 'ignore_ament_install'
[2.260s] Level 1:colcon.colcon_core.package_identification:_identify(src) by extensions ['colcon_pkg']
[2.260s] Level 1:colcon.colcon_core.package_identification:_identify(src) by extension 'colcon_pkg'
[2.260s] Level 1:colcon.colcon_core.package_identification:_identify(src) by extensions ['colcon_meta']
[2.261s] Level 1:colcon.colcon_core.package_identification:_identify(src) by extension 'colcon_meta'
[2.261s] Level 1:colcon.colcon_core.package_identification:_identify(src) by extensions ['ros']
[2.261s] Level 1:colcon.colcon_core.package_identification:_identify(src) by extension 'ros'
[2.261s] Level 1:colcon.colcon_core.package_identification:_identify(src) by extensions ['cmake', 'python']
[2.261s] Level 1:colcon.colcon_core.package_identification:_identify(src) by extension 'cmake'
[2.262s] Level 1:colcon.colcon_core.package_identification:_identify(src) by extension 'python'
[2.262s] Level 1:colcon.colcon_core.package_identification:_identify(src) by extensions ['python_setup_py']
[2.262s] Level 1:colcon.colcon_core.package_identification:_identify(src) by extension 'python_setup_py'
[2.262s] Level 1:colcon.colcon_core.package_identification:_identify(src/basic_description) by extensions ['ignore', 'ignore_ament_install']
[2.262s] Level 1:colcon.colcon_core.package_identification:_identify(src/basic_description) by extension 'ignore'
[2.263s] Level 1:colcon.colcon_core.package_identification:_identify(src/basic_description) by extension 'ignore_ament_install'
[2.263s] Level 1:colcon.colcon_core.package_identification:_identify(src/basic_description) by extensions ['colcon_pkg']
[2.263s] Level 1:colcon.colcon_core.package_identification:_identify(src/basic_description) by extension 'colcon_pkg'
[2.263s] Level 1:colcon.colcon_core.package_identification:_identify(src/basic_description) by extensions ['colcon_meta']
[2.263s] Level 1:colcon.colcon_core.package_identification:_identify(src/basic_description) by extension 'colcon_meta'
[2.263s] Level 1:colcon.colcon_core.package_identification:_identify(src/basic_description) by extensions ['ros']
[2.263s] Level 1:colcon.colcon_core.package_identification:_identify(src/basic_description) by extension 'ros'
[2.280s] DEBUG:colcon.colcon_core.package_identification:Package 'src/basic_description' with type 'ros.ament_cmake' and name 'basic_description'
[2.280s] Level 1:colcon.colcon_core.package_identification:_identify(src/basic_py_examples) by extensions ['ignore', 'ignore_ament_install']
[2.280s] Level 1:colcon.colcon_core.package_identification:_identify(src/basic_py_examples) by extension 'ignore'
[2.280s] Level 1:colcon.colcon_core.package_identification:_identify(src/basic_py_examples) by extension 'ignore_ament_install'
[2.281s] Level 1:colcon.colcon_core.package_identification:_identify(src/basic_py_examples) by extensions ['colcon_pkg']
[2.281s] Level 1:colcon.colcon_core.package_identification:_identify(src/basic_py_examples) by extension 'colcon_pkg'
[2.281s] Level 1:colcon.colcon_core.package_identification:_identify(src/basic_py_examples) by extensions ['colcon_meta']
[2.281s] Level 1:colcon.colcon_core.package_identification:_identify(src/basic_py_examples) by extension 'colcon_meta'
[2.281s] Level 1:colcon.colcon_core.package_identification:_identify(src/basic_py_examples) by extensions ['ros']
[2.281s] Level 1:colcon.colcon_core.package_identification:_identify(src/basic_py_examples) by extension 'ros'
[2.282s] DEBUG:colcon.colcon_core.package_identification:Package 'src/basic_py_examples' with type 'ros.ament_python' and name 'basic_py_examples'
[2.282s] Level 1:colcon.colcon_core.package_discovery:discover_packages(recursive) using defaults
[2.282s] Level 1:colcon.colcon_core.package_discovery:discover_packages(ignore) discover
[2.283s] Level 1:colcon.colcon_core.package_discovery:discover_packages(ignore) using defaults
[2.283s] Level 1:colcon.colcon_core.package_discovery:discover_packages(path) discover
[2.283s] Level 1:colcon.colcon_core.package_discovery:discover_packages(path) using defaults
[2.417s] Level 1:colcon.colcon_core.package_discovery:discover_packages(prefix_path) check parameters
[2.417s] Level 1:colcon.colcon_core.package_discovery:discover_packages(prefix_path) discover
[2.421s] Level 1:colcon.colcon_core.package_discovery:discover_packages(prefix_path) using defaults
[2.428s] Level 5:colcon.colcon_core.verb:set package 'basic_description' build argument 'cmake_args' from command line to 'None'
[2.429s] Level 5:colcon.colcon_core.verb:set package 'basic_description' build argument 'cmake_target' from command line to 'None'
[2.429s] Level 5:colcon.colcon_core.verb:set package 'basic_description' build argument 'cmake_target_skip_unavailable' from command line to 'False'
[2.429s] Level 5:colcon.colcon_core.verb:set package 'basic_description' build argument 'cmake_clean_cache' from command line to 'False'
[2.429s] Level 5:colcon.colcon_core.verb:set package 'basic_description' build argument 'cmake_clean_first' from command line to 'False'
[2.429s] Level 5:colcon.colcon_core.verb:set package 'basic_description' build argument 'cmake_force_configure' from command line to 'False'
[2.429s] Level 5:colcon.colcon_core.verb:set package 'basic_description' build argument 'ament_cmake_args' from command line to 'None'
[2.429s] Level 5:colcon.colcon_core.verb:set package 'basic_description' build argument 'catkin_cmake_args' from command line to 'None'
[2.429s] Level 5:colcon.colcon_core.verb:set package 'basic_description' build argument 'catkin_skip_building_tests' from command line to 'False'
[2.429s] DEBUG:colcon.colcon_core.verb:Building package 'basic_description' with the following arguments: {'ament_cmake_args': None, 'build_base': '/home/ram/Documents/ros2/build/basic_description', 'catkin_cmake_args': None, 'catkin_skip_building_tests': False, 'cmake_args': None, 'cmake_clean_cache': False, 'cmake_clean_first': False, 'cmake_force_configure': False, 'cmake_target': None, 'cmake_target_skip_unavailable': False, 'install_base': '/home/ram/Documents/ros2/install/basic_description', 'merge_install': False, 'path': '/home/ram/Documents/ros2/src/basic_description', 'symlink_install': False, 'test_result_base': None}
[2.430s] Level 5:colcon.colcon_core.verb:set package 'basic_py_examples' build argument 'cmake_args' from command line to 'None'
[2.430s] Level 5:colcon.colcon_core.verb:set package 'basic_py_examples' build argument 'cmake_target' from command line to 'None'
[2.430s] Level 5:colcon.colcon_core.verb:set package 'basic_py_examples' build argument 'cmake_target_skip_unavailable' from command line to 'False'
[2.430s] Level 5:colcon.colcon_core.verb:set package 'basic_py_examples' build argument 'cmake_clean_cache' from command line to 'False'
[2.430s] Level 5:colcon.colcon_core.verb:set package 'basic_py_examples' build argument 'cmake_clean_first' from command line to 'False'
[2.430s] Level 5:colcon.colcon_core.verb:set package 'basic_py_examples' build argument 'cmake_force_configure' from command line to 'False'
[2.430s] Level 5:colcon.colcon_core.verb:set package 'basic_py_examples' build argument 'ament_cmake_args' from command line to 'None'
[2.430s] Level 5:colcon.colcon_core.verb:set package 'basic_py_examples' build argument 'catkin_cmake_args' from command line to 'None'
[2.430s] Level 5:colcon.colcon_core.verb:set package 'basic_py_examples' build argument 'catkin_skip_building_tests' from command line to 'False'
[2.430s] DEBUG:colcon.colcon_core.verb:Building package 'basic_py_examples' with the following arguments: {'ament_cmake_args': None, 'build_base': '/home/ram/Documents/ros2/build/basic_py_examples', 'catkin_cmake_args': None, 'catkin_skip_building_tests': False, 'cmake_args': None, 'cmake_clean_cache': False, 'cmake_clean_first': False, 'cmake_force_configure': False, 'cmake_target': None, 'cmake_target_skip_unavailable': False, 'install_base': '/home/ram/Documents/ros2/install/basic_py_examples', 'merge_install': False, 'path': '/home/ram/Documents/ros2/src/basic_py_examples', 'symlink_install': False, 'test_result_base': None}
[2.431s] INFO:colcon.colcon_core.executor:Executing jobs using 'parallel' executor
[2.432s] DEBUG:colcon.colcon_parallel_executor.executor.parallel:run_until_complete
[2.433s] INFO:colcon.colcon_ros.task.ament_cmake.build:Building ROS package in '/home/ram/Documents/ros2/src/basic_description' with build type 'ament_cmake'
[2.433s] INFO:colcon.colcon_cmake.task.cmake.build:Building CMake package in '/home/ram/Documents/ros2/src/basic_description'
[2.453s] INFO:colcon.colcon_core.plugin_system:Skipping extension 'colcon_core.shell.bat': Not used on non-Windows systems
[2.453s] INFO:colcon.colcon_core.shell:Skip shell extension 'powershell' for command environment: Not usable outside of PowerShell
[2.453s] DEBUG:colcon.colcon_core.shell:Skip shell extension 'dsv' for command environment
[2.466s] INFO:colcon.colcon_ros.task.ament_python.build:Building ROS package in '/home/ram/Documents/ros2/src/basic_py_examples' with build type 'ament_python'
[2.467s] Level 1:colcon.colcon_core.shell:create_environment_hook('basic_py_examples', 'ament_prefix_path')
[2.467s] INFO:colcon.colcon_core.shell:Creating environment hook '/home/ram/Documents/ros2/install/basic_py_examples/share/basic_py_examples/hook/ament_prefix_path.ps1'
[2.468s] INFO:colcon.colcon_core.shell:Creating environment descriptor '/home/ram/Documents/ros2/install/basic_py_examples/share/basic_py_examples/hook/ament_prefix_path.dsv'
[2.469s] INFO:colcon.colcon_core.shell:Creating environment hook '/home/ram/Documents/ros2/install/basic_py_examples/share/basic_py_examples/hook/ament_prefix_path.sh'
[2.471s] INFO:colcon.colcon_core.shell:Skip shell extension 'powershell' for command environment: Not usable outside of PowerShell
[2.471s] DEBUG:colcon.colcon_core.shell:Skip shell extension 'dsv' for command environment
[2.955s] INFO:colcon.colcon_core.task.python.build:Building Python package in '/home/ram/Documents/ros2/src/basic_py_examples'
[2.956s] INFO:colcon.colcon_core.shell:Skip shell extension 'powershell' for command environment: Not usable outside of PowerShell
[2.956s] DEBUG:colcon.colcon_core.shell:Skip shell extension 'dsv' for command environment
[2.977s] DEBUG:colcon.colcon_core.event_handler.log_command:Invoking command in '/home/ram/Documents/ros2/build/basic_description': /usr/bin/cmake --build /home/ram/Documents/ros2/build/basic_description -- -j4 -l4
[3.901s] DEBUG:colcon.colcon_core.event_handler.log_command:Invoking command in '/home/ram/Documents/ros2/src/basic_py_examples': PYTHONPATH=/home/ram/Documents/ros2/build/basic_py_examples/prefix_override:/usr/lib/python3/dist-packages/colcon_core/task/python/colcon_distutils_commands:/home/ram/Documents/ros2/install/basic_py_examples/lib/python3.10/site-packages: /usr/bin/python3 -W ignore:setup.py install is deprecated -W ignore:easy_install command is deprecated setup.py egg_info --egg-base ../../build/basic_py_examples build --build-base /home/ram/Documents/ros2/build/basic_py_examples/build install --record /home/ram/Documents/ros2/build/basic_py_examples/install.log --single-version-externally-managed install_data
[4.065s] DEBUG:colcon.colcon_core.event_handler.log_command:Invoked command in '/home/ram/Documents/ros2/build/basic_description' returned '0': /usr/bin/cmake --build /home/ram/Documents/ros2/build/basic_description -- -j4 -l4
[4.085s] DEBUG:colcon.colcon_core.event_handler.log_command:Invoking command in '/home/ram/Documents/ros2/build/basic_description': /usr/bin/cmake --install /home/ram/Documents/ros2/build/basic_description
[4.149s] Level 1:colcon.colcon_core.environment:create_environment_scripts_only(basic_description)
[4.150s] DEBUG:colcon.colcon_core.event_handler.log_command:Invoked command in '/home/ram/Documents/ros2/build/basic_description' returned '0': /usr/bin/cmake --install /home/ram/Documents/ros2/build/basic_description
[4.289s] Level 1:colcon.colcon_core.environment:checking '/home/ram/Documents/ros2/install/basic_description' for CMake module files
[4.291s] Level 1:colcon.colcon_core.environment:checking '/home/ram/Documents/ros2/install/basic_description' for CMake config files
[4.295s] Level 1:colcon.colcon_core.shell:create_environment_hook('basic_description', 'cmake_prefix_path')
[4.295s] INFO:colcon.colcon_core.shell:Creating environment hook '/home/ram/Documents/ros2/install/basic_description/share/basic_description/hook/cmake_prefix_path.ps1'
[4.298s] INFO:colcon.colcon_core.shell:Creating environment descriptor '/home/ram/Documents/ros2/install/basic_description/share/basic_description/hook/cmake_prefix_path.dsv'
[4.299s] INFO:colcon.colcon_core.shell:Creating environment hook '/home/ram/Documents/ros2/install/basic_description/share/basic_description/hook/cmake_prefix_path.sh'
[4.303s] Level 1:colcon.colcon_core.environment:checking '/home/ram/Documents/ros2/install/basic_description/bin'
[4.307s] Level 1:colcon.colcon_core.environment:checking '/home/ram/Documents/ros2/install/basic_description/lib/pkgconfig/basic_description.pc'
[4.313s] Level 1:colcon.colcon_core.environment:checking '/home/ram/Documents/ros2/install/basic_description/lib/python3.10/site-packages'
[4.314s] Level 1:colcon.colcon_core.environment:checking '/home/ram/Documents/ros2/install/basic_description/bin'
[4.314s] INFO:colcon.colcon_core.shell:Creating package script '/home/ram/Documents/ros2/install/basic_description/share/basic_description/package.ps1'
[4.366s] INFO:colcon.colcon_core.shell:Creating package descriptor '/home/ram/Documents/ros2/install/basic_description/share/basic_description/package.dsv'
[4.401s] INFO:colcon.colcon_core.shell:Creating package script '/home/ram/Documents/ros2/install/basic_description/share/basic_description/package.sh'
[4.403s] INFO:colcon.colcon_core.shell:Creating package script '/home/ram/Documents/ros2/install/basic_description/share/basic_description/package.bash'
[4.405s] INFO:colcon.colcon_core.shell:Creating package script '/home/ram/Documents/ros2/install/basic_description/share/basic_description/package.zsh'
[4.425s] Level 1:colcon.colcon_core.environment:create_file_with_runtime_dependencies(/home/ram/Documents/ros2/install/basic_description/share/colcon-core/packages/basic_description)
[4.427s] Level 1:colcon.colcon_core.environment:create_environment_scripts_only(basic_description)
[4.427s] Level 1:colcon.colcon_core.environment:checking '/home/ram/Documents/ros2/install/basic_description' for CMake module files
[4.428s] Level 1:colcon.colcon_core.environment:checking '/home/ram/Documents/ros2/install/basic_description' for CMake config files
[4.429s] Level 1:colcon.colcon_core.shell:create_environment_hook('basic_description', 'cmake_prefix_path')
[4.429s] INFO:colcon.colcon_core.shell:Creating environment hook '/home/ram/Documents/ros2/install/basic_description/share/basic_description/hook/cmake_prefix_path.ps1'
[4.430s] INFO:colcon.colcon_core.shell:Creating environment descriptor '/home/ram/Documents/ros2/install/basic_description/share/basic_description/hook/cmake_prefix_path.dsv'
[4.431s] INFO:colcon.colcon_core.shell:Creating environment hook '/home/ram/Documents/ros2/install/basic_description/share/basic_description/hook/cmake_prefix_path.sh'
[4.432s] Level 1:colcon.colcon_core.environment:checking '/home/ram/Documents/ros2/install/basic_description/bin'
[4.432s] Level 1:colcon.colcon_core.environment:checking '/home/ram/Documents/ros2/install/basic_description/lib/pkgconfig/basic_description.pc'
[4.433s] Level 1:colcon.colcon_core.environment:checking '/home/ram/Documents/ros2/install/basic_description/lib/python3.10/site-packages'
[4.433s] Level 1:colcon.colcon_core.environment:checking '/home/ram/Documents/ros2/install/basic_description/bin'
[4.434s] INFO:colcon.colcon_core.shell:Creating package script '/home/ram/Documents/ros2/install/basic_description/share/basic_description/package.ps1'
[4.435s] INFO:colcon.colcon_core.shell:Creating package descriptor '/home/ram/Documents/ros2/install/basic_description/share/basic_description/package.dsv'
[4.436s] INFO:colcon.colcon_core.shell:Creating package script '/home/ram/Documents/ros2/install/basic_description/share/basic_description/package.sh'
[4.438s] INFO:colcon.colcon_core.shell:Creating package script '/home/ram/Documents/ros2/install/basic_description/share/basic_description/package.bash'
[4.440s] INFO:colcon.colcon_core.shell:Creating package script '/home/ram/Documents/ros2/install/basic_description/share/basic_description/package.zsh'
[4.443s] Level 1:colcon.colcon_core.environment:create_file_with_runtime_dependencies(/home/ram/Documents/ros2/install/basic_description/share/colcon-core/packages/basic_description)
[4.598s] Level 1:colcon.colcon_core.environment:checking '/home/ram/Documents/ros2/install/basic_py_examples' for CMake module files
[4.599s] DEBUG:colcon.colcon_core.event_handler.log_command:Invoked command in '/home/ram/Documents/ros2/src/basic_py_examples' returned '0': PYTHONPATH=/home/ram/Documents/ros2/build/basic_py_examples/prefix_override:/usr/lib/python3/dist-packages/colcon_core/task/python/colcon_distutils_commands:/home/ram/Documents/ros2/install/basic_py_examples/lib/python3.10/site-packages: /usr/bin/python3 -W ignore:setup.py install is deprecated -W ignore:easy_install command is deprecated setup.py egg_info --egg-base ../../build/basic_py_examples build --build-base /home/ram/Documents/ros2/build/basic_py_examples/build install --record /home/ram/Documents/ros2/build/basic_py_examples/install.log --single-version-externally-managed install_data
[4.600s] Level 1:colcon.colcon_core.environment:checking '/home/ram/Documents/ros2/install/basic_py_examples' for CMake config files
[4.601s] Level 1:colcon.colcon_core.environment:checking '/home/ram/Documents/ros2/install/basic_py_examples/lib'
[4.602s] Level 1:colcon.colcon_core.environment:checking '/home/ram/Documents/ros2/install/basic_py_examples/bin'
[4.602s] Level 1:colcon.colcon_core.environment:checking '/home/ram/Documents/ros2/install/basic_py_examples/lib/pkgconfig/basic_py_examples.pc'
[4.602s] Level 1:colcon.colcon_core.environment:checking '/home/ram/Documents/ros2/install/basic_py_examples/lib/python3.10/site-packages'
[4.602s] Level 1:colcon.colcon_core.shell:create_environment_hook('basic_py_examples', 'pythonpath')
[4.603s] INFO:colcon.colcon_core.shell:Creating environment hook '/home/ram/Documents/ros2/install/basic_py_examples/share/basic_py_examples/hook/pythonpath.ps1'
[4.604s] INFO:colcon.colcon_core.shell:Creating environment descriptor '/home/ram/Documents/ros2/install/basic_py_examples/share/basic_py_examples/hook/pythonpath.dsv'
[4.604s] INFO:colcon.colcon_core.shell:Creating environment hook '/home/ram/Documents/ros2/install/basic_py_examples/share/basic_py_examples/hook/pythonpath.sh'
[4.607s] Level 1:colcon.colcon_core.environment:checking '/home/ram/Documents/ros2/install/basic_py_examples/bin'
[4.607s] Level 1:colcon.colcon_core.environment:create_environment_scripts_only(basic_py_examples)
[4.608s] INFO:colcon.colcon_core.shell:Creating package script '/home/ram/Documents/ros2/install/basic_py_examples/share/basic_py_examples/package.ps1'
[4.610s] INFO:colcon.colcon_core.shell:Creating package descriptor '/home/ram/Documents/ros2/install/basic_py_examples/share/basic_py_examples/package.dsv'
[4.611s] INFO:colcon.colcon_core.shell:Creating package script '/home/ram/Documents/ros2/install/basic_py_examples/share/basic_py_examples/package.sh'
[4.612s] INFO:colcon.colcon_core.shell:Creating package script '/home/ram/Documents/ros2/install/basic_py_examples/share/basic_py_examples/package.bash'
[4.613s] INFO:colcon.colcon_core.shell:Creating package script '/home/ram/Documents/ros2/install/basic_py_examples/share/basic_py_examples/package.zsh'
[4.614s] Level 1:colcon.colcon_core.environment:create_file_with_runtime_dependencies(/home/ram/Documents/ros2/install/basic_py_examples/share/colcon-core/packages/basic_py_examples)
[4.614s] DEBUG:colcon.colcon_parallel_executor.executor.parallel:closing loop
[4.615s] DEBUG:colcon.colcon_parallel_executor.executor.parallel:loop closed
[4.615s] DEBUG:colcon.colcon_parallel_executor.executor.parallel:run_until_complete finished with '0'
[4.615s] DEBUG:colcon.colcon_core.event_reactor:joining thread
[4.690s] INFO:colcon.colcon_core.plugin_system:Skipping extension 'colcon_notification.desktop_notification.terminal_notifier': Not used on non-Darwin systems
[4.691s] INFO:colcon.colcon_core.plugin_system:Skipping extension 'colcon_notification.desktop_notification.win32': Not used on non-Windows systems
[4.691s] INFO:colcon.colcon_notification.desktop_notification:Sending desktop notification using 'notify2'
[4.722s] DEBUG:colcon.colcon_core.event_reactor:joined thread
[4.723s] INFO:colcon.colcon_core.shell:Creating prefix script '/home/ram/Documents/ros2/install/local_setup.ps1'
[4.754s] INFO:colcon.colcon_core.shell:Creating prefix util module '/home/ram/Documents/ros2/install/_local_setup_util_ps1.py'
[4.792s] INFO:colcon.colcon_core.shell:Creating prefix chain script '/home/ram/Documents/ros2/install/setup.ps1'
[4.795s] INFO:colcon.colcon_core.shell:Creating prefix script '/home/ram/Documents/ros2/install/local_setup.sh'
[4.822s] INFO:colcon.colcon_core.shell:Creating prefix util module '/home/ram/Documents/ros2/install/_local_setup_util_sh.py'
[4.827s] INFO:colcon.colcon_core.shell:Creating prefix chain script '/home/ram/Documents/ros2/install/setup.sh'
[4.860s] INFO:colcon.colcon_core.shell:Creating prefix script '/home/ram/Documents/ros2/install/local_setup.bash'
[4.893s] INFO:colcon.colcon_core.shell:Creating prefix chain script '/home/ram/Documents/ros2/install/setup.bash'
[4.898s] INFO:colcon.colcon_core.shell:Creating prefix script '/home/ram/Documents/ros2/install/local_setup.zsh'
[4.925s] INFO:colcon.colcon_core.shell:Creating prefix chain script '/home/ram/Documents/ros2/install/setup.zsh'
